#
# There is insufficient memory for the Java Runtime Environment to continue.
# Native memory allocation (malloc) failed to allocate 1316144 bytes. Error detail: Chunk::new
# Possible reasons:
#   The system is out of physical RAM or swap space
#   This process is running with CompressedOops enabled, and the Java Heap may be blocking the growth of the native heap
# Possible solutions:
#   Reduce memory load on the system
#   Increase physical memory or swap space
#   Check if swap backing store is full
#   Decrease Java heap size (-Xmx/-Xms)
#   Decrease number of Java threads
#   Decrease Java thread stack sizes (-Xss)
#   Set larger code cache with -XX:ReservedCodeCacheSize=
#   JVM is running with Zero Based Compressed Oops mode in which the Java heap is
#     placed in the first 32GB address space. The Java Heap base address is the
#     maximum limit for the native heap growth. Please use -XX:HeapBaseMinAddress
#     to set the Java Heap base and to place the Java Heap above 32GB virtual address.
# This output file may be truncated or incomplete.
#
#  Out of Memory Error (arena.cpp:168), pid=12596, tid=9644
#
# JRE version: OpenJDK Runtime Environment (21.0.9) (build 21.0.9+-14649483-b1163.86)
# Java VM: OpenJDK 64-Bit Server VM (21.0.9+-14649483-b1163.86, mixed mode, tiered, compressed oops, compressed class ptrs, g1 gc, windows-amd64)
# No core dump will be written. Minidumps are not enabled by default on client versions of Windows
#

---------------  S U M M A R Y ------------

Command Line: --add-opens=java.base/java.lang=ALL-UNNAMED --add-opens=java.base/java.lang.invoke=ALL-UNNAMED --add-opens=java.base/java.util=ALL-UNNAMED --add-opens=java.prefs/java.util.prefs=ALL-UNNAMED --add-exports=jdk.compiler/com.sun.tools.javac.api=ALL-UNNAMED --add-exports=jdk.compiler/com.sun.tools.javac.util=ALL-UNNAMED --add-opens=java.base/java.util=ALL-UNNAMED --add-opens=java.prefs/java.util.prefs=ALL-UNNAMED --add-opens=java.base/java.nio.charset=ALL-UNNAMED --add-opens=java.base/java.net=ALL-UNNAMED --add-opens=java.base/java.util.concurrent=ALL-UNNAMED --add-opens=java.base/java.util.concurrent.atomic=ALL-UNNAMED --add-opens=java.xml/javax.xml.namespace=ALL-UNNAMED --add-opens=java.base/java.time=ALL-UNNAMED -XX:MaxMetaspaceSize=512m -Xmx4g -Dfile.encoding=UTF-8 -Duser.country=US -Duser.language=en -Duser.variant -javaagent:C:\Users\ACER\.gradle\wrapper\dists\gradle-9.2.1-bin\2t0n5ozlw9xmuyvbp7dnzaxug\gradle-9.2.1\lib\agents\gradle-instrumentation-agent-9.2.1.jar org.gradle.launcher.daemon.bootstrap.GradleDaemon 9.2.1

Host: 12th Gen Intel(R) Core(TM) i5-12450H, 12 cores, 15G,  Windows 11 , 64 bit Build 26100 (10.0.26100.7705)
Time: Mon Feb 23 02:22:01 2026 Nepal Standard Time elapsed time: 14.367312 seconds (0d 0h 0m 14s)

---------------  T H R E A D  ---------------

Current thread (0x0000028b9adf4920):  JavaThread "C2 CompilerThread1" daemon [_thread_in_native, id=9644, stack(0x000000d28b800000,0x000000d28b900000) (1024K)]


Current CompileTask:
C2:14367 8965       4       org.gradle.cache.internal.btree.CachingBlockStore::read (56 bytes)

Stack: [0x000000d28b800000,0x000000d28b900000]
Native frames: (J=compiled Java code, j=interpreted, Vv=VM code, C=native code)
V  [jvm.dll+0x6d6c99]
V  [jvm.dll+0x866b83]
V  [jvm.dll+0x86919e]
V  [jvm.dll+0x869883]
V  [jvm.dll+0x280776]
V  [jvm.dll+0xc07cd]
V  [jvm.dll+0xc0d03]
V  [jvm.dll+0x3b986b]
V  [jvm.dll+0x3856a7]
V  [jvm.dll+0x384b1a]
V  [jvm.dll+0x249462]
V  [jvm.dll+0x248a31]
V  [jvm.dll+0x1c7344]
V  [jvm.dll+0x2581ae]
V  [jvm.dll+0x2566f6]
V  [jvm.dll+0x3f48a6]
V  [jvm.dll+0x80f118]
V  [jvm.dll+0x6d54ed]
C  [ucrtbase.dll+0x37b0]
C  [KERNEL32.DLL+0x2e8d7]
C  [ntdll.dll+0x8c40c]


---------------  P R O C E S S  ---------------

Threads class SMR info:
_java_thread_list=0x0000028b98daab10, length=64, elements={
0x0000028bf35f5ce0, 0x0000028bfeed74d0, 0x0000028bfeedd8a0, 0x0000028bfeede300,
0x0000028bfeef97c0, 0x0000028bfef0a7e0, 0x0000028bfef0b240, 0x0000028bfef0d280,
0x0000028bfef0fcf0, 0x0000028bfef10790, 0x0000028bff216c20, 0x0000028b9728ff90,
0x0000028b95825180, 0x0000028b958e4700, 0x0000028b9715f900, 0x0000028b9715ff70,
0x0000028b95824310, 0x0000028b959a1510, 0x0000028b959a0e80, 0x0000028b959a1ba0,
0x0000028b9599f440, 0x0000028b9599fad0, 0x0000028b959a2230, 0x0000028b959a0160,
0x0000028b97f41720, 0x0000028b97f3efc0, 0x0000028b97f3f650, 0x0000028b97f43160,
0x0000028b97f40a00, 0x0000028b97f41db0, 0x0000028b97f42440, 0x0000028b97f42ad0,
0x0000028b97f3fce0, 0x0000028b97f437f0, 0x0000028b97f40370, 0x0000028b97f43e80,
0x0000028b97f44510, 0x0000028b97f44ba0, 0x0000028b97f465e0, 0x0000028b97f45230,
0x0000028b97f458c0, 0x0000028b97f45f50, 0x0000028b97d04690, 0x0000028b97d053b0,
0x0000028b97d03970, 0x0000028b97d032e0, 0x0000028b97d025c0, 0x0000028b97d05a40,
0x0000028b97d09550, 0x0000028b97d081a0, 0x0000028b97d08830, 0x0000028b97d060d0,
0x0000028b97d09be0, 0x0000028b97d06760, 0x0000028b9adf4920, 0x0000028b96077540,
0x0000028b96076eb0, 0x0000028b96077bd0, 0x0000028b96078f80, 0x0000028b96079610,
0x0000028b96076190, 0x0000028b96079ca0, 0x0000028b96078260, 0x0000028b96076820
}

Java Threads: ( => current thread )
  0x0000028bf35f5ce0 JavaThread "main"                              [_thread_blocked, id=9424, stack(0x000000d28a600000,0x000000d28a700000) (1024K)]
  0x0000028bfeed74d0 JavaThread "Common-Cleaner"             daemon [_thread_blocked, id=19336, stack(0x000000d28ae00000,0x000000d28af00000) (1024K)]
  0x0000028bfeedd8a0 JavaThread "Reference Handler"          daemon [_thread_blocked, id=11528, stack(0x000000d28af00000,0x000000d28b000000) (1024K)]
  0x0000028bfeede300 JavaThread "Finalizer"                  daemon [_thread_blocked, id=21616, stack(0x000000d28b000000,0x000000d28b100000) (1024K)]
  0x0000028bfeef97c0 JavaThread "Signal Dispatcher"          daemon [_thread_blocked, id=18720, stack(0x000000d28b100000,0x000000d28b200000) (1024K)]
  0x0000028bfef0a7e0 JavaThread "Attach Listener"            daemon [_thread_blocked, id=12420, stack(0x000000d28b200000,0x000000d28b300000) (1024K)]
  0x0000028bfef0b240 JavaThread "Service Thread"             daemon [_thread_blocked, id=17712, stack(0x000000d28b300000,0x000000d28b400000) (1024K)]
  0x0000028bfef0d280 JavaThread "Monitor Deflation Thread"   daemon [_thread_blocked, id=5992, stack(0x000000d28b400000,0x000000d28b500000) (1024K)]
  0x0000028bfef0fcf0 JavaThread "C2 CompilerThread0"         daemon [_thread_in_native, id=3248, stack(0x000000d28b500000,0x000000d28b600000) (1024K)]
  0x0000028bfef10790 JavaThread "C1 CompilerThread0"         daemon [_thread_blocked, id=22388, stack(0x000000d28b600000,0x000000d28b700000) (1024K)]
  0x0000028bff216c20 JavaThread "Notification Thread"        daemon [_thread_blocked, id=20100, stack(0x000000d28b700000,0x000000d28b800000) (1024K)]
  0x0000028b9728ff90 JavaThread "Daemon health stats"               [_thread_blocked, id=17724, stack(0x000000d28bf00000,0x000000d28c000000) (1024K)]
  0x0000028b95825180 JavaThread "Incoming local TCP Connector on port 56087"        [_thread_in_native, id=18928, stack(0x000000d28c000000,0x000000d28c100000) (1024K)]
  0x0000028b958e4700 JavaThread "Daemon periodic checks"            [_thread_blocked, id=13744, stack(0x000000d28c100000,0x000000d28c200000) (1024K)]
  0x0000028b9715f900 JavaThread "Daemon"                            [_thread_blocked, id=21812, stack(0x000000d28c200000,0x000000d28c300000) (1024K)]
  0x0000028b9715ff70 JavaThread "Handler for socket connection from /127.0.0.1:56087 to /127.0.0.1:56088"        [_thread_in_native, id=20248, stack(0x000000d28c300000,0x000000d28c400000) (1024K)]
  0x0000028b95824310 JavaThread "Cancel handler"                    [_thread_blocked, id=14348, stack(0x000000d28ca00000,0x000000d28cb00000) (1024K)]
  0x0000028b959a1510 JavaThread "Daemon worker"                     [_thread_blocked, id=10600, stack(0x000000d28cb00000,0x000000d28cc00000) (1024K)]
  0x0000028b959a0e80 JavaThread "Asynchronous log dispatcher for DefaultDaemonConnection: socket connection from /127.0.0.1:56087 to /127.0.0.1:56088"        [_thread_blocked, id=6244, stack(0x000000d28cc00000,0x000000d28cd00000) (1024K)]
  0x0000028b959a1ba0 JavaThread "Stdin handler"                     [_thread_blocked, id=5276, stack(0x000000d28cd00000,0x000000d28ce00000) (1024K)]
  0x0000028b9599f440 JavaThread "Daemon client event forwarder"        [_thread_blocked, id=9696, stack(0x000000d28ce00000,0x000000d28cf00000) (1024K)]
  0x0000028b9599fad0 JavaThread "Cache worker for journal cache (C:\Users\ACER\.gradle\caches\journal-1)"        [_thread_blocked, id=21868, stack(0x000000d28cf00000,0x000000d28d000000) (1024K)]
  0x0000028b959a2230 JavaThread "File lock request listener"        [_thread_in_native, id=22480, stack(0x000000d28d000000,0x000000d28d100000) (1024K)]
  0x0000028b959a0160 JavaThread "Cache worker for file hash cache (C:\Users\ACER\.gradle\caches\9.2.1\fileHashes)"        [_thread_blocked, id=2860, stack(0x000000d28d100000,0x000000d28d200000) (1024K)]
  0x0000028b97f41720 JavaThread "Cache worker for file hash cache (D:\Farmo-Project\Farmo-App\.gradle\9.2.1\fileHashes)"        [_thread_blocked, id=12720, stack(0x000000d28d200000,0x000000d28d300000) (1024K)]
  0x0000028b97f3efc0 JavaThread "Cache worker for Build Output Cleanup Cache (D:\Farmo-Project\Farmo-App\.gradle\buildOutputCleanup)"        [_thread_blocked, id=14924, stack(0x000000d28d300000,0x000000d28d400000) (1024K)]
  0x0000028b97f3f650 JavaThread "File watcher server"        daemon [_thread_in_native, id=2808, stack(0x000000d28d400000,0x000000d28d500000) (1024K)]
  0x0000028b97f43160 JavaThread "File watcher consumer"      daemon [_thread_blocked, id=13696, stack(0x000000d28d500000,0x000000d28d600000) (1024K)]
  0x0000028b97f40a00 JavaThread "jar transforms"                    [_thread_blocked, id=20752, stack(0x000000d28d600000,0x000000d28d700000) (1024K)]
  0x0000028b97f41db0 JavaThread "jar transforms Thread 2"           [_thread_blocked, id=17988, stack(0x000000d28d700000,0x000000d28d800000) (1024K)]
  0x0000028b97f42440 JavaThread "jar transforms Thread 3"           [_thread_blocked, id=17260, stack(0x000000d28d800000,0x000000d28d900000) (1024K)]
  0x0000028b97f42ad0 JavaThread "jar transforms Thread 4"           [_thread_blocked, id=19680, stack(0x000000d28d900000,0x000000d28da00000) (1024K)]
  0x0000028b97f3fce0 JavaThread "jar transforms Thread 5"           [_thread_blocked, id=11784, stack(0x000000d28da00000,0x000000d28db00000) (1024K)]
  0x0000028b97f437f0 JavaThread "jar transforms Thread 6"           [_thread_blocked, id=2996, stack(0x000000d28db00000,0x000000d28dc00000) (1024K)]
  0x0000028b97f40370 JavaThread "jar transforms Thread 7"           [_thread_blocked, id=2448, stack(0x000000d28dc00000,0x000000d28dd00000) (1024K)]
  0x0000028b97f43e80 JavaThread "jar transforms Thread 8"           [_thread_blocked, id=14804, stack(0x000000d28dd00000,0x000000d28de00000) (1024K)]
  0x0000028b97f44510 JavaThread "jar transforms Thread 9"           [_thread_blocked, id=22316, stack(0x000000d28de00000,0x000000d28df00000) (1024K)]
  0x0000028b97f44ba0 JavaThread "jar transforms Thread 10"          [_thread_blocked, id=6844, stack(0x000000d28df00000,0x000000d28e000000) (1024K)]
  0x0000028b97f465e0 JavaThread "jar transforms Thread 11"          [_thread_blocked, id=3440, stack(0x000000d28e000000,0x000000d28e100000) (1024K)]
  0x0000028b97f45230 JavaThread "jar transforms Thread 12"          [_thread_blocked, id=7512, stack(0x000000d28e100000,0x000000d28e200000) (1024K)]
  0x0000028b97f458c0 JavaThread "Cache worker for checksums cache (D:\Farmo-Project\Farmo-App\.gradle\9.2.1\checksums)"        [_thread_blocked, id=21448, stack(0x000000d28e200000,0x000000d28e300000) (1024K)]
  0x0000028b97f45f50 JavaThread "Cache worker for file content cache (C:\Users\ACER\.gradle\caches\9.2.1\fileContent)"        [_thread_blocked, id=13612, stack(0x000000d28e300000,0x000000d28e400000) (1024K)]
  0x0000028b97d04690 JavaThread "Cache worker for cache directory md-supplier (C:\Users\ACER\.gradle\caches\9.2.1\md-supplier)"        [_thread_blocked, id=1080, stack(0x000000d28e400000,0x000000d28e500000) (1024K)]
  0x0000028b97d053b0 JavaThread "Cache worker for cache directory md-rule (C:\Users\ACER\.gradle\caches\9.2.1\md-rule)"        [_thread_blocked, id=21488, stack(0x000000d28e500000,0x000000d28e600000) (1024K)]
  0x0000028b97d03970 JavaThread "Unconstrained build operations"        [_thread_blocked, id=18216, stack(0x000000d28e600000,0x000000d28e700000) (1024K)]
  0x0000028b97d032e0 JavaThread "Unconstrained build operations Thread 2"        [_thread_blocked, id=11644, stack(0x000000d28e700000,0x000000d28e800000) (1024K)]
  0x0000028b97d025c0 JavaThread "Unconstrained build operations Thread 3"        [_thread_blocked, id=9980, stack(0x000000d28e800000,0x000000d28e900000) (1024K)]
  0x0000028b97d05a40 JavaThread "Unconstrained build operations Thread 4"        [_thread_blocked, id=21012, stack(0x000000d28e900000,0x000000d28ea00000) (1024K)]
  0x0000028b97d09550 JavaThread "Unconstrained build operations Thread 5"        [_thread_blocked, id=20532, stack(0x000000d28ea00000,0x000000d28eb00000) (1024K)]
  0x0000028b97d081a0 JavaThread "Unconstrained build operations Thread 6"        [_thread_blocked, id=17384, stack(0x000000d28eb00000,0x000000d28ec00000) (1024K)]
  0x0000028b97d08830 JavaThread "Unconstrained build operations Thread 7"        [_thread_blocked, id=6508, stack(0x000000d28ec00000,0x000000d28ed00000) (1024K)]
  0x0000028b97d060d0 JavaThread "Unconstrained build operations Thread 8"        [_thread_blocked, id=4240, stack(0x000000d28ed00000,0x000000d28ee00000) (1024K)]
  0x0000028b97d09be0 JavaThread "Unconstrained build operations Thread 9"        [_thread_blocked, id=20252, stack(0x000000d28ee00000,0x000000d28ef00000) (1024K)]
  0x0000028b97d06760 JavaThread "Unconstrained build operations Thread 10"        [_thread_blocked, id=19400, stack(0x000000d28ef00000,0x000000d28f000000) (1024K)]
=>0x0000028b9adf4920 JavaThread "C2 CompilerThread1"         daemon [_thread_in_native, id=9644, stack(0x000000d28b800000,0x000000d28b900000) (1024K)]
  0x0000028b96077540 JavaThread "Unconstrained build operations Thread 11"        [_thread_blocked, id=21760, stack(0x000000d28be00000,0x000000d28bf00000) (1024K)]
  0x0000028b96076eb0 JavaThread "Unconstrained build operations Thread 12"        [_thread_blocked, id=12240, stack(0x000000d28f100000,0x000000d28f200000) (1024K)]
  0x0000028b96077bd0 JavaThread "Unconstrained build operations Thread 13"        [_thread_blocked, id=9016, stack(0x000000d28f200000,0x000000d28f300000) (1024K)]
  0x0000028b96078f80 JavaThread "Unconstrained build operations Thread 14"        [_thread_blocked, id=1524, stack(0x000000d28f300000,0x000000d28f400000) (1024K)]
  0x0000028b96079610 JavaThread "Unconstrained build operations Thread 15"        [_thread_blocked, id=14412, stack(0x000000d28f400000,0x000000d28f500000) (1024K)]
  0x0000028b96076190 JavaThread "Unconstrained build operations Thread 16"        [_thread_blocked, id=11408, stack(0x000000d28f500000,0x000000d28f600000) (1024K)]
  0x0000028b96079ca0 JavaThread "Unconstrained build operations Thread 17"        [_thread_blocked, id=18156, stack(0x000000d28f600000,0x000000d28f700000) (1024K)]
  0x0000028b96078260 JavaThread "Unconstrained build operations Thread 18"        [_thread_blocked, id=3596, stack(0x000000d28f700000,0x000000d28f800000) (1024K)]
  0x0000028b96076820 JavaThread "Unconstrained build operations Thread 19"        [_thread_blocked, id=3284, stack(0x000000d28f800000,0x000000d28f900000) (1024K)]
Total: 64

Other Threads:
  0x0000028bf35cd980 VMThread "VM Thread"                           [id=11396, stack(0x000000d28ad00000,0x000000d28ae00000) (1024K)] _threads_hazard_ptr=0x0000028b98daab10
  0x0000028bfe885120 WatcherThread "VM Periodic Task Thread"        [id=19496, stack(0x000000d28ac00000,0x000000d28ad00000) (1024K)]
  0x0000028bf35cd5e0 WorkerThread "GC Thread#0"                     [id=14100, stack(0x000000d28a700000,0x000000d28a800000) (1024K)]
  0x0000028bf35cef40 WorkerThread "GC Thread#1"                     [id=2652, stack(0x000000d28b900000,0x000000d28ba00000) (1024K)]
  0x0000028bf35ce460 WorkerThread "GC Thread#2"                     [id=20096, stack(0x000000d28ba00000,0x000000d28bb00000) (1024K)]
  0x0000028bf35ce800 WorkerThread "GC Thread#3"                     [id=19808, stack(0x000000d28bb00000,0x000000d28bc00000) (1024K)]
  0x0000028bff4f2d40 WorkerThread "GC Thread#4"                     [id=22492, stack(0x000000d28bc00000,0x000000d28bd00000) (1024K)]
  0x0000028bff4f29a0 WorkerThread "GC Thread#5"                     [id=20464, stack(0x000000d28bd00000,0x000000d28be00000) (1024K)]
  0x0000028bff4f46a0 WorkerThread "GC Thread#6"                     [id=18096, stack(0x000000d28c400000,0x000000d28c500000) (1024K)]
  0x0000028bff4f3820 WorkerThread "GC Thread#7"                     [id=5444, stack(0x000000d28c500000,0x000000d28c600000) (1024K)]
  0x0000028bff4f5c60 WorkerThread "GC Thread#8"                     [id=21860, stack(0x000000d28c600000,0x000000d28c700000) (1024K)]
  0x0000028bff4f63a0 WorkerThread "GC Thread#9"                     [id=21688, stack(0x000000d28c700000,0x000000d28c800000) (1024K)]
  0x0000028bf36bdfb0 ConcurrentGCThread "G1 Main Marker"            [id=19828, stack(0x000000d28a800000,0x000000d28a900000) (1024K)]
  0x0000028bf35ce0c0 WorkerThread "G1 Conc#0"                       [id=16184, stack(0x000000d28a900000,0x000000d28aa00000) (1024K)]
  0x0000028bff4f3bc0 WorkerThread "G1 Conc#1"                       [id=14180, stack(0x000000d28c800000,0x000000d28c900000) (1024K)]
  0x0000028bff4f4300 WorkerThread "G1 Conc#2"                       [id=7032, stack(0x000000d28c900000,0x000000d28ca00000) (1024K)]
  0x0000028bf5a5e910 ConcurrentGCThread "G1 Refine#0"               [id=18408, stack(0x000000d28aa00000,0x000000d28ab00000) (1024K)]
  0x0000028bfe751880 ConcurrentGCThread "G1 Service"                [id=16832, stack(0x000000d28ab00000,0x000000d28ac00000) (1024K)]
Total: 18

Threads with active compile tasks:
C2 CompilerThread0  14378 8975       4       org.gradle.cache.internal.btree.FreeListBlockStore::read (12 bytes)
C1 CompilerThread0  14379 9119       3       com.google.common.collect.RegularImmutableSortedSet::size (8 bytes)
C2 CompilerThread1  14379 8965       4       org.gradle.cache.internal.btree.CachingBlockStore::read (56 bytes)
Total: 3

VM state: synchronizing (normal execution)

VM Mutex/Monitor currently owned by a thread:  ([mutex/lock_event])
[0x00007ff927288690] Threads_lock - owner thread: 0x0000028bf35cd980
[0x00007ff927288790] Heap_lock - owner thread: 0x0000028bf36bdfb0

Heap address: 0x0000000700000000, size: 4096 MB, Compressed Oops mode: Zero based, Oop shift amount: 3

CDS archive(s) not mapped
Compressed class space mapped at: 0x0000000800000000-0x000000081a000000, reserved size: 436207616
Narrow klass base: 0x0000000800000000, Narrow klass shift: 0, Narrow klass range: 0x1a000000

GC Precious Log:
 CardTable entry size: 512
 Card Set container configuration: InlinePtr #cards 4 size 8 Array Of Cards #cards 16 size 48 Howl #buckets 8 coarsen threshold 3686 Howl Bitmap #cards 512 size 80 coarsen threshold 460 Card regions per heap region 1 cards per card region 4096
 CPUs: 12 total, 12 available
 Memory: 16070M
 Large Page Support: Disabled
 NUMA Support: Disabled
 Compressed Oops: Enabled (Zero based)
 Heap Region Size: 2M
 Heap Min Capacity: 8M
 Heap Initial Capacity: 252M
 Heap Max Capacity: 4G
 Pre-touch: Disabled
 Parallel Workers: 10
 Concurrent Workers: 3
 Concurrent Refinement Workers: 10
 Periodic GC: Disabled

Heap:
 garbage-first heap   total 153600K, used 88293K [0x0000000700000000, 0x0000000800000000)
  region size 2048K, 6 young (12288K), 2 survivors (4096K)
 Metaspace       used 75592K, committed 77504K, reserved 557056K
  class space    used 10702K, committed 11648K, reserved 425984K

Heap Regions: E=young(eden), S=young(survivor), O=old, HS=humongous(starts), HC=humongous(continues), CS=collection set, F=free, TAMS=top-at-mark-start, PB=parsable bottom
|   0|0x0000000700000000, 0x0000000700200000, 0x0000000700200000|100%|HS|  |TAMS 0x0000000700200000| PB 0x0000000700000000| Complete 
|   1|0x0000000700200000, 0x0000000700400000, 0x0000000700400000|100%|HC|  |TAMS 0x0000000700400000| PB 0x0000000700200000| Complete 
|   2|0x0000000700400000, 0x0000000700600000, 0x0000000700600000|100%| O|  |TAMS 0x0000000700600000| PB 0x0000000700400000| Untracked 
|   3|0x0000000700600000, 0x0000000700800000, 0x0000000700800000|100%| O|  |TAMS 0x0000000700800000| PB 0x0000000700600000| Untracked 
|   4|0x0000000700800000, 0x0000000700a00000, 0x0000000700a00000|100%| O|  |TAMS 0x0000000700a00000| PB 0x0000000700800000| Untracked 
|   5|0x0000000700a00000, 0x0000000700c00000, 0x0000000700c00000|100%| O|  |TAMS 0x0000000700c00000| PB 0x0000000700a00000| Untracked 
|   6|0x0000000700c00000, 0x0000000700e00000, 0x0000000700e00000|100%|HS|  |TAMS 0x0000000700e00000| PB 0x0000000700c00000| Complete 
|   7|0x0000000700e00000, 0x0000000701000000, 0x0000000701000000|100%|HS|  |TAMS 0x0000000701000000| PB 0x0000000700e00000| Complete 
|   8|0x0000000701000000, 0x0000000701200000, 0x0000000701200000|100%|HC|  |TAMS 0x0000000701200000| PB 0x0000000701000000| Complete 
|   9|0x0000000701200000, 0x0000000701400000, 0x0000000701400000|100%|HC|  |TAMS 0x0000000701400000| PB 0x0000000701200000| Complete 
|  10|0x0000000701400000, 0x0000000701600000, 0x0000000701600000|100%|HS|  |TAMS 0x0000000701600000| PB 0x0000000701400000| Complete 
|  11|0x0000000701600000, 0x0000000701800000, 0x0000000701800000|100%|HS|  |TAMS 0x0000000701800000| PB 0x0000000701600000| Complete 
|  12|0x0000000701800000, 0x0000000701a00000, 0x0000000701a00000|100%|HC|  |TAMS 0x0000000701a00000| PB 0x0000000701800000| Complete 
|  13|0x0000000701a00000, 0x0000000701c00000, 0x0000000701c00000|100%|HC|  |TAMS 0x0000000701c00000| PB 0x0000000701a00000| Complete 
|  14|0x0000000701c00000, 0x0000000701e00000, 0x0000000701e00000|100%|HS|  |TAMS 0x0000000701e00000| PB 0x0000000701c00000| Complete 
|  15|0x0000000701e00000, 0x0000000702000000, 0x0000000702000000|100%| O|  |TAMS 0x0000000702000000| PB 0x0000000701e00000| Untracked 
|  16|0x0000000702000000, 0x0000000702200000, 0x0000000702200000|100%| O|  |TAMS 0x0000000702200000| PB 0x0000000702000000| Untracked 
|  17|0x0000000702200000, 0x0000000702400000, 0x0000000702400000|100%| O|  |TAMS 0x0000000702400000| PB 0x0000000702200000| Untracked 
|  18|0x0000000702400000, 0x0000000702600000, 0x0000000702600000|100%| O|  |TAMS 0x0000000702600000| PB 0x0000000702400000| Untracked 
|  19|0x0000000702600000, 0x0000000702800000, 0x0000000702800000|100%| O|  |TAMS 0x0000000702800000| PB 0x0000000702600000| Untracked 
|  20|0x0000000702800000, 0x0000000702a00000, 0x0000000702a00000|100%| O|  |TAMS 0x0000000702a00000| PB 0x0000000702800000| Untracked 
|  21|0x0000000702a00000, 0x0000000702c00000, 0x0000000702c00000|100%| O|  |TAMS 0x0000000702c00000| PB 0x0000000702a00000| Untracked 
|  22|0x0000000702c00000, 0x0000000702e00000, 0x0000000702e00000|100%| O|  |TAMS 0x0000000702e00000| PB 0x0000000702c00000| Untracked 
|  23|0x0000000702e00000, 0x0000000703000000, 0x0000000703000000|100%| O|  |TAMS 0x0000000703000000| PB 0x0000000702e00000| Untracked 
|  24|0x0000000703000000, 0x0000000703200000, 0x0000000703200000|100%| O|  |TAMS 0x0000000703200000| PB 0x0000000703000000| Untracked 
|  25|0x0000000703200000, 0x0000000703200000, 0x0000000703400000|  0%| F|  |TAMS 0x0000000703200000| PB 0x0000000703200000| Untracked 
|  26|0x0000000703400000, 0x0000000703600000, 0x0000000703600000|100%| O|  |TAMS 0x0000000703600000| PB 0x0000000703400000| Untracked 
|  27|0x0000000703600000, 0x0000000703800000, 0x0000000703800000|100%| O|  |TAMS 0x0000000703800000| PB 0x0000000703600000| Untracked 
|  28|0x0000000703800000, 0x0000000703a00000, 0x0000000703a00000|100%| O|  |TAMS 0x0000000703a00000| PB 0x0000000703800000| Untracked 
|  29|0x0000000703a00000, 0x0000000703c00000, 0x0000000703c00000|100%| O|  |TAMS 0x0000000703c00000| PB 0x0000000703a00000| Untracked 
|  30|0x0000000703c00000, 0x0000000703e00000, 0x0000000703e00000|100%| O|  |TAMS 0x0000000703e00000| PB 0x0000000703c00000| Untracked 
|  31|0x0000000703e00000, 0x0000000704000000, 0x0000000704000000|100%| O|  |TAMS 0x0000000704000000| PB 0x0000000703e00000| Untracked 
|  32|0x0000000704000000, 0x0000000704000000, 0x0000000704200000|  0%| F|  |TAMS 0x0000000704000000| PB 0x0000000704000000| Untracked 
|  33|0x0000000704200000, 0x0000000704200000, 0x0000000704400000|  0%| F|  |TAMS 0x0000000704200000| PB 0x0000000704200000| Untracked 
|  34|0x0000000704400000, 0x0000000704600000, 0x0000000704600000|100%| O|  |TAMS 0x0000000704600000| PB 0x0000000704400000| Untracked 
|  35|0x0000000704600000, 0x00000007047b5f00, 0x0000000704800000| 85%| O|  |TAMS 0x00000007047b5f00| PB 0x0000000704600000| Untracked 
|  36|0x0000000704800000, 0x0000000704800000, 0x0000000704a00000|  0%| F|  |TAMS 0x0000000704800000| PB 0x0000000704800000| Untracked 
|  37|0x0000000704a00000, 0x0000000704a00000, 0x0000000704c00000|  0%| F|  |TAMS 0x0000000704a00000| PB 0x0000000704a00000| Untracked 
|  38|0x0000000704c00000, 0x0000000704c83720, 0x0000000704e00000| 25%| S|CS|TAMS 0x0000000704c00000| PB 0x0000000704c00000| Complete 
|  39|0x0000000704e00000, 0x0000000705000000, 0x0000000705000000|100%| S|CS|TAMS 0x0000000704e00000| PB 0x0000000704e00000| Complete 
|  40|0x0000000705000000, 0x0000000705000000, 0x0000000705200000|  0%| F|  |TAMS 0x0000000705000000| PB 0x0000000705000000| Untracked 
|  41|0x0000000705200000, 0x0000000705200000, 0x0000000705400000|  0%| F|  |TAMS 0x0000000705200000| PB 0x0000000705200000| Untracked 
|  42|0x0000000705400000, 0x0000000705400000, 0x0000000705600000|  0%| F|  |TAMS 0x0000000705400000| PB 0x0000000705400000| Untracked 
|  43|0x0000000705600000, 0x0000000705600000, 0x0000000705800000|  0%| F|  |TAMS 0x0000000705600000| PB 0x0000000705600000| Untracked 
|  44|0x0000000705800000, 0x0000000705800000, 0x0000000705a00000|  0%| F|  |TAMS 0x0000000705800000| PB 0x0000000705800000| Untracked 
|  45|0x0000000705a00000, 0x0000000705a00000, 0x0000000705c00000|  0%| F|  |TAMS 0x0000000705a00000| PB 0x0000000705a00000| Untracked 
|  46|0x0000000705c00000, 0x0000000705c00000, 0x0000000705e00000|  0%| F|  |TAMS 0x0000000705c00000| PB 0x0000000705c00000| Untracked 
|  47|0x0000000705e00000, 0x0000000705e00000, 0x0000000706000000|  0%| F|  |TAMS 0x0000000705e00000| PB 0x0000000705e00000| Untracked 
|  48|0x0000000706000000, 0x0000000706000000, 0x0000000706200000|  0%| F|  |TAMS 0x0000000706000000| PB 0x0000000706000000| Untracked 
|  49|0x0000000706200000, 0x0000000706200000, 0x0000000706400000|  0%| F|  |TAMS 0x0000000706200000| PB 0x0000000706200000| Untracked 
|  50|0x0000000706400000, 0x0000000706400000, 0x0000000706600000|  0%| F|  |TAMS 0x0000000706400000| PB 0x0000000706400000| Untracked 
|  51|0x0000000706600000, 0x0000000706600000, 0x0000000706800000|  0%| F|  |TAMS 0x0000000706600000| PB 0x0000000706600000| Untracked 
|  52|0x0000000706800000, 0x0000000706800000, 0x0000000706a00000|  0%| F|  |TAMS 0x0000000706800000| PB 0x0000000706800000| Untracked 
|  53|0x0000000706a00000, 0x0000000706a00000, 0x0000000706c00000|  0%| F|  |TAMS 0x0000000706a00000| PB 0x0000000706a00000| Untracked 
|  54|0x0000000706c00000, 0x0000000706c00000, 0x0000000706e00000|  0%| F|  |TAMS 0x0000000706c00000| PB 0x0000000706c00000| Untracked 
|  55|0x0000000706e00000, 0x0000000706e00000, 0x0000000707000000|  0%| F|  |TAMS 0x0000000706e00000| PB 0x0000000706e00000| Untracked 
|  56|0x0000000707000000, 0x0000000707000000, 0x0000000707200000|  0%| F|  |TAMS 0x0000000707000000| PB 0x0000000707000000| Untracked 
|  57|0x0000000707200000, 0x0000000707200000, 0x0000000707400000|  0%| F|  |TAMS 0x0000000707200000| PB 0x0000000707200000| Untracked 
|  58|0x0000000707400000, 0x0000000707400000, 0x0000000707600000|  0%| F|  |TAMS 0x0000000707400000| PB 0x0000000707400000| Untracked 
|  59|0x0000000707600000, 0x0000000707600000, 0x0000000707800000|  0%| F|  |TAMS 0x0000000707600000| PB 0x0000000707600000| Untracked 
|  60|0x0000000707800000, 0x0000000707800000, 0x0000000707a00000|  0%| F|  |TAMS 0x0000000707800000| PB 0x0000000707800000| Untracked 
|  61|0x0000000707a00000, 0x0000000707a00000, 0x0000000707c00000|  0%| F|  |TAMS 0x0000000707a00000| PB 0x0000000707a00000| Untracked 
|  62|0x0000000707c00000, 0x0000000707c00000, 0x0000000707e00000|  0%| F|  |TAMS 0x0000000707c00000| PB 0x0000000707c00000| Untracked 
|  63|0x0000000707e00000, 0x0000000707e00000, 0x0000000708000000|  0%| F|  |TAMS 0x0000000707e00000| PB 0x0000000707e00000| Untracked 
|  64|0x0000000708000000, 0x0000000708000000, 0x0000000708200000|  0%| F|  |TAMS 0x0000000708000000| PB 0x0000000708000000| Untracked 
|  65|0x0000000708200000, 0x00000007083b30e0, 0x0000000708400000| 84%| E|  |TAMS 0x0000000708200000| PB 0x0000000708200000| Complete 
|  66|0x0000000708400000, 0x0000000708600000, 0x0000000708600000|100%| E|CS|TAMS 0x0000000708400000| PB 0x0000000708400000| Complete 
| 125|0x000000070fa00000, 0x000000070fc00000, 0x000000070fc00000|100%| E|CS|TAMS 0x000000070fa00000| PB 0x000000070fa00000| Complete 
|2041|0x00000007ff200000, 0x00000007ff400000, 0x00000007ff400000|100%| E|CS|TAMS 0x00000007ff200000| PB 0x00000007ff200000| Complete 
|2042|0x00000007ff400000, 0x00000007ff600000, 0x00000007ff600000|100%| O|  |TAMS 0x00000007ff600000| PB 0x00000007ff400000| Untracked 
|2043|0x00000007ff600000, 0x00000007ff800000, 0x00000007ff800000|100%| O|  |TAMS 0x00000007ff800000| PB 0x00000007ff600000| Untracked 
|2044|0x00000007ff800000, 0x00000007ffa00000, 0x00000007ffa00000|100%| O|  |TAMS 0x00000007ffa00000| PB 0x00000007ff800000| Untracked 
|2045|0x00000007ffa00000, 0x00000007ffc00000, 0x00000007ffc00000|100%| O|  |TAMS 0x00000007ffc00000| PB 0x00000007ffa00000| Untracked 
|2046|0x00000007ffc00000, 0x00000007ffe00000, 0x00000007ffe00000|100%| O|  |TAMS 0x00000007ffe00000| PB 0x00000007ffc00000| Untracked 
|2047|0x00000007ffe00000, 0x0000000800000000, 0x0000000800000000|100%| O|  |TAMS 0x0000000800000000| PB 0x00000007ffe00000| Untracked 

Card table byte_map: [0x0000028bf9850000,0x0000028bfa050000] _byte_map_base: 0x0000028bf6050000

Marking Bits: (CMBitMap*) 0x0000028bf5a0a5b0
 Bits: [0x0000028bfa050000, 0x0000028bfe050000)

Polling page: 0x0000028bf37b0000

Metaspace:

Usage:
  Non-class:     63.37 MB used.
      Class:     10.45 MB used.
       Both:     73.82 MB used.

Virtual space:
  Non-class space:      128.00 MB reserved,      64.31 MB ( 50%) committed,  2 nodes.
      Class space:      416.00 MB reserved,      11.38 MB (  3%) committed,  1 nodes.
             Both:      544.00 MB reserved,      75.69 MB ( 14%) committed. 

Chunk freelists:
   Non-Class:  15.44 MB
       Class:  4.67 MB
        Both:  20.11 MB

MaxMetaspaceSize: 512.00 MB
CompressedClassSpaceSize: 416.00 MB
Initial GC threshold: 21.00 MB
Current GC threshold: 113.56 MB
CDS: off
 - commit_granule_bytes: 65536.
 - commit_granule_words: 8192.
 - virtual_space_node_default_size: 8388608.
 - enlarge_chunks_in_place: 1.
 - use_allocation_guard: 0.


Internal statistics:

num_allocs_failed_limit: 8.
num_arena_births: 3648.
num_arena_deaths: 0.
num_vsnodes_births: 3.
num_vsnodes_deaths: 0.
num_space_committed: 1211.
num_space_uncommitted: 0.
num_chunks_returned_to_freelist: 8.
num_chunks_taken_from_freelist: 6803.
num_chunk_merges: 3.
num_chunk_splits: 4321.
num_chunks_enlarged: 2535.
num_inconsistent_stats: 0.

CodeHeap 'non-profiled nmethods': size=120000Kb used=4667Kb max_used=4667Kb free=115332Kb
 bounds [0x0000028b87ad0000, 0x0000028b87f60000, 0x0000028b8f000000]
CodeHeap 'profiled nmethods': size=120000Kb used=15200Kb max_used=15200Kb free=104799Kb
 bounds [0x0000028b80000000, 0x0000028b80ee0000, 0x0000028b87530000]
CodeHeap 'non-nmethods': size=5760Kb used=1936Kb max_used=1972Kb free=3823Kb
 bounds [0x0000028b87530000, 0x0000028b877a0000, 0x0000028b87ad0000]
CodeCache: size=245760Kb, used=21803Kb, max_used=21839Kb, free=223954Kb
 total_blobs=8870, nmethods=8054, adapters=718, full_count=0
Compilation: enabled, stopped_count=0, restarted_count=0

Compilation events (20 events):
Event: 13.352 Thread 0x0000028bfef10790 nmethod 9109 0x0000028b80ed4b90 code [0x0000028b80ed4d40, 0x0000028b80ed4f20]
Event: 13.352 Thread 0x0000028bfef10790 9110       3       org.gradle.cache.internal.DefaultFileLockManager::access$200 (6 bytes)
Event: 13.352 Thread 0x0000028bfef10790 nmethod 9110 0x0000028b80ed5010 code [0x0000028b80ed51c0, 0x0000028b80ed53a8]
Event: 13.352 Thread 0x0000028bfef10790 9111       3       org.gradle.cache.internal.filelock.LockStateAccess::<init> (22 bytes)
Event: 13.353 Thread 0x0000028bfef10790 nmethod 9111 0x0000028b80ed5490 code [0x0000028b80ed5640, 0x0000028b80ed58e8]
Event: 13.353 Thread 0x0000028bfef10790 9112       3       org.apache.commons.io.FileUtils::forceMkdirParent (16 bytes)
Event: 13.353 Thread 0x0000028bfef10790 nmethod 9112 0x0000028b80ed5a10 code [0x0000028b80ed5c00, 0x0000028b80ed5fd8]
Event: 13.353 Thread 0x0000028bfef10790 9113       3       java.lang.Long::toString (55 bytes)
Event: 13.353 Thread 0x0000028bfef10790 nmethod 9113 0x0000028b80ed6190 code [0x0000028b80ed6360, 0x0000028b80ed66e8]
Event: 13.353 Thread 0x0000028bfef10790 9114       3       org.gradle.cache.internal.filelock.DefaultLockStateSerializer::<init> (5 bytes)
Event: 13.353 Thread 0x0000028bfef10790 nmethod 9114 0x0000028b80ed6890 code [0x0000028b80ed6a40, 0x0000028b80ed6ba8]
Event: 13.353 Thread 0x0000028bfef10790 9115       3       it.unimi.dsi.fastutil.longs.Long2ObjectOpenHashMap::containsKey (82 bytes)
Event: 13.354 Thread 0x0000028bfef10790 nmethod 9115 0x0000028b80ed6c90 code [0x0000028b80ed6e80, 0x0000028b80ed7298]
Event: 13.354 Thread 0x0000028bfef10790 9117       3       net.rubygrapefruit.platform.internal.DefaultProcess::getProcessId (4 bytes)
Event: 13.354 Thread 0x0000028bfef10790 nmethod 9117 0x0000028b80ed7410 code [0x0000028b80ed75c0, 0x0000028b80ed76f8]
Event: 13.354 Thread 0x0000028bfef10790 9116       3       org.gradle.cache.internal.filelock.DefaultLockStateSerializer::read (29 bytes)
Event: 13.354 Thread 0x0000028bfef10790 nmethod 9116 0x0000028b80ed7790 code [0x0000028b80ed7960, 0x0000028b80ed7cc8]
Event: 13.354 Thread 0x0000028bfef10790 9118       3       org.gradle.cache.internal.filelock.DefaultLockStateSerializer$SequenceNumberLockState::<init> (9 bytes)
Event: 13.354 Thread 0x0000028bfef10790 nmethod 9118 0x0000028b80ed7e10 code [0x0000028b80ed7fc0, 0x0000028b80ed8190]
Event: 13.356 Thread 0x0000028bfef10790 9119       3       com.google.common.collect.RegularImmutableSortedSet::size (8 bytes)

GC Heap History (20 events):
Event: 3.857 GC heap before
{Heap before GC invocations=10 (full 0):
 garbage-first heap   total 104448K, used 86706K [0x0000000700000000, 0x0000000800000000)
  region size 2048K, 18 young (36864K), 1 survivors (2048K)
 Metaspace       used 49210K, committed 50560K, reserved 491520K
  class space    used 6840K, committed 7488K, reserved 425984K
}
Event: 3.859 GC heap after
{Heap after GC invocations=11 (full 0):
 garbage-first heap   total 104448K, used 56867K [0x0000000700000000, 0x0000000800000000)
  region size 2048K, 3 young (6144K), 3 survivors (6144K)
 Metaspace       used 49210K, committed 50560K, reserved 491520K
  class space    used 6840K, committed 7488K, reserved 425984K
}
Event: 4.215 GC heap before
{Heap before GC invocations=12 (full 0):
 garbage-first heap   total 104448K, used 87587K [0x0000000700000000, 0x0000000800000000)
  region size 2048K, 18 young (36864K), 3 survivors (6144K)
 Metaspace       used 53050K, committed 54528K, reserved 491520K
  class space    used 7441K, committed 8128K, reserved 425984K
}
Event: 4.219 GC heap after
{Heap after GC invocations=13 (full 0):
 garbage-first heap   total 104448K, used 59640K [0x0000000700000000, 0x0000000800000000)
  region size 2048K, 3 young (6144K), 3 survivors (6144K)
 Metaspace       used 53050K, committed 54528K, reserved 491520K
  class space    used 7441K, committed 8128K, reserved 425984K
}
Event: 4.519 GC heap before
{Heap before GC invocations=13 (full 0):
 garbage-first heap   total 104448K, used 90360K [0x0000000700000000, 0x0000000800000000)
  region size 2048K, 18 young (36864K), 3 survivors (6144K)
 Metaspace       used 56593K, committed 58112K, reserved 491520K
  class space    used 8046K, committed 8768K, reserved 425984K
}
Event: 4.523 GC heap after
{Heap after GC invocations=14 (full 0):
 garbage-first heap   total 126976K, used 61025K [0x0000000700000000, 0x0000000800000000)
  region size 2048K, 3 young (6144K), 3 survivors (6144K)
 Metaspace       used 56593K, committed 58112K, reserved 491520K
  class space    used 8046K, committed 8768K, reserved 425984K
}
Event: 4.714 GC heap before
{Heap before GC invocations=14 (full 0):
 garbage-first heap   total 126976K, used 67169K [0x0000000700000000, 0x0000000800000000)
  region size 2048K, 7 young (14336K), 3 survivors (6144K)
 Metaspace       used 56974K, committed 58496K, reserved 491520K
  class space    used 8108K, committed 8832K, reserved 425984K
}
Event: 4.717 GC heap after
{Heap after GC invocations=15 (full 0):
 garbage-first heap   total 126976K, used 61546K [0x0000000700000000, 0x0000000800000000)
  region size 2048K, 3 young (6144K), 3 survivors (6144K)
 Metaspace       used 56974K, committed 58496K, reserved 491520K
  class space    used 8108K, committed 8832K, reserved 425984K
}
Event: 5.430 GC heap before
{Heap before GC invocations=16 (full 0):
 garbage-first heap   total 126976K, used 110698K [0x0000000700000000, 0x0000000800000000)
  region size 2048K, 27 young (55296K), 3 survivors (6144K)
 Metaspace       used 58824K, committed 60480K, reserved 491520K
  class space    used 8339K, committed 9088K, reserved 425984K
}
Event: 5.434 GC heap after
{Heap after GC invocations=17 (full 0):
 garbage-first heap   total 126976K, used 69398K [0x0000000700000000, 0x0000000800000000)
  region size 2048K, 4 young (8192K), 4 survivors (8192K)
 Metaspace       used 58824K, committed 60480K, reserved 491520K
  class space    used 8339K, committed 9088K, reserved 425984K
}
Event: 5.851 GC heap before
{Heap before GC invocations=17 (full 0):
 garbage-first heap   total 126976K, used 112406K [0x0000000700000000, 0x0000000800000000)
  region size 2048K, 25 young (51200K), 4 survivors (8192K)
 Metaspace       used 63549K, committed 65408K, reserved 491520K
  class space    used 9098K, committed 9984K, reserved 425984K
}
Event: 5.855 GC heap after
{Heap after GC invocations=18 (full 0):
 garbage-first heap   total 126976K, used 72438K [0x0000000700000000, 0x0000000800000000)
  region size 2048K, 2 young (4096K), 2 survivors (4096K)
 Metaspace       used 63549K, committed 65408K, reserved 491520K
  class space    used 9098K, committed 9984K, reserved 425984K
}
Event: 6.254 GC heap before
{Heap before GC invocations=18 (full 0):
 garbage-first heap   total 126976K, used 113398K [0x0000000700000000, 0x0000000800000000)
  region size 2048K, 22 young (45056K), 2 survivors (4096K)
 Metaspace       used 67728K, committed 69632K, reserved 491520K
  class space    used 9722K, committed 10624K, reserved 425984K
}
Event: 6.258 GC heap after
{Heap after GC invocations=19 (full 0):
 garbage-first heap   total 126976K, used 74378K [0x0000000700000000, 0x0000000800000000)
  region size 2048K, 3 young (6144K), 3 survivors (6144K)
 Metaspace       used 67728K, committed 69632K, reserved 491520K
  class space    used 9722K, committed 10624K, reserved 425984K
}
Event: 12.978 GC heap before
{Heap before GC invocations=20 (full 0):
 garbage-first heap   total 126976K, used 115338K [0x0000000700000000, 0x0000000800000000)
  region size 2048K, 23 young (47104K), 3 survivors (6144K)
 Metaspace       used 75054K, committed 76992K, reserved 557056K
  class space    used 10682K, committed 11584K, reserved 425984K
}
Event: 12.983 GC heap after
{Heap after GC invocations=21 (full 0):
 garbage-first heap   total 126976K, used 79478K [0x0000000700000000, 0x0000000800000000)
  region size 2048K, 3 young (6144K), 3 survivors (6144K)
 Metaspace       used 75054K, committed 76992K, reserved 557056K
  class space    used 10682K, committed 11584K, reserved 425984K
}
Event: 13.179 GC heap before
{Heap before GC invocations=21 (full 0):
 garbage-first heap   total 126976K, used 112246K [0x0000000700000000, 0x0000000800000000)
  region size 2048K, 20 young (40960K), 3 survivors (6144K)
 Metaspace       used 75429K, committed 77440K, reserved 557056K
  class space    used 10702K, committed 11648K, reserved 425984K
}
Event: 13.183 GC heap after
{Heap after GC invocations=22 (full 0):
 garbage-first heap   total 126976K, used 81851K [0x0000000700000000, 0x0000000800000000)
  region size 2048K, 2 young (4096K), 2 survivors (4096K)
 Metaspace       used 75429K, committed 77440K, reserved 557056K
  class space    used 10702K, committed 11648K, reserved 425984K
}
Event: 13.282 GC heap before
{Heap before GC invocations=22 (full 0):
 garbage-first heap   total 126976K, used 114619K [0x0000000700000000, 0x0000000800000000)
  region size 2048K, 18 young (36864K), 2 survivors (4096K)
 Metaspace       used 75552K, committed 77504K, reserved 557056K
  class space    used 10702K, committed 11648K, reserved 425984K
}
Event: 13.338 GC heap after
{Heap after GC invocations=23 (full 0):
 garbage-first heap   total 153600K, used 82149K [0x0000000700000000, 0x0000000800000000)
  region size 2048K, 2 young (4096K), 2 survivors (4096K)
 Metaspace       used 75552K, committed 77504K, reserved 557056K
  class space    used 10702K, committed 11648K, reserved 425984K
}

Dll operation events (3 events):
Event: 0.008 Loaded shared library C:\Program Files\Android\Android Studio\jbr\bin\java.dll
Event: 0.011 Loaded shared library C:\Program Files\Android\Android Studio\jbr\bin\zip.dll
Event: 0.471 Loaded shared library C:\Program Files\Android\Android Studio\jbr\bin\verify.dll

Deoptimization events (20 events):
Event: 13.021 Thread 0x0000028b959a1510 DEOPT PACKING pc=0x0000028b80c61c59 sp=0x000000d28cbf4fe0
Event: 13.021 Thread 0x0000028b959a1510 DEOPT UNPACKING pc=0x0000028b87584bc2 sp=0x000000d28cbf4490 mode 0
Event: 13.081 Thread 0x0000028b959a1510 Uncommon trap: trap_request=0xffffff45 fr.pc=0x0000028b87d7229c relative=0x000000000000021c
Event: 13.081 Thread 0x0000028b959a1510 Uncommon trap: reason=unstable_if action=reinterpret pc=0x0000028b87d7229c method=org.gradle.internal.snapshot.PathUtil.equalChars(CCLorg/gradle/internal/snapshot/CaseSensitivity;)Z @ 11 c2
Event: 13.081 Thread 0x0000028b959a1510 DEOPT PACKING pc=0x0000028b87d7229c sp=0x000000d28cbf2660
Event: 13.081 Thread 0x0000028b959a1510 DEOPT UNPACKING pc=0x0000028b87584422 sp=0x000000d28cbf25e8 mode 2
Event: 13.081 Thread 0x0000028b959a1510 Uncommon trap: trap_request=0xffffff45 fr.pc=0x0000028b87bb1708 relative=0x0000000000000068
Event: 13.081 Thread 0x0000028b959a1510 Uncommon trap: reason=unstable_if action=reinterpret pc=0x0000028b87bb1708 method=org.gradle.internal.snapshot.PathUtil.compareCharsIgnoringCase(CC)I @ 11 c2
Event: 13.081 Thread 0x0000028b959a1510 DEOPT PACKING pc=0x0000028b87bb1708 sp=0x000000d28cbf2430
Event: 13.081 Thread 0x0000028b959a1510 DEOPT UNPACKING pc=0x0000028b87584422 sp=0x000000d28cbf23d0 mode 2
Event: 13.086 Thread 0x0000028b959a1510 Uncommon trap: trap_request=0xffffff45 fr.pc=0x0000028b87e94ba4 relative=0x00000000000001c4
Event: 13.086 Thread 0x0000028b959a1510 Uncommon trap: reason=unstable_if action=reinterpret pc=0x0000028b87e94ba4 method=org.gradle.internal.snapshot.VfsRelativePath.isPrefix(Ljava/lang/String;ILjava/lang/String;ILorg/gradle/internal/snapshot/CaseSensitivity;)Z @ 101 c2
Event: 13.086 Thread 0x0000028b959a1510 DEOPT PACKING pc=0x0000028b87e94ba4 sp=0x000000d28cbf34c0
Event: 13.086 Thread 0x0000028b959a1510 DEOPT UNPACKING pc=0x0000028b87584422 sp=0x000000d28cbf33a0 mode 2
Event: 13.086 Thread 0x0000028b959a1510 Uncommon trap: trap_request=0xffffff45 fr.pc=0x0000028b87c9e588 relative=0x0000000000000828
Event: 13.086 Thread 0x0000028b959a1510 Uncommon trap: reason=unstable_if action=reinterpret pc=0x0000028b87c9e588 method=org.gradle.internal.snapshot.VfsRelativePath.isPrefix(Ljava/lang/String;ILjava/lang/String;ILorg/gradle/internal/snapshot/CaseSensitivity;)Z @ 101 c2
Event: 13.086 Thread 0x0000028b959a1510 DEOPT PACKING pc=0x0000028b87c9e588 sp=0x000000d28cbf2e10
Event: 13.086 Thread 0x0000028b959a1510 DEOPT UNPACKING pc=0x0000028b87584422 sp=0x000000d28cbf2d98 mode 2
Event: 13.204 Thread 0x0000028b96079610 DEOPT PACKING pc=0x0000028b80809052 sp=0x000000d28f4fc740
Event: 13.204 Thread 0x0000028b96079610 DEOPT UNPACKING pc=0x0000028b87584bc2 sp=0x000000d28f4fbc50 mode 0

Classes loaded (20 events):
Event: 12.622 Loading class jdk/internal/event/TLSHandshakeEvent
Event: 12.622 Loading class jdk/internal/event/TLSHandshakeEvent done
Event: 12.738 Loading class sun/security/ssl/PostHandshakeContext
Event: 12.738 Loading class sun/security/ssl/PostHandshakeContext done
Event: 12.738 Loading class sun/security/ssl/NewSessionTicket$T13NewSessionTicketMessage
Event: 12.738 Loading class sun/security/ssl/NewSessionTicket$NewSessionTicketMessage
Event: 12.738 Loading class sun/security/ssl/NewSessionTicket$NewSessionTicketMessage done
Event: 12.738 Loading class sun/security/ssl/NewSessionTicket$T13NewSessionTicketMessage done
Event: 12.757 Loading class java/nio/charset/UnsupportedCharsetException
Event: 12.758 Loading class java/nio/charset/UnsupportedCharsetException done
Event: 12.928 Loading class java/util/Collections$ReverseComparator
Event: 12.928 Loading class java/util/Collections$ReverseComparator done
Event: 12.928 Loading class java/util/Collections$ReverseComparator2
Event: 12.929 Loading class java/util/Collections$ReverseComparator2 done
Event: 12.984 Loading class sun/security/ssl/Alert
Event: 12.984 Loading class sun/security/ssl/Alert done
Event: 12.984 Loading class sun/security/ssl/Alert$AlertConsumer
Event: 12.984 Loading class sun/security/ssl/Alert$AlertConsumer done
Event: 12.984 Loading class sun/security/ssl/Alert$Level
Event: 12.984 Loading class sun/security/ssl/Alert$Level done

Classes unloaded (0 events):
No events

Classes redefined (0 events):
No events

Internal exceptions (20 events):
Event: 13.278 Thread 0x0000028b96078260 Exception <a 'sun/nio/fs/WindowsException'{0x0000000705077bd0}> (0x0000000705077bd0) 
thrown [s\src\hotspot\share\prims\jni.cpp, line 537]
Event: 13.280 Thread 0x0000028b96076820 Exception <a 'sun/nio/fs/WindowsException'{0x000000070510a7b0}> (0x000000070510a7b0) 
thrown [s\src\hotspot\share\prims\jni.cpp, line 537]
Event: 13.339 Thread 0x0000028b959a1510 Exception <a 'sun/nio/fs/WindowsException'{0x00000007ff222b28}> (0x00000007ff222b28) 
thrown [s\src\hotspot\share\prims\jni.cpp, line 537]
Event: 13.339 Thread 0x0000028b96078260 Exception <a 'sun/nio/fs/WindowsException'{0x00000007ff2c9ef0}> (0x00000007ff2c9ef0) 
thrown [s\src\hotspot\share\prims\jni.cpp, line 537]
Event: 13.340 Thread 0x0000028b96079ca0 Exception <a 'sun/nio/fs/WindowsException'{0x00000007ff2f1f00}> (0x00000007ff2f1f00) 
thrown [s\src\hotspot\share\prims\jni.cpp, line 537]
Event: 13.346 Thread 0x0000028b96078260 Exception <a 'sun/nio/fs/WindowsException'{0x000000070fa08080}> (0x000000070fa08080) 
thrown [s\src\hotspot\share\prims\jni.cpp, line 537]
Event: 13.346 Thread 0x0000028b959a1510 Exception <a 'sun/nio/fs/WindowsException'{0x000000070fa1cd48}> (0x000000070fa1cd48) 
thrown [s\src\hotspot\share\prims\jni.cpp, line 537]
Event: 13.346 Thread 0x0000028b96076820 Exception <a 'sun/nio/fs/WindowsException'{0x000000070fa0f488}> (0x000000070fa0f488) 
thrown [s\src\hotspot\share\prims\jni.cpp, line 537]
Event: 13.346 Thread 0x0000028b96079ca0 Exception <a 'sun/nio/fs/WindowsException'{0x000000070fab15a0}> (0x000000070fab15a0) 
thrown [s\src\hotspot\share\prims\jni.cpp, line 537]
Event: 13.352 Thread 0x0000028b959a1510 Exception <a 'sun/nio/fs/WindowsException'{0x000000070fb59058}> (0x000000070fb59058) 
thrown [s\src\hotspot\share\prims\jni.cpp, line 537]
Event: 13.353 Thread 0x0000028b96079ca0 Exception <a 'sun/nio/fs/WindowsException'{0x000000070846f800}> (0x000000070846f800) 
thrown [s\src\hotspot\share\prims\jni.cpp, line 537]
Event: 13.353 Thread 0x0000028b96076820 Exception <a 'sun/nio/fs/WindowsException'{0x00000007084514a0}> (0x00000007084514a0) 
thrown [s\src\hotspot\share\prims\jni.cpp, line 537]
Event: 13.353 Thread 0x0000028b96078260 Exception <a 'sun/nio/fs/WindowsException'{0x000000070841fbd8}> (0x000000070841fbd8) 
thrown [s\src\hotspot\share\prims\jni.cpp, line 537]
Event: 13.358 Thread 0x0000028b96079ca0 Exception <a 'sun/nio/fs/WindowsException'{0x00000007085bca68}> (0x00000007085bca68) 
thrown [s\src\hotspot\share\prims\jni.cpp, line 537]
Event: 13.358 Thread 0x0000028b959a1510 Exception <a 'sun/nio/fs/WindowsException'{0x00000007085797d8}> (0x00000007085797d8) 
thrown [s\src\hotspot\share\prims\jni.cpp, line 537]
Event: 13.358 Thread 0x0000028b96078260 Exception <a 'sun/nio/fs/WindowsException'{0x00000007085e1718}> (0x00000007085e1718) 
thrown [s\src\hotspot\share\prims\jni.cpp, line 537]
Event: 13.359 Thread 0x0000028b96076820 Exception <a 'sun/nio/fs/WindowsException'{0x000000070822c178}> (0x000000070822c178) 
thrown [s\src\hotspot\share\prims\jni.cpp, line 537]
Event: 13.363 Thread 0x0000028b96076820 Exception <a 'sun/nio/fs/WindowsException'{0x0000000708332a90}> (0x0000000708332a90) 
thrown [s\src\hotspot\share\prims\jni.cpp, line 537]
Event: 13.363 Thread 0x0000028b96078260 Exception <a 'sun/nio/fs/WindowsException'{0x00000007083735b0}> (0x00000007083735b0) 
thrown [s\src\hotspot\share\prims\jni.cpp, line 537]
Event: 13.364 Thread 0x0000028b96079ca0 Exception <a 'sun/nio/fs/WindowsException'{0x0000000708385368}> (0x0000000708385368) 
thrown [s\src\hotspot\share\prims\jni.cpp, line 537]

ZGC Phase Switch (0 events):
No events

VM Operations (20 events):
Event: 11.503 Executing VM operation: Cleanup done
Event: 12.454 Executing VM operation: HandshakeAllThreads (Deoptimize)
Event: 12.454 Executing VM operation: HandshakeAllThreads (Deoptimize) done
Event: 12.760 Executing VM operation: HandshakeAllThreads (Deoptimize)
Event: 12.761 Executing VM operation: HandshakeAllThreads (Deoptimize) done
Event: 12.761 Executing VM operation: Cleanup
Event: 12.761 Executing VM operation: Cleanup done
Event: 12.942 Executing VM operation: ICBufferFull
Event: 12.942 Executing VM operation: ICBufferFull done
Event: 12.967 Executing VM operation: HandshakeAllThreads (Deoptimize)
Event: 12.967 Executing VM operation: HandshakeAllThreads (Deoptimize) done
Event: 12.978 Executing VM operation: G1CollectForAllocation (G1 Evacuation Pause)
Event: 12.983 Executing VM operation: G1CollectForAllocation (G1 Evacuation Pause) done
Event: 13.086 Executing VM operation: ICBufferFull
Event: 13.086 Executing VM operation: ICBufferFull done
Event: 13.179 Executing VM operation: G1CollectForAllocation (G1 Evacuation Pause)
Event: 13.183 Executing VM operation: G1CollectForAllocation (G1 Evacuation Pause) done
Event: 13.282 Executing VM operation: G1CollectForAllocation (G1 Evacuation Pause)
Event: 13.339 Executing VM operation: G1CollectForAllocation (G1 Evacuation Pause) done
Event: 13.364 Executing VM operation: G1PauseRemark

Memory protections (0 events):
No events

Nmethod flushes (20 events):
Event: 6.274 Thread 0x0000028bf35cd980 flushing  nmethod 0x0000028b800e7c10
Event: 6.274 Thread 0x0000028bf35cd980 flushing  nmethod 0x0000028b801e6e10
Event: 6.274 Thread 0x0000028bf35cd980 flushing  nmethod 0x0000028b801e7810
Event: 6.274 Thread 0x0000028bf35cd980 flushing  nmethod 0x0000028b80223f10
Event: 6.274 Thread 0x0000028bf35cd980 flushing  nmethod 0x0000028b80224310
Event: 6.274 Thread 0x0000028bf35cd980 flushing  nmethod 0x0000028b80224690
Event: 6.274 Thread 0x0000028bf35cd980 flushing  nmethod 0x0000028b80238e90
Event: 6.274 Thread 0x0000028bf35cd980 flushing  nmethod 0x0000028b8035e090
Event: 6.274 Thread 0x0000028bf35cd980 flushing  nmethod 0x0000028b80390090
Event: 6.274 Thread 0x0000028bf35cd980 flushing  nmethod 0x0000028b80393f10
Event: 6.274 Thread 0x0000028bf35cd980 flushing  nmethod 0x0000028b803e6810
Event: 6.274 Thread 0x0000028bf35cd980 flushing  nmethod 0x0000028b803eaa90
Event: 6.274 Thread 0x0000028bf35cd980 flushing  nmethod 0x0000028b803eb310
Event: 6.274 Thread 0x0000028bf35cd980 flushing  nmethod 0x0000028b804ab610
Event: 6.274 Thread 0x0000028bf35cd980 flushing  nmethod 0x0000028b80523090
Event: 6.274 Thread 0x0000028bf35cd980 flushing  nmethod 0x0000028b805fdf10
Event: 6.274 Thread 0x0000028bf35cd980 flushing  nmethod 0x0000028b80602a10
Event: 6.274 Thread 0x0000028bf35cd980 flushing  nmethod 0x0000028b80651a90
Event: 6.274 Thread 0x0000028bf35cd980 flushing  nmethod 0x0000028b80652a90
Event: 6.274 Thread 0x0000028bf35cd980 flushing  nmethod 0x0000028b806f1a90

Events (20 events):
Event: 4.785 Thread 0x0000028b959a1510 Thread added: 0x0000028b97d09550
Event: 4.786 Thread 0x0000028b959a1510 Thread added: 0x0000028b97d081a0
Event: 4.786 Thread 0x0000028b959a1510 Thread added: 0x0000028b97d08830
Event: 4.818 Thread 0x0000028b959a1510 Thread added: 0x0000028b97d060d0
Event: 4.819 Thread 0x0000028b959a1510 Thread added: 0x0000028b97d09be0
Event: 4.819 Thread 0x0000028b959a1510 Thread added: 0x0000028b97d06760
Event: 7.276 Thread 0x0000028bff6aa110 Thread exited: 0x0000028bff6aa110
Event: 7.589 Thread 0x0000028bff225240 Thread exited: 0x0000028bff225240
Event: 12.447 Thread 0x0000028bfef0fcf0 Thread added: 0x0000028b9adf4920
Event: 12.494 Thread 0x0000028bfef10790 Thread added: 0x0000028b9adf34b0
Event: 12.738 Thread 0x0000028b9adf34b0 Thread exited: 0x0000028b9adf34b0
Event: 13.001 Thread 0x0000028b959a1510 Thread added: 0x0000028b96077540
Event: 13.001 Thread 0x0000028b959a1510 Thread added: 0x0000028b96076eb0
Event: 13.001 Thread 0x0000028b959a1510 Thread added: 0x0000028b96077bd0
Event: 13.080 Thread 0x0000028b959a1510 Thread added: 0x0000028b96078f80
Event: 13.081 Thread 0x0000028b959a1510 Thread added: 0x0000028b96079610
Event: 13.082 Thread 0x0000028b959a1510 Thread added: 0x0000028b96076190
Event: 13.258 Thread 0x0000028b959a1510 Thread added: 0x0000028b96079ca0
Event: 13.258 Thread 0x0000028b959a1510 Thread added: 0x0000028b96078260
Event: 13.259 Thread 0x0000028b959a1510 Thread added: 0x0000028b96076820


Dynamic libraries:
0x00007ff6c61c0000 - 0x00007ff6c61ca000 	C:\Program Files\Android\Android Studio\jbr\bin\java.exe
0x00007ff9e6ea0000 - 0x00007ff9e7108000 	C:\WINDOWS\SYSTEM32\ntdll.dll
0x00007ff9e6510000 - 0x00007ff9e65d9000 	C:\WINDOWS\System32\KERNEL32.DLL
0x00007ff9e4630000 - 0x00007ff9e4a21000 	C:\WINDOWS\System32\KERNELBASE.dll
0x00007ff9e44e0000 - 0x00007ff9e462b000 	C:\WINDOWS\System32\ucrtbase.dll
0x00007ff9dec40000 - 0x00007ff9dec58000 	C:\Program Files\Android\Android Studio\jbr\bin\jli.dll
0x00007ff9dda00000 - 0x00007ff9dda1b000 	C:\Program Files\Android\Android Studio\jbr\bin\VCRUNTIME140.dll
0x00007ff9e59e0000 - 0x00007ff9e5ba6000 	C:\WINDOWS\System32\USER32.dll
0x00007ff9e3a60000 - 0x00007ff9e3a87000 	C:\WINDOWS\System32\win32u.dll
0x00007ff9cab60000 - 0x00007ff9cadf3000 	C:\WINDOWS\WinSxS\amd64_microsoft.windows.common-controls_6595b64144ccf1df_6.0.26100.7824_none_3e0870b2e3345462\COMCTL32.dll
0x00007ff9e66a0000 - 0x00007ff9e66cb000 	C:\WINDOWS\System32\GDI32.dll
0x00007ff9e3b40000 - 0x00007ff9e3c6b000 	C:\WINDOWS\System32\gdi32full.dll
0x00007ff9e5bb0000 - 0x00007ff9e5c59000 	C:\WINDOWS\System32\msvcrt.dll
0x00007ff9e3a90000 - 0x00007ff9e3b33000 	C:\WINDOWS\System32\msvcp_win.dll
0x00007ff9e6370000 - 0x00007ff9e63a1000 	C:\WINDOWS\System32\IMM32.DLL
0x00007ff9dd9c0000 - 0x00007ff9dd9cc000 	C:\Program Files\Android\Android Studio\jbr\bin\vcruntime140_1.dll
0x00007ff9ddab0000 - 0x00007ff9ddb3d000 	C:\Program Files\Android\Android Studio\jbr\bin\msvcp140.dll
0x00007ff9266d0000 - 0x00007ff927366000 	C:\Program Files\Android\Android Studio\jbr\bin\server\jvm.dll
0x00007ff9e61b0000 - 0x00007ff9e6264000 	C:\WINDOWS\System32\ADVAPI32.dll
0x00007ff9e65f0000 - 0x00007ff9e6696000 	C:\WINDOWS\System32\sechost.dll
0x00007ff9e6960000 - 0x00007ff9e6a78000 	C:\WINDOWS\System32\RPCRT4.dll
0x00007ff9e6270000 - 0x00007ff9e62e4000 	C:\WINDOWS\System32\WS2_32.dll
0x00007ff9e3370000 - 0x00007ff9e33ce000 	C:\WINDOWS\SYSTEM32\POWRPROF.dll
0x00007ff9d6420000 - 0x00007ff9d6455000 	C:\WINDOWS\SYSTEM32\WINMM.dll
0x00007ff9dcd10000 - 0x00007ff9dcd1b000 	C:\WINDOWS\SYSTEM32\VERSION.dll
0x00007ff9e3190000 - 0x00007ff9e31a4000 	C:\WINDOWS\SYSTEM32\UMPDC.dll
0x00007ff9e2520000 - 0x00007ff9e253b000 	C:\WINDOWS\SYSTEM32\kernel.appcore.dll
0x00007ff9dd2f0000 - 0x00007ff9dd2fa000 	C:\Program Files\Android\Android Studio\jbr\bin\jimage.dll
0x00007ff9e1470000 - 0x00007ff9e16b2000 	C:\WINDOWS\SYSTEM32\DBGHELP.DLL
0x00007ff9e5c60000 - 0x00007ff9e5fe6000 	C:\WINDOWS\System32\combase.dll
0x00007ff9e63b0000 - 0x00007ff9e6487000 	C:\WINDOWS\System32\OLEAUT32.dll
0x00007ff9b2b50000 - 0x00007ff9b2b8b000 	C:\WINDOWS\SYSTEM32\dbgcore.DLL
0x00007ff9e39b0000 - 0x00007ff9e3a55000 	C:\WINDOWS\System32\bcryptPrimitives.dll
0x00007ff9ddf40000 - 0x00007ff9ddf4e000 	C:\Program Files\Android\Android Studio\jbr\bin\instrument.dll
0x00007ff9d72f0000 - 0x00007ff9d7310000 	C:\Program Files\Android\Android Studio\jbr\bin\java.dll
0x00007ff9d72d0000 - 0x00007ff9d72e8000 	C:\Program Files\Android\Android Studio\jbr\bin\zip.dll
0x00007ff9e5210000 - 0x00007ff9e5962000 	C:\WINDOWS\System32\SHELL32.dll
0x00007ff9e3840000 - 0x00007ff9e39aa000 	C:\WINDOWS\System32\wintypes.dll
0x00007ff9e3c70000 - 0x00007ff9e44d3000 	C:\WINDOWS\System32\windows.storage.dll
0x00007ff9e60b0000 - 0x00007ff9e61a6000 	C:\WINDOWS\System32\SHCORE.dll
0x00007ff9e5970000 - 0x00007ff9e59d7000 	C:\WINDOWS\System32\shlwapi.dll
0x00007ff9e36a0000 - 0x00007ff9e36c9000 	C:\WINDOWS\SYSTEM32\profapi.dll
0x00007ff9dd2d0000 - 0x00007ff9dd2e0000 	C:\Program Files\Android\Android Studio\jbr\bin\net.dll
0x00007ff9dca60000 - 0x00007ff9dcb87000 	C:\WINDOWS\SYSTEM32\WINHTTP.dll
0x00007ff9e2a90000 - 0x00007ff9e2afb000 	C:\WINDOWS\system32\mswsock.dll
0x00007ff9d72b0000 - 0x00007ff9d72c6000 	C:\Program Files\Android\Android Studio\jbr\bin\nio.dll
0x00007ff9c57e0000 - 0x00007ff9c57f0000 	C:\Program Files\Android\Android Studio\jbr\bin\verify.dll
0x00007ff9e0860000 - 0x00007ff9e0887000 	C:\Users\ACER\.gradle\native\660c5614fbf4a5f2a75b1949f50a0caf5cd603558e7d8a26e50b933a0cfb79d1\windows-amd64\native-platform.dll
0x00007ff9dc5d0000 - 0x00007ff9dc647000 	C:\Users\ACER\.gradle\native\0.2.8\x86_64-windows-gnu\gradle-fileevents.dll
0x00007ff9d71b0000 - 0x00007ff9d71b9000 	C:\Program Files\Android\Android Studio\jbr\bin\management.dll
0x00007ff9d71a0000 - 0x00007ff9d71ab000 	C:\Program Files\Android\Android Studio\jbr\bin\management_ext.dll
0x00007ff9e65e0000 - 0x00007ff9e65e8000 	C:\WINDOWS\System32\PSAPI.DLL
0x00007ff9e1f00000 - 0x00007ff9e1f34000 	C:\WINDOWS\SYSTEM32\IPHLPAPI.DLL
0x00007ff9e6490000 - 0x00007ff9e649a000 	C:\WINDOWS\System32\NSI.dll
0x00007ff9d71c0000 - 0x00007ff9d71c9000 	C:\Program Files\Android\Android Studio\jbr\bin\extnet.dll
0x00007ff9e2d60000 - 0x00007ff9e2d7b000 	C:\WINDOWS\SYSTEM32\CRYPTSP.dll
0x00007ff9e2480000 - 0x00007ff9e24b9000 	C:\WINDOWS\system32\rsaenh.dll
0x00007ff9e2b40000 - 0x00007ff9e2b6b000 	C:\WINDOWS\SYSTEM32\USERENV.dll
0x00007ff9e3670000 - 0x00007ff9e369a000 	C:\WINDOWS\SYSTEM32\bcrypt.dll
0x00007ff9e2d80000 - 0x00007ff9e2d8c000 	C:\WINDOWS\SYSTEM32\CRYPTBASE.dll
0x00007ff9b8940000 - 0x00007ff9b8948000 	C:\WINDOWS\system32\wshunix.dll
0x00007ff9e1f90000 - 0x00007ff9e20bc000 	C:\WINDOWS\SYSTEM32\DNSAPI.dll
0x00007ff9db750000 - 0x00007ff9db75b000 	C:\Windows\System32\rasadhlp.dll
0x00007ff9dc160000 - 0x00007ff9dc1e6000 	C:\WINDOWS\System32\fwpuclnt.dll

JVMTI agents:
C:\Users\ACER\.gradle\wrapper\dists\gradle-9.2.1-bin\2t0n5ozlw9xmuyvbp7dnzaxug\gradle-9.2.1\lib\agents\gradle-instrumentation-agent-9.2.1.jar path:C:\Program Files\Android\Android Studio\jbr\bin\instrument.dll, loaded, initialized, instrumentlib options:none

dbghelp: loaded successfully - version: 4.0.5 - missing functions: none
symbol engine: initialized successfully - sym options: 0x614 - pdb path: .;C:\Program Files\Android\Android Studio\jbr\bin;C:\WINDOWS\SYSTEM32;C:\WINDOWS\WinSxS\amd64_microsoft.windows.common-controls_6595b64144ccf1df_6.0.26100.7824_none_3e0870b2e3345462;C:\Program Files\Android\Android Studio\jbr\bin\server;C:\Users\ACER\.gradle\native\660c5614fbf4a5f2a75b1949f50a0caf5cd603558e7d8a26e50b933a0cfb79d1\windows-amd64;C:\Users\ACER\.gradle\native\0.2.8\x86_64-windows-gnu

VM Arguments:
jvm_args: --add-opens=java.base/java.lang=ALL-UNNAMED --add-opens=java.base/java.lang.invoke=ALL-UNNAMED --add-opens=java.base/java.util=ALL-UNNAMED --add-opens=java.prefs/java.util.prefs=ALL-UNNAMED --add-exports=jdk.compiler/com.sun.tools.javac.api=ALL-UNNAMED --add-exports=jdk.compiler/com.sun.tools.javac.util=ALL-UNNAMED --add-opens=java.base/java.util=ALL-UNNAMED --add-opens=java.prefs/java.util.prefs=ALL-UNNAMED --add-opens=java.base/java.nio.charset=ALL-UNNAMED --add-opens=java.base/java.net=ALL-UNNAMED --add-opens=java.base/java.util.concurrent=ALL-UNNAMED --add-opens=java.base/java.util.concurrent.atomic=ALL-UNNAMED --add-opens=java.xml/javax.xml.namespace=ALL-UNNAMED --add-opens=java.base/java.time=ALL-UNNAMED -XX:MaxMetaspaceSize=512m -Xmx4g -Dfile.encoding=UTF-8 -Duser.country=US -Duser.language=en -Duser.variant -javaagent:C:\Users\ACER\.gradle\wrapper\dists\gradle-9.2.1-bin\2t0n5ozlw9xmuyvbp7dnzaxug\gradle-9.2.1\lib\agents\gradle-instrumentation-agent-9.2.1.jar 
java_command: org.gradle.launcher.daemon.bootstrap.GradleDaemon 9.2.1
java_class_path (initial): C:\Users\ACER\.gradle\wrapper\dists\gradle-9.2.1-bin\2t0n5ozlw9xmuyvbp7dnzaxug\gradle-9.2.1\lib\gradle-daemon-main-9.2.1.jar
Launcher Type: SUN_STANDARD

[Global flags]
     intx CICompilerCount                          = 4                                         {product} {ergonomic}
   size_t CompressedClassSpaceSize                 = 436207616                                 {product} {ergonomic}
     uint ConcGCThreads                            = 3                                         {product} {ergonomic}
     uint G1ConcRefinementThreads                  = 10                                        {product} {ergonomic}
   size_t G1HeapRegionSize                         = 2097152                                   {product} {ergonomic}
    uintx GCDrainStackTargetSize                   = 64                                        {product} {ergonomic}
   size_t InitialHeapSize                          = 264241152                                 {product} {ergonomic}
   size_t MarkStackSize                            = 4194304                                   {product} {ergonomic}
   size_t MaxHeapSize                              = 4294967296                                {product} {command line}
   size_t MaxMetaspaceSize                         = 536870912                                 {product} {command line}
   size_t MaxNewSize                               = 2575302656                                {product} {ergonomic}
   size_t MinHeapDeltaBytes                        = 2097152                                   {product} {ergonomic}
   size_t MinHeapSize                              = 8388608                                   {product} {ergonomic}
    uintx NonNMethodCodeHeapSize                   = 5839372                                {pd product} {ergonomic}
    uintx NonProfiledCodeHeapSize                  = 122909434                              {pd product} {ergonomic}
    uintx ProfiledCodeHeapSize                     = 122909434                              {pd product} {ergonomic}
    uintx ReservedCodeCacheSize                    = 251658240                              {pd product} {ergonomic}
     bool SegmentedCodeCache                       = true                                      {product} {ergonomic}
   size_t SoftMaxHeapSize                          = 4294967296                             {manageable} {ergonomic}
     bool UseCompressedOops                        = true                           {product lp64_product} {ergonomic}
     bool UseG1GC                                  = true                                      {product} {ergonomic}
     bool UseLargePagesIndividualAllocation        = false                                  {pd product} {ergonomic}

Logging:
Log output configuration:
 #0: stdout all=warning uptime,level,tags foldmultilines=false
 #1: stderr all=off uptime,level,tags foldmultilines=false

Release file:
JAVA_VERSION="21.0.9" 
MODULES="java.base java.compiler java.datatransfer java.xml java.prefs java.desktop java.instrument java.logging java.management java.security.sasl java.naming java.rmi java.management.rmi java.net.http java.scripting java.security.jgss java.transaction.xa java.sql java.sql.rowset java.xml.crypto java.se java.smartcardio jdk.accessibility jdk.internal.jvmstat jdk.attach jdk.charsets jdk.internal.opt jdk.zipfs jdk.compiler jdk.crypto.ec jdk.crypto.cryptoki jdk.dynalink jdk.hotspot.agent jdk.httpserver jdk.internal.ed jdk.internal.le jdk.internal.vm.ci jdk.jartool jdk.javadoc jdk.jcmd jdk.jdeps jdk.jdwp.agent jdk.jdi jdk.jfr jdk.jlink jdk.jsobject jdk.localedata jdk.management jdk.management.agent jdk.management.jfr jdk.naming.dns jdk.naming.rmi jdk.net jdk.sctp jdk.security.auth jdk.security.jgss jdk.unsupported jdk.unsupported.desktop jdk.xml.dom" 
IMPLEMENTOR="JetBrains s.r.o." 
JAVA_RUNTIME_VERSION="21.0.9+-14649483-b1163.86" 
LIBC="default" 
OS_ARCH="x86_64" 
OS_NAME="Windows" 
SOURCE=".:git:554d0c326095" 

Environment Variables:
JAVA_HOME=C:\Program Files\Java\jdk-25.0.1\bin
PATH=C:\Program Files\Common Files\Oracle\Java\javapath;C:\WINDOWS\system32;C:\WINDOWS;C:\WINDOWS\System32\Wbem;C:\WINDOWS\System32\WindowsPowerShell\v1.0\;C:\WINDOWS\System32\OpenSSH\;C:\Program Files\NVIDIA Corporation\NVIDIA app\NvDLISR;C:\Program Files\Java\jdk-23\bin;C:\Program Files (x86)\NVIDIA Corporation\PhysX\Common;C:\Program Files\Git\cmd;C:\Program Files\Java\jdk-25.0.1\bin\bin;C:\Users\ACER\AppData\Local\Microsoft\WindowsApps;C:\Users\ACER\AppData\Local\Programs\Microsoft VS Code\bin
USERNAME=ACER
OS=Windows_NT
PROCESSOR_IDENTIFIER=Intel64 Family 6 Model 154 Stepping 3, GenuineIntel
TMP=C:\Users\ACER\AppData\Local\Temp
TEMP=C:\Users\ACER\AppData\Local\Temp




Periodic native trim disabled

JNI global refs:
JNI global refs: 31, weak refs: 4

JNI global refs memory usage: 835, weak refs: 833

Process memory usage:
Resident Set Size: 356052K (2% of 16456184K total physical memory with 2773028K free physical memory)

OOME stack traces (most recent first):
Classloader memory used:
Loader org.gradle.internal.classloader.VisitableURLClassLoader                         : 34510K
Loader bootstrap                                                                       : 27439K
Loader org.gradle.initialization.MixInLegacyTypesClassLoader                           : 10855K
Loader org.gradle.internal.classloader.VisitableURLClassLoader                         : 986K
Loader org.gradle.internal.classloader.VisitableURLClassLoader$InstrumentingVisitableURLClassLoader: 699K
Loader jdk.internal.loader.ClassLoaders$PlatformClassLoader                            : 418K
Loader jdk.internal.reflect.DelegatingClassLoader                                      : 300K
Loader jdk.internal.loader.ClassLoaders$AppClassLoader                                 : 230K
Loader org.gradle.groovy.scripts.internal.DefaultScriptCompilationHandler$ScriptClassLoader: 151K

Classes loaded by more than one classloader:
Class org.gradle.internal.IoActions                                                   : loaded 3 times (x 71B)
Class org.gradle.api.Action                                                           : loaded 3 times (x 70B)
Class org.gradle.internal.Cast                                                        : loaded 3 times (x 71B)
Class org.gradle.api.GradleException                                                  : loaded 3 times (x 82B)
Class com.google.common.collect.UnmodifiableListIterator                              : loaded 2 times (x 95B)
Class org.gradle.internal.operations.MultipleBuildOperationFailures                   : loaded 2 times (x 95B)
Class org.gradle.internal.classloader.DefaultClassLoaderFactory                       : loaded 2 times (x 82B)
Class kotlin.collections.AbstractList$Companion                                       : loaded 2 times (x 71B)
Class org.gradle.internal.classloader.ClassLoaderVisitor                              : loaded 2 times (x 76B)
Class settings_c59gapz8lp9x1ah5934ve5s5c$_run_closure1$_closure2                      : loaded 2 times (x 139B)
Class ijInit1_a7zc6o0pmplhgsoljtqddwhxf                                               : loaded 2 times (x 171B)
Class org.gradle.api.internal.classpath.EffectiveClassPath                            : loaded 2 times (x 90B)
Class org.gradle.tooling.internal.gradle.DefaultProjectIdentifier                     : loaded 2 times (x 86B)
Class org.gradle.api.internal.DefaultClassPathProvider                                : loaded 2 times (x 76B)
Class [Lorg.gradle.api.internal.ClassPathProvider;                                    : loaded 2 times (x 69B)
Class org.gradle.api.internal.ClassPathProvider                                       : loaded 2 times (x 70B)
Class org.gradle.internal.service.UnknownServiceException                             : loaded 2 times (x 83B)
Class sync_studio_tooling3_15m81hjqsxmfbg46eiuet3ga4$_run_closure1                    : loaded 2 times (x 139B)
Class org.gradle.internal.classpath.TransformedClassPath                              : loaded 2 times (x 96B)
Class org.gradle.internal.classloader.InstrumentingClassLoader                        : loaded 2 times (x 70B)
Class com.google.common.collect.Iterators$ArrayItr                                    : loaded 2 times (x 97B)
Class kotlin.enums.EnumEntriesList                                                    : loaded 2 times (x 223B)
Class com.google.common.collect.UnmodifiableIterator                                  : loaded 2 times (x 80B)
Class org.gradle.internal.service.ServiceLocator                                      : loaded 2 times (x 70B)
Class com.intellij.gradle.toolingExtension.util.GradleVersionUtil                     : loaded 2 times (x 71B)
Class com.google.common.collect.Iterators$SingletonIterator                           : loaded 2 times (x 81B)
Class org.gradle.tooling.model.UnsupportedMethodException                             : loaded 2 times (x 82B)
Class com.google.common.collect.Iterators                                             : loaded 2 times (x 71B)
Class com.google.common.collect.Lists$StringAsImmutableList                           : loaded 2 times (x 207B)
Class settings_c59gapz8lp9x1ah5934ve5s5c                                              : loaded 2 times (x 171B)
Class sync_studio_tooling3_15m81hjqsxmfbg46eiuet3ga4                                  : loaded 2 times (x 171B)
Class org.gradle.internal.time.DefaultTimer                                           : loaded 2 times (x 80B)
Class org.gradle.internal.classloader.ClasspathUtil$1                                 : loaded 2 times (x 76B)
Class org.gradle.api.internal.classpath.DefaultModuleRegistry$DefaultModule           : loaded 2 times (x 86B)
Class com.google.common.collect.AbstractIterator                                      : loaded 2 times (x 82B)
Class com.google.common.collect.AbstractIndexedListIterator                           : loaded 2 times (x 96B)
Class org.gradle.internal.time.DefaultCountdownTimer                                  : loaded 2 times (x 88B)
Class org.gradle.tooling.internal.gradle.DefaultBuildIdentifier                       : loaded 2 times (x 79B)
Class org.gradle.api.internal.classpath.Module                                        : loaded 2 times (x 70B)
Class org.gradle.api.internal.classpath.UnknownModuleException                        : loaded 2 times (x 82B)
Class org.gradle.tooling.internal.gradle.GradleProjectIdentity                        : loaded 2 times (x 70B)
Class org.gradle.api.internal.DefaultClassPathRegistry                                : loaded 2 times (x 76B)
Class org.gradle.api.internal.classpath.ManifestUtil                                  : loaded 2 times (x 71B)
Class org.gradle.internal.classpath.DefaultClassPath$ImmutableUniqueList              : loaded 2 times (x 199B)
Class org.gradle.internal.classpath.ClassPath                                         : loaded 2 times (x 70B)
Class com.google.common.collect.Iterators$1                                           : loaded 2 times (x 81B)
Class org.gradle.tooling.model.Model                                                  : loaded 2 times (x 70B)
Class kotlin.UninitializedPropertyAccessException                                     : loaded 2 times (x 82B)
Class com.google.common.collect.Iterators$4                                           : loaded 2 times (x 82B)
Class org.gradle.api.internal.classpath.ModuleRegistry                                : loaded 2 times (x 70B)
Class org.gradle.internal.installation.GradleInstallation$1                           : loaded 2 times (x 75B)
Class com.google.common.collect.Iterators$5                                           : loaded 2 times (x 82B)
Class com.google.common.collect.ImmutableCollection                                   : loaded 2 times (x 125B)
Class org.gradle.api.internal.classpath.DefaultModuleRegistry                         : loaded 2 times (x 86B)
Class com.google.common.collect.Lists                                                 : loaded 2 times (x 71B)
Class com.google.common.collect.Iterators$9                                           : loaded 2 times (x 81B)
Class org.gradle.internal.time.MonotonicClock                                         : loaded 2 times (x 77B)
Class org.gradle.internal.service.ServiceLookupException                              : loaded 2 times (x 82B)
Class org.gradle.internal.classloader.ClassLoaderFactory                              : loaded 2 times (x 70B)
Class org.gradle.internal.service.CachingServiceLocator                               : loaded 2 times (x 82B)
Class org.gradle.internal.time.TimeSource                                             : loaded 2 times (x 70B)
Class org.gradle.tooling.internal.gradle.GradleBuildIdentity                          : loaded 2 times (x 70B)
Class kotlin.enums.EnumEntries                                                        : loaded 2 times (x 70B)
Class org.gradle.internal.exceptions.ResolutionProvider                               : loaded 2 times (x 70B)
Class org.gradle.tooling.model.ProjectIdentifier                                      : loaded 2 times (x 70B)
Class org.gradle.internal.classloader.ClasspathUtil                                   : loaded 2 times (x 71B)
Class org.gradle.internal.time.TimeSource$1                                           : loaded 2 times (x 77B)
Class kotlin.jvm.internal.DefaultConstructorMarker                                    : loaded 2 times (x 71B)
Class org.gradle.api.specs.Spec                                                       : loaded 2 times (x 70B)
Class com.intellij.gradle.toolingExtension.impl.model.utilDummyModel.DummyModel       : loaded 2 times (x 70B)
Class org.gradle.internal.time.Clock                                                  : loaded 2 times (x 70B)
Class kotlin.collections.AbstractList                                                 : loaded 2 times (x 197B)
Class kotlin.collections.AbstractCollection                                           : loaded 2 times (x 117B)
Class ijInit1_a7zc6o0pmplhgsoljtqddwhxf$_run_closure1                                 : loaded 2 times (x 140B)
Class org.gradle.internal.classloader.VisitableURLClassLoader$InstrumentingVisitableURLClassLoader: loaded 2 times (x 123B)
Class org.gradle.internal.classloader.VisitableURLClassLoader$Spec                    : loaded 2 times (x 74B)
Class org.gradle.internal.classpath.DefaultClassPath                                  : loaded 2 times (x 90B)
Class org.gradle.util.internal.DefaultGradleVersion                                   : loaded 2 times (x 82B)
Class org.gradle.internal.classloader.ClassLoaderSpec                                 : loaded 2 times (x 71B)
Class org.gradle.internal.classloader.VisitableURLClassLoader                         : loaded 2 times (x 117B)
Class org.gradle.internal.classloader.ClassLoaderHierarchy                            : loaded 2 times (x 70B)
Class org.gradle.internal.classloader.FilteringClassLoader                            : loaded 2 times (x 105B)
Class org.gradle.internal.classpath.DefaultClassPath$ImmutableUniqueList$Builder      : loaded 2 times (x 75B)
Class org.gradle.api.internal.ClassPathRegistry                                       : loaded 2 times (x 70B)
Class org.gradle.internal.exceptions.NonGradleCauseExceptionsHolder                   : loaded 2 times (x 70B)
Class kotlin.NotImplementedError                                                      : loaded 2 times (x 82B)
Class kotlin.enums.EnumEntriesKt                                                      : loaded 2 times (x 71B)
Class org.gradle.internal.classloader.SystemClassLoaderSpec                           : loaded 2 times (x 71B)
Class org.gradle.internal.exceptions.MultiCauseException                              : loaded 2 times (x 70B)
Class org.gradle.internal.time.CountdownTimer                                         : loaded 2 times (x 70B)
Class kotlin.jvm.internal.Intrinsics                                                  : loaded 2 times (x 71B)
Class org.gradle.tooling.model.ProjectModel                                           : loaded 2 times (x 70B)
Class kotlin.KotlinNullPointerException                                               : loaded 2 times (x 83B)
Class org.gradle.internal.exceptions.DefaultMultiCauseException                       : loaded 2 times (x 95B)
Class settings_c59gapz8lp9x1ah5934ve5s5c$_run_closure1                                : loaded 2 times (x 139B)
Class com.google.common.base.Preconditions                                            : loaded 2 times (x 71B)
Class com.google.common.collect.PeekingIterator                                       : loaded 2 times (x 70B)
Class org.gradle.internal.time.Time                                                   : loaded 2 times (x 71B)
Class org.gradle.api.internal.classpath.GlobalCacheRootsProvider                      : loaded 2 times (x 70B)
Class org.gradle.tooling.model.BuildIdentifier                                        : loaded 2 times (x 70B)
Class kotlin.NoWhenBranchMatchedException                                             : loaded 2 times (x 82B)
Class org.gradle.internal.time.Timer                                                  : loaded 2 times (x 70B)
Class kotlin.jvm.internal.markers.KMappedMarker                                       : loaded 2 times (x 70B)
Class org.gradle.internal.installation.CurrentGradleInstallationLocator               : loaded 2 times (x 71B)
Class com.google.common.collect.ImmutableList                                         : loaded 2 times (x 206B)
Class org.gradle.internal.service.DefaultServiceLocator                               : loaded 2 times (x 83B)
Class org.gradle.util.GradleVersion                                                   : loaded 2 times (x 81B)
Class org.gradle.internal.installation.CurrentGradleInstallation                      : loaded 2 times (x 73B)
Class org.gradle.util.internal.GUtil                                                  : loaded 2 times (x 71B)
Class com.google.common.collect.Iterators$MergingIterator                             : loaded 2 times (x 81B)
Class org.gradle.internal.installation.GradleInstallation                             : loaded 2 times (x 75B)

---------------  S Y S T E M  ---------------

OS:
 Windows 11 , 64 bit Build 26100 (10.0.26100.7705)
OS uptime: 0 days 3:38 hours
Hyper-V role detected

CPU: total 12 (initial active 12) (6 cores per cpu, 2 threads per core) family 6 model 154 stepping 3 microcode 0x423, cx8, cmov, fxsr, ht, mmx, 3dnowpref, sse, sse2, sse3, ssse3, sse4.1, sse4.2, popcnt, lzcnt, tsc, tscinvbit, avx, avx2, aes, erms, clmul, bmi1, bmi2, adx, sha, fma, vzeroupper, clflush, clflushopt, clwb, hv, serialize, rdtscp, rdpid, fsrm, f16c, cet_ibt, cet_ss
Processor Information for processor 0
  Max Mhz: 2500, Current Mhz: 2500, Mhz Limit: 2500
Processor Information for processor 1
  Max Mhz: 2500, Current Mhz: 2500, Mhz Limit: 2500
Processor Information for processor 2
  Max Mhz: 2500, Current Mhz: 2500, Mhz Limit: 2500
Processor Information for processor 3
  Max Mhz: 2500, Current Mhz: 2500, Mhz Limit: 2500
Processor Information for processor 4
  Max Mhz: 2500, Current Mhz: 2500, Mhz Limit: 2500
Processor Information for processor 5
  Max Mhz: 2500, Current Mhz: 2500, Mhz Limit: 2500
Processor Information for processor 6
  Max Mhz: 2500, Current Mhz: 2500, Mhz Limit: 2500
Processor Information for processor 7
  Max Mhz: 2500, Current Mhz: 2500, Mhz Limit: 2500
Processor Information for processor 8
  Max Mhz: 2500, Current Mhz: 1875, Mhz Limit: 1875
Processor Information for processor 9
  Max Mhz: 2500, Current Mhz: 1875, Mhz Limit: 1875
Processor Information for processor 10
  Max Mhz: 2500, Current Mhz: 1875, Mhz Limit: 1875
Processor Information for processor 11
  Max Mhz: 2500, Current Mhz: 1500, Mhz Limit: 1875

Memory: 4k page, system-wide physical 16070M (2705M free)
TotalPageFile size 16070M (AvailPageFile size 24M)
current process WorkingSet (physical memory assigned to process): 357M, peak: 357M
current process commit charge ("private bytes"): 409M, peak: 409M

vm_info: OpenJDK 64-Bit Server VM (21.0.9+-14649483-b1163.86) for windows-amd64 JRE (21.0.9+-14649483-b1163.86), built on 2025-12-30T22:08:35Z by "builder" with MS VC++ 16.10 / 16.11 (VS2019)

END.
