#
# There is insufficient memory for the Java Runtime Environment to continue.
# Native memory allocation (malloc) failed to allocate 1801728 bytes. Error detail: Chunk::new
# Possible reasons:
#   The system is out of physical RAM or swap space
#   This process is running with CompressedOops enabled, and the Java Heap may be blocking the growth of the native heap
# Possible solutions:
#   Reduce memory load on the system
#   Increase physical memory or swap space
#   Check if swap backing store is full
#   Decrease Java heap size (-Xmx/-Xms)
#   Decrease number of Java threads
#   Decrease Java thread stack sizes (-Xss)
#   Set larger code cache with -XX:ReservedCodeCacheSize=
#   JVM is running with Zero Based Compressed Oops mode in which the Java heap is
#     placed in the first 32GB address space. The Java Heap base address is the
#     maximum limit for the native heap growth. Please use -XX:HeapBaseMinAddress
#     to set the Java Heap base and to place the Java Heap above 32GB virtual address.
# This output file may be truncated or incomplete.
#
#  Out of Memory Error (arena.cpp:168), pid=8344, tid=16376
#
# JRE version: OpenJDK Runtime Environment (21.0.9) (build 21.0.9+-14649483-b1163.86)
# Java VM: OpenJDK 64-Bit Server VM (21.0.9+-14649483-b1163.86, mixed mode, tiered, compressed oops, compressed class ptrs, g1 gc, windows-amd64)
# No core dump will be written. Minidumps are not enabled by default on client versions of Windows
#

---------------  S U M M A R Y ------------

Command Line: --add-opens=java.base/java.lang=ALL-UNNAMED --add-opens=java.base/java.lang.invoke=ALL-UNNAMED --add-opens=java.base/java.util=ALL-UNNAMED --add-opens=java.prefs/java.util.prefs=ALL-UNNAMED --add-exports=jdk.compiler/com.sun.tools.javac.api=ALL-UNNAMED --add-exports=jdk.compiler/com.sun.tools.javac.util=ALL-UNNAMED --add-opens=java.base/java.util=ALL-UNNAMED --add-opens=java.prefs/java.util.prefs=ALL-UNNAMED --add-opens=java.base/java.nio.charset=ALL-UNNAMED --add-opens=java.base/java.net=ALL-UNNAMED --add-opens=java.base/java.util.concurrent=ALL-UNNAMED --add-opens=java.base/java.util.concurrent.atomic=ALL-UNNAMED --add-opens=java.xml/javax.xml.namespace=ALL-UNNAMED --add-opens=java.base/java.time=ALL-UNNAMED -XX:MaxMetaspaceSize=512m -Xmx4g -Dfile.encoding=UTF-8 -Duser.country=US -Duser.language=en -Duser.variant -javaagent:C:\Users\ACER\.gradle\wrapper\dists\gradle-9.2.1-bin\2t0n5ozlw9xmuyvbp7dnzaxug\gradle-9.2.1\lib\agents\gradle-instrumentation-agent-9.2.1.jar org.gradle.launcher.daemon.bootstrap.GradleDaemon 9.2.1

Host: 12th Gen Intel(R) Core(TM) i5-12450H, 12 cores, 15G,  Windows 11 , 64 bit Build 26100 (10.0.26100.7705)
Time: Mon Feb 23 02:22:28 2026 Nepal Standard Time elapsed time: 5.799431 seconds (0d 0h 0m 5s)

---------------  T H R E A D  ---------------

Current thread (0x0000026b518c61c0):  JavaThread "C2 CompilerThread0" daemon [_thread_in_native, id=16376, stack(0x0000007534e00000,0x0000007534f00000) (1024K)]


Current CompileTask:
C2:5799 8588       4       org.gradle.cache.internal.btree.CachingBlockStore::read (56 bytes)

Stack: [0x0000007534e00000,0x0000007534f00000]
Native frames: (J=compiled Java code, j=interpreted, Vv=VM code, C=native code)
V  [jvm.dll+0x6d6c99]
V  [jvm.dll+0x866b83]
V  [jvm.dll+0x86919e]
V  [jvm.dll+0x869883]
V  [jvm.dll+0x280776]
V  [jvm.dll+0xc07cd]
V  [jvm.dll+0xc0d03]
V  [jvm.dll+0x3b986b]
V  [jvm.dll+0x3856a7]
V  [jvm.dll+0x384b1a]
V  [jvm.dll+0x249462]
V  [jvm.dll+0x248a31]
V  [jvm.dll+0x1c7344]
V  [jvm.dll+0x2581ae]
V  [jvm.dll+0x2566f6]
V  [jvm.dll+0x3f48a6]
V  [jvm.dll+0x80f118]
V  [jvm.dll+0x6d54ed]
C  [ucrtbase.dll+0x37b0]
C  [KERNEL32.DLL+0x2e8d7]
C  [ntdll.dll+0x8c40c]


---------------  P R O C E S S  ---------------

Threads class SMR info:
_java_thread_list=0x0000026b5c8e80d0, length=65, elements={
0x0000026b373a9260, 0x0000026b518b1f40, 0x0000026b518e24b0, 0x0000026b518e2f30,
0x0000026b518e4870, 0x0000026b518cb960, 0x0000026b518c4d40, 0x0000026b518c53b0,
0x0000026b518c61c0, 0x0000026b518f7f10, 0x0000026b5603ead0, 0x0000026b5608b7c0,
0x0000026b561fcd70, 0x0000026b57f6cba0, 0x0000026b57e0ba30, 0x0000026b58b4cf70,
0x0000026b58926140, 0x0000026b57aa47a0, 0x0000026b588ce520, 0x0000026b588cff60,
0x0000026b588d05f0, 0x0000026b588cf240, 0x0000026b588cebb0, 0x0000026b588cf8d0,
0x0000026b588cd170, 0x0000026b588cd800, 0x0000026b58fe2600, 0x0000026b58fe3320,
0x0000026b58fe39b0, 0x0000026b58fe18e0, 0x0000026b58fe46d0, 0x0000026b58fe1f70,
0x0000026b58fe4040, 0x0000026b58fe1250, 0x0000026b58fe53f0, 0x0000026b58fe74c0,
0x0000026b58fe67a0, 0x0000026b58fe6110, 0x0000026b58fe6e30, 0x0000026b58fe5a80,
0x0000026b58fe81e0, 0x0000026b58fe7b50, 0x0000026b591bbc50, 0x0000026b591baf30,
0x0000026b591bb5c0, 0x0000026b591bc2e0, 0x0000026b591bdd20, 0x0000026b591bd690,
0x0000026b5ac818c0, 0x0000026b5ac7f160, 0x0000026b5ac80510, 0x0000026b5ac80ba0,
0x0000026b5ac81f50, 0x0000026b5ac81230, 0x0000026b5ac825e0, 0x0000026b5ac7f7f0,
0x0000026b5ac860f0, 0x0000026b5ac84d40, 0x0000026b5ac83990, 0x0000026b5ac86780,
0x0000026b5ac846b0, 0x0000026b5ac853d0, 0x0000026b5ac84020, 0x0000026b5ac85a60,
0x0000026b5636af20
}

Java Threads: ( => current thread )
  0x0000026b373a9260 JavaThread "main"                              [_thread_blocked, id=6500, stack(0x0000007533f00000,0x0000007534000000) (1024K)]
  0x0000026b518b1f40 JavaThread "Common-Cleaner"             daemon [_thread_blocked, id=2792, stack(0x0000007534700000,0x0000007534800000) (1024K)]
  0x0000026b518e24b0 JavaThread "Reference Handler"          daemon [_thread_blocked, id=2052, stack(0x0000007534800000,0x0000007534900000) (1024K)]
  0x0000026b518e2f30 JavaThread "Finalizer"                  daemon [_thread_blocked, id=21696, stack(0x0000007534900000,0x0000007534a00000) (1024K)]
  0x0000026b518e4870 JavaThread "Signal Dispatcher"          daemon [_thread_blocked, id=11456, stack(0x0000007534a00000,0x0000007534b00000) (1024K)]
  0x0000026b518cb960 JavaThread "Attach Listener"            daemon [_thread_blocked, id=9812, stack(0x0000007534b00000,0x0000007534c00000) (1024K)]
  0x0000026b518c4d40 JavaThread "Service Thread"             daemon [_thread_blocked, id=19144, stack(0x0000007534c00000,0x0000007534d00000) (1024K)]
  0x0000026b518c53b0 JavaThread "Monitor Deflation Thread"   daemon [_thread_blocked, id=21068, stack(0x0000007534d00000,0x0000007534e00000) (1024K)]
=>0x0000026b518c61c0 JavaThread "C2 CompilerThread0"         daemon [_thread_in_native, id=16376, stack(0x0000007534e00000,0x0000007534f00000) (1024K)]
  0x0000026b518f7f10 JavaThread "C1 CompilerThread0"         daemon [_thread_in_native, id=18492, stack(0x0000007534f00000,0x0000007535000000) (1024K)]
  0x0000026b5603ead0 JavaThread "Notification Thread"        daemon [_thread_blocked, id=22252, stack(0x0000007535000000,0x0000007535100000) (1024K)]
  0x0000026b5608b7c0 JavaThread "C2 CompilerThread1"         daemon [_thread_in_native, id=14416, stack(0x0000007535100000,0x0000007535200000) (1024K)]
  0x0000026b561fcd70 JavaThread "C2 CompilerThread2"         daemon [_thread_in_native, id=21996, stack(0x0000007535700000,0x0000007535800000) (1024K)]
  0x0000026b57f6cba0 JavaThread "Daemon health stats"               [_thread_blocked, id=17272, stack(0x0000007535800000,0x0000007535900000) (1024K)]
  0x0000026b57e0ba30 JavaThread "Incoming local TCP Connector on port 56103"        [_thread_in_native, id=6856, stack(0x0000007535900000,0x0000007535a00000) (1024K)]
  0x0000026b58b4cf70 JavaThread "Daemon periodic checks"            [_thread_blocked, id=4760, stack(0x0000007535a00000,0x0000007535b00000) (1024K)]
  0x0000026b58926140 JavaThread "Daemon"                            [_thread_blocked, id=17340, stack(0x0000007535b00000,0x0000007535c00000) (1024K)]
  0x0000026b57aa47a0 JavaThread "Handler for socket connection from /127.0.0.1:56103 to /127.0.0.1:56104"        [_thread_in_native, id=7928, stack(0x0000007535c00000,0x0000007535d00000) (1024K)]
  0x0000026b588ce520 JavaThread "Cancel handler"                    [_thread_blocked, id=11828, stack(0x0000007536300000,0x0000007536400000) (1024K)]
  0x0000026b588cff60 JavaThread "Daemon worker"                     [_thread_in_Java, id=20584, stack(0x0000007536400000,0x0000007536500000) (1024K)]
  0x0000026b588d05f0 JavaThread "Asynchronous log dispatcher for DefaultDaemonConnection: socket connection from /127.0.0.1:56103 to /127.0.0.1:56104"        [_thread_blocked, id=21496, stack(0x0000007536500000,0x0000007536600000) (1024K)]
  0x0000026b588cf240 JavaThread "Stdin handler"                     [_thread_blocked, id=21816, stack(0x0000007536600000,0x0000007536700000) (1024K)]
  0x0000026b588cebb0 JavaThread "Daemon client event forwarder"        [_thread_blocked, id=11128, stack(0x0000007536700000,0x0000007536800000) (1024K)]
  0x0000026b588cf8d0 JavaThread "Cache worker for journal cache (C:\Users\ACER\.gradle\caches\journal-1)"        [_thread_in_Java, id=12044, stack(0x0000007536800000,0x0000007536900000) (1024K)]
  0x0000026b588cd170 JavaThread "File lock request listener"        [_thread_in_native, id=17624, stack(0x0000007536900000,0x0000007536a00000) (1024K)]
  0x0000026b588cd800 JavaThread "Cache worker for file hash cache (C:\Users\ACER\.gradle\caches\9.2.1\fileHashes)"        [_thread_blocked, id=14996, stack(0x0000007536a00000,0x0000007536b00000) (1024K)]
  0x0000026b58fe2600 JavaThread "Cache worker for file hash cache (D:\Farmo-Project\Farmo-App\.gradle\9.2.1\fileHashes)"        [_thread_blocked, id=18552, stack(0x0000007536b00000,0x0000007536c00000) (1024K)]
  0x0000026b58fe3320 JavaThread "Cache worker for Build Output Cleanup Cache (D:\Farmo-Project\Farmo-App\.gradle\buildOutputCleanup)"        [_thread_blocked, id=19748, stack(0x0000007536c00000,0x0000007536d00000) (1024K)]
  0x0000026b58fe39b0 JavaThread "File watcher server"        daemon [_thread_in_native, id=22420, stack(0x0000007536d00000,0x0000007536e00000) (1024K)]
  0x0000026b58fe18e0 JavaThread "File watcher consumer"      daemon [_thread_blocked, id=22284, stack(0x0000007536e00000,0x0000007536f00000) (1024K)]
  0x0000026b58fe46d0 JavaThread "jar transforms"                    [_thread_blocked, id=19884, stack(0x0000007536f00000,0x0000007537000000) (1024K)]
  0x0000026b58fe1f70 JavaThread "jar transforms Thread 2"           [_thread_blocked, id=5884, stack(0x0000007537000000,0x0000007537100000) (1024K)]
  0x0000026b58fe4040 JavaThread "jar transforms Thread 3"           [_thread_blocked, id=12564, stack(0x0000007537100000,0x0000007537200000) (1024K)]
  0x0000026b58fe1250 JavaThread "jar transforms Thread 4"           [_thread_blocked, id=16672, stack(0x0000007537200000,0x0000007537300000) (1024K)]
  0x0000026b58fe53f0 JavaThread "jar transforms Thread 5"           [_thread_blocked, id=17596, stack(0x0000007537300000,0x0000007537400000) (1024K)]
  0x0000026b58fe74c0 JavaThread "jar transforms Thread 6"           [_thread_blocked, id=16676, stack(0x0000007537400000,0x0000007537500000) (1024K)]
  0x0000026b58fe67a0 JavaThread "jar transforms Thread 7"           [_thread_blocked, id=5936, stack(0x0000007537500000,0x0000007537600000) (1024K)]
  0x0000026b58fe6110 JavaThread "jar transforms Thread 8"           [_thread_blocked, id=20852, stack(0x0000007537600000,0x0000007537700000) (1024K)]
  0x0000026b58fe6e30 JavaThread "jar transforms Thread 9"           [_thread_blocked, id=6320, stack(0x0000007537700000,0x0000007537800000) (1024K)]
  0x0000026b58fe5a80 JavaThread "jar transforms Thread 10"          [_thread_blocked, id=6484, stack(0x0000007537800000,0x0000007537900000) (1024K)]
  0x0000026b58fe81e0 JavaThread "jar transforms Thread 11"          [_thread_blocked, id=21548, stack(0x0000007537900000,0x0000007537a00000) (1024K)]
  0x0000026b58fe7b50 JavaThread "jar transforms Thread 12"          [_thread_blocked, id=1772, stack(0x0000007537a00000,0x0000007537b00000) (1024K)]
  0x0000026b591bbc50 JavaThread "Cache worker for checksums cache (D:\Farmo-Project\Farmo-App\.gradle\9.2.1\checksums)"        [_thread_blocked, id=16324, stack(0x0000007537b00000,0x0000007537c00000) (1024K)]
  0x0000026b591baf30 JavaThread "Cache worker for file content cache (C:\Users\ACER\.gradle\caches\9.2.1\fileContent)"        [_thread_blocked, id=22504, stack(0x0000007537c00000,0x0000007537d00000) (1024K)]
  0x0000026b591bb5c0 JavaThread "Cache worker for cache directory md-supplier (C:\Users\ACER\.gradle\caches\9.2.1\md-supplier)"        [_thread_blocked, id=22508, stack(0x0000007537d00000,0x0000007537e00000) (1024K)]
  0x0000026b591bc2e0 JavaThread "Cache worker for cache directory md-rule (C:\Users\ACER\.gradle\caches\9.2.1\md-rule)"        [_thread_blocked, id=19032, stack(0x0000007537e00000,0x0000007537f00000) (1024K)]
  0x0000026b591bdd20 JavaThread "Unconstrained build operations"        [_thread_blocked, id=16592, stack(0x0000007537f00000,0x0000007538000000) (1024K)]
  0x0000026b591bd690 JavaThread "Unconstrained build operations Thread 2"        [_thread_blocked, id=20036, stack(0x0000007538000000,0x0000007538100000) (1024K)]
  0x0000026b5ac818c0 JavaThread "Unconstrained build operations Thread 3"        [_thread_blocked, id=18584, stack(0x0000007538100000,0x0000007538200000) (1024K)]
  0x0000026b5ac7f160 JavaThread "Unconstrained build operations Thread 4"        [_thread_blocked, id=14744, stack(0x0000007538200000,0x0000007538300000) (1024K)]
  0x0000026b5ac80510 JavaThread "Unconstrained build operations Thread 5"        [_thread_blocked, id=18952, stack(0x0000007538300000,0x0000007538400000) (1024K)]
  0x0000026b5ac80ba0 JavaThread "Unconstrained build operations Thread 6"        [_thread_blocked, id=18520, stack(0x0000007538400000,0x0000007538500000) (1024K)]
  0x0000026b5ac81f50 JavaThread "Unconstrained build operations Thread 7"        [_thread_blocked, id=17944, stack(0x0000007538500000,0x0000007538600000) (1024K)]
  0x0000026b5ac81230 JavaThread "Unconstrained build operations Thread 8"        [_thread_blocked, id=16072, stack(0x0000007538600000,0x0000007538700000) (1024K)]
  0x0000026b5ac825e0 JavaThread "Unconstrained build operations Thread 9"        [_thread_blocked, id=7800, stack(0x0000007538700000,0x0000007538800000) (1024K)]
  0x0000026b5ac7f7f0 JavaThread "Unconstrained build operations Thread 10"        [_thread_blocked, id=15996, stack(0x0000007538800000,0x0000007538900000) (1024K)]
  0x0000026b5ac860f0 JavaThread "Unconstrained build operations Thread 11"        [_thread_blocked, id=3332, stack(0x0000007538900000,0x0000007538a00000) (1024K)]
  0x0000026b5ac84d40 JavaThread "Unconstrained build operations Thread 12"        [_thread_blocked, id=21632, stack(0x0000007538a00000,0x0000007538b00000) (1024K)]
  0x0000026b5ac83990 JavaThread "Unconstrained build operations Thread 13"        [_thread_blocked, id=2240, stack(0x0000007538b00000,0x0000007538c00000) (1024K)]
  0x0000026b5ac86780 JavaThread "Unconstrained build operations Thread 14"        [_thread_blocked, id=10432, stack(0x0000007538c00000,0x0000007538d00000) (1024K)]
  0x0000026b5ac846b0 JavaThread "Unconstrained build operations Thread 15"        [_thread_blocked, id=21592, stack(0x0000007538d00000,0x0000007538e00000) (1024K)]
  0x0000026b5ac853d0 JavaThread "Unconstrained build operations Thread 16"        [_thread_blocked, id=13368, stack(0x0000007538e00000,0x0000007538f00000) (1024K)]
  0x0000026b5ac84020 JavaThread "Unconstrained build operations Thread 17"        [_thread_in_Java, id=20912, stack(0x0000007538f00000,0x0000007539000000) (1024K)]
  0x0000026b5ac85a60 JavaThread "Unconstrained build operations Thread 18"        [_thread_in_Java, id=18824, stack(0x0000007539000000,0x0000007539100000) (1024K)]
  0x0000026b5636af20 JavaThread "Unconstrained build operations Thread 19"        [_thread_blocked, id=19140, stack(0x0000007539100000,0x0000007539200000) (1024K)]
Total: 65

Other Threads:
  0x0000026b5182ba40 VMThread "VM Thread"                           [id=7044, stack(0x0000007534600000,0x0000007534700000) (1024K)]
  0x0000026b50d1d140 WatcherThread "VM Periodic Task Thread"        [id=17168, stack(0x0000007534500000,0x0000007534600000) (1024K)]
  0x0000026b37412ad0 WorkerThread "GC Thread#0"                     [id=20212, stack(0x0000007534000000,0x0000007534100000) (1024K)]
  0x0000026b562d27a0 WorkerThread "GC Thread#1"                     [id=5332, stack(0x0000007535200000,0x0000007535300000) (1024K)]
  0x0000026b5644d6b0 WorkerThread "GC Thread#2"                     [id=2692, stack(0x0000007535300000,0x0000007535400000) (1024K)]
  0x0000026b5644fe60 WorkerThread "GC Thread#3"                     [id=6248, stack(0x0000007535400000,0x0000007535500000) (1024K)]
  0x0000026b56450610 WorkerThread "GC Thread#4"                     [id=2224, stack(0x0000007535500000,0x0000007535600000) (1024K)]
  0x0000026b564509b0 WorkerThread "GC Thread#5"                     [id=21460, stack(0x0000007535600000,0x0000007535700000) (1024K)]
  0x0000026b57aa51a0 WorkerThread "GC Thread#6"                     [id=9744, stack(0x0000007535d00000,0x0000007535e00000) (1024K)]
  0x0000026b57063620 WorkerThread "GC Thread#7"                     [id=16380, stack(0x0000007535e00000,0x0000007535f00000) (1024K)]
  0x0000026b587cebb0 WorkerThread "GC Thread#8"                     [id=15776, stack(0x0000007535f00000,0x0000007536000000) (1024K)]
  0x0000026b587ce810 WorkerThread "GC Thread#9"                     [id=19760, stack(0x0000007536000000,0x0000007536100000) (1024K)]
  0x0000026b374244a0 ConcurrentGCThread "G1 Main Marker"            [id=8376, stack(0x0000007534100000,0x0000007534200000) (1024K)]
  0x0000026b374268d0 WorkerThread "G1 Conc#0"                       [id=420, stack(0x0000007534200000,0x0000007534300000) (1024K)]
  0x0000026b587cef50 WorkerThread "G1 Conc#1"                       [id=21244, stack(0x0000007536100000,0x0000007536200000) (1024K)]
  0x0000026b587cd990 WorkerThread "G1 Conc#2"                       [id=18120, stack(0x0000007536200000,0x0000007536300000) (1024K)]
  0x0000026b3746e7a0 ConcurrentGCThread "G1 Refine#0"               [id=14560, stack(0x0000007534300000,0x0000007534400000) (1024K)]
  0x0000026b50bf0440 ConcurrentGCThread "G1 Service"                [id=7456, stack(0x0000007534400000,0x0000007534500000) (1024K)]
Total: 18

Threads with active compile tasks:
C2 CompilerThread0  5815 8588       4       org.gradle.cache.internal.btree.CachingBlockStore::read (56 bytes)
C1 CompilerThread0  5815 8716  s    3       sun.nio.ch.FileLockImpl::release (78 bytes)
C2 CompilerThread1  5815 8720       4       org.gradle.api.internal.cache.StringInterner::intern (9 bytes)
C2 CompilerThread2  5815 8355       4       org.gradle.cache.internal.btree.FreeListBlockStore::read (12 bytes)
Total: 4

VM state: not at safepoint (normal execution)

VM Mutex/Monitor currently owned by a thread: None

Heap address: 0x0000000700000000, size: 4096 MB, Compressed Oops mode: Zero based, Oop shift amount: 3

CDS archive(s) not mapped
Compressed class space mapped at: 0x0000000800000000-0x000000081a000000, reserved size: 436207616
Narrow klass base: 0x0000000800000000, Narrow klass shift: 0, Narrow klass range: 0x1a000000

GC Precious Log:
 CardTable entry size: 512
 Card Set container configuration: InlinePtr #cards 4 size 8 Array Of Cards #cards 16 size 48 Howl #buckets 8 coarsen threshold 3686 Howl Bitmap #cards 512 size 80 coarsen threshold 460 Card regions per heap region 1 cards per card region 4096
 CPUs: 12 total, 12 available
 Memory: 16070M
 Large Page Support: Disabled
 NUMA Support: Disabled
 Compressed Oops: Enabled (Zero based)
 Heap Region Size: 2M
 Heap Min Capacity: 8M
 Heap Initial Capacity: 252M
 Heap Max Capacity: 4G
 Pre-touch: Disabled
 Parallel Workers: 10
 Concurrent Workers: 3
 Concurrent Refinement Workers: 10
 Periodic GC: Disabled

Heap:
 garbage-first heap   total 155648K, used 89222K [0x0000000700000000, 0x0000000800000000)
  region size 2048K, 7 young (14336K), 2 survivors (4096K)
 Metaspace       used 68912K, committed 70848K, reserved 491520K
  class space    used 9808K, committed 10752K, reserved 425984K

Heap Regions: E=young(eden), S=young(survivor), O=old, HS=humongous(starts), HC=humongous(continues), CS=collection set, F=free, TAMS=top-at-mark-start, PB=parsable bottom
|   0|0x0000000700000000, 0x0000000700200000, 0x0000000700200000|100%|HS|  |TAMS 0x0000000700000000| PB 0x0000000700000000| Complete 
|   1|0x0000000700200000, 0x0000000700400000, 0x0000000700400000|100%|HC|  |TAMS 0x0000000700200000| PB 0x0000000700200000| Complete 
|   2|0x0000000700400000, 0x0000000700600000, 0x0000000700600000|100%| O|  |TAMS 0x0000000700400000| PB 0x0000000700400000| Untracked 
|   3|0x0000000700600000, 0x0000000700800000, 0x0000000700800000|100%| O|  |TAMS 0x0000000700600000| PB 0x0000000700600000| Untracked 
|   4|0x0000000700800000, 0x0000000700a00000, 0x0000000700a00000|100%| O|  |TAMS 0x0000000700800000| PB 0x0000000700800000| Untracked 
|   5|0x0000000700a00000, 0x0000000700c00000, 0x0000000700c00000|100%| O|  |TAMS 0x0000000700a00000| PB 0x0000000700a00000| Untracked 
|   6|0x0000000700c00000, 0x0000000700e00000, 0x0000000700e00000|100%|HS|  |TAMS 0x0000000700c00000| PB 0x0000000700c00000| Complete 
|   7|0x0000000700e00000, 0x0000000701000000, 0x0000000701000000|100%|HC|  |TAMS 0x0000000700e00000| PB 0x0000000700e00000| Complete 
|   8|0x0000000701000000, 0x0000000701200000, 0x0000000701200000|100%|HC|  |TAMS 0x0000000701000000| PB 0x0000000701000000| Complete 
|   9|0x0000000701200000, 0x0000000701400000, 0x0000000701400000|100%|HS|  |TAMS 0x0000000701200000| PB 0x0000000701200000| Complete 
|  10|0x0000000701400000, 0x0000000701600000, 0x0000000701600000|100%|HS|  |TAMS 0x0000000701400000| PB 0x0000000701400000| Complete 
|  11|0x0000000701600000, 0x0000000701800000, 0x0000000701800000|100%|HC|  |TAMS 0x0000000701600000| PB 0x0000000701600000| Complete 
|  12|0x0000000701800000, 0x0000000701a00000, 0x0000000701a00000|100%|HC|  |TAMS 0x0000000701800000| PB 0x0000000701800000| Complete 
|  13|0x0000000701a00000, 0x0000000701c00000, 0x0000000701c00000|100%| O|  |TAMS 0x0000000701a00000| PB 0x0000000701a00000| Untracked 
|  14|0x0000000701c00000, 0x0000000701e00000, 0x0000000701e00000|100%| O|  |TAMS 0x0000000701c00000| PB 0x0000000701c00000| Untracked 
|  15|0x0000000701e00000, 0x0000000702000000, 0x0000000702000000|100%| O|  |TAMS 0x0000000701e00000| PB 0x0000000701e00000| Untracked 
|  16|0x0000000702000000, 0x0000000702200000, 0x0000000702200000|100%|HS|  |TAMS 0x0000000702000000| PB 0x0000000702000000| Complete 
|  17|0x0000000702200000, 0x0000000702400000, 0x0000000702400000|100%| O|  |TAMS 0x0000000702200000| PB 0x0000000702200000| Untracked 
|  18|0x0000000702400000, 0x0000000702600000, 0x0000000702600000|100%| O|  |TAMS 0x0000000702400000| PB 0x0000000702400000| Untracked 
|  19|0x0000000702600000, 0x0000000702800000, 0x0000000702800000|100%|HS|  |TAMS 0x0000000702600000| PB 0x0000000702600000| Complete 
|  20|0x0000000702800000, 0x0000000702a00000, 0x0000000702a00000|100%| O|  |TAMS 0x0000000702800000| PB 0x0000000702800000| Untracked 
|  21|0x0000000702a00000, 0x0000000702c00000, 0x0000000702c00000|100%| O|  |TAMS 0x0000000702a00000| PB 0x0000000702a00000| Untracked 
|  22|0x0000000702c00000, 0x0000000702e00000, 0x0000000702e00000|100%| O|  |TAMS 0x0000000702c00000| PB 0x0000000702c00000| Untracked 
|  23|0x0000000702e00000, 0x0000000703000000, 0x0000000703000000|100%| O|  |TAMS 0x0000000702e00000| PB 0x0000000702e00000| Untracked 
|  24|0x0000000703000000, 0x0000000703200000, 0x0000000703200000|100%| O|  |TAMS 0x0000000703000000| PB 0x0000000703000000| Untracked 
|  25|0x0000000703200000, 0x0000000703400000, 0x0000000703400000|100%| O|  |TAMS 0x0000000703200000| PB 0x0000000703200000| Untracked 
|  26|0x0000000703400000, 0x0000000703600000, 0x0000000703600000|100%| O|  |TAMS 0x0000000703400000| PB 0x0000000703400000| Untracked 
|  27|0x0000000703600000, 0x0000000703800000, 0x0000000703800000|100%| O|  |TAMS 0x0000000703600000| PB 0x0000000703600000| Untracked 
|  28|0x0000000703800000, 0x0000000703a00000, 0x0000000703a00000|100%| O|  |TAMS 0x0000000703800000| PB 0x0000000703800000| Untracked 
|  29|0x0000000703a00000, 0x0000000703c00000, 0x0000000703c00000|100%| O|Cm|TAMS 0x0000000703a00000| PB 0x0000000703a00000| Complete 
|  30|0x0000000703c00000, 0x0000000703c00000, 0x0000000703e00000|  0%| F|  |TAMS 0x0000000703c00000| PB 0x0000000703c00000| Untracked 
|  31|0x0000000703e00000, 0x0000000703e00000, 0x0000000704000000|  0%| F|  |TAMS 0x0000000703e00000| PB 0x0000000703e00000| Untracked 
|  32|0x0000000704000000, 0x0000000704000000, 0x0000000704200000|  0%| F|  |TAMS 0x0000000704000000| PB 0x0000000704000000| Untracked 
|  33|0x0000000704200000, 0x0000000704321b00, 0x0000000704400000| 56%| S|CS|TAMS 0x0000000704200000| PB 0x0000000704200000| Complete 
|  34|0x0000000704400000, 0x0000000704400000, 0x0000000704600000|  0%| F|  |TAMS 0x0000000704400000| PB 0x0000000704400000| Untracked 
|  35|0x0000000704600000, 0x0000000704600000, 0x0000000704800000|  0%| F|  |TAMS 0x0000000704600000| PB 0x0000000704600000| Untracked 
|  36|0x0000000704800000, 0x0000000704800000, 0x0000000704a00000|  0%| F|  |TAMS 0x0000000704800000| PB 0x0000000704800000| Untracked 
|  37|0x0000000704a00000, 0x0000000704a00000, 0x0000000704c00000|  0%| F|  |TAMS 0x0000000704a00000| PB 0x0000000704a00000| Untracked 
|  38|0x0000000704c00000, 0x0000000704e00000, 0x0000000704e00000|100%| S|CS|TAMS 0x0000000704c00000| PB 0x0000000704c00000| Complete 
|  39|0x0000000704e00000, 0x0000000704e00000, 0x0000000705000000|  0%| F|  |TAMS 0x0000000704e00000| PB 0x0000000704e00000| Untracked 
|  40|0x0000000705000000, 0x0000000705000000, 0x0000000705200000|  0%| F|  |TAMS 0x0000000705000000| PB 0x0000000705000000| Untracked 
|  41|0x0000000705200000, 0x0000000705200000, 0x0000000705400000|  0%| F|  |TAMS 0x0000000705200000| PB 0x0000000705200000| Untracked 
|  42|0x0000000705400000, 0x0000000705400000, 0x0000000705600000|  0%| F|  |TAMS 0x0000000705400000| PB 0x0000000705400000| Untracked 
|  43|0x0000000705600000, 0x0000000705600000, 0x0000000705800000|  0%| F|  |TAMS 0x0000000705600000| PB 0x0000000705600000| Untracked 
|  44|0x0000000705800000, 0x0000000705800000, 0x0000000705a00000|  0%| F|  |TAMS 0x0000000705800000| PB 0x0000000705800000| Untracked 
|  45|0x0000000705a00000, 0x0000000705a00000, 0x0000000705c00000|  0%| F|  |TAMS 0x0000000705a00000| PB 0x0000000705a00000| Untracked 
|  46|0x0000000705c00000, 0x0000000705c00000, 0x0000000705e00000|  0%| F|  |TAMS 0x0000000705c00000| PB 0x0000000705c00000| Untracked 
|  47|0x0000000705e00000, 0x0000000705e00000, 0x0000000706000000|  0%| F|  |TAMS 0x0000000705e00000| PB 0x0000000705e00000| Untracked 
|  48|0x0000000706000000, 0x0000000706000000, 0x0000000706200000|  0%| F|  |TAMS 0x0000000706000000| PB 0x0000000706000000| Untracked 
|  49|0x0000000706200000, 0x0000000706200000, 0x0000000706400000|  0%| F|  |TAMS 0x0000000706200000| PB 0x0000000706200000| Untracked 
|  50|0x0000000706400000, 0x0000000706400000, 0x0000000706600000|  0%| F|  |TAMS 0x0000000706400000| PB 0x0000000706400000| Untracked 
|  51|0x0000000706600000, 0x0000000706600000, 0x0000000706800000|  0%| F|  |TAMS 0x0000000706600000| PB 0x0000000706600000| Untracked 
|  52|0x0000000706800000, 0x0000000706800000, 0x0000000706a00000|  0%| F|  |TAMS 0x0000000706800000| PB 0x0000000706800000| Untracked 
|  53|0x0000000706a00000, 0x0000000706a00000, 0x0000000706c00000|  0%| F|  |TAMS 0x0000000706a00000| PB 0x0000000706a00000| Untracked 
|  54|0x0000000706c00000, 0x0000000706c00000, 0x0000000706e00000|  0%| F|  |TAMS 0x0000000706c00000| PB 0x0000000706c00000| Untracked 
|  55|0x0000000706e00000, 0x0000000706e00000, 0x0000000707000000|  0%| F|  |TAMS 0x0000000706e00000| PB 0x0000000706e00000| Untracked 
|  56|0x0000000707000000, 0x0000000707000000, 0x0000000707200000|  0%| F|  |TAMS 0x0000000707000000| PB 0x0000000707000000| Untracked 
|  57|0x0000000707200000, 0x0000000707200000, 0x0000000707400000|  0%| F|  |TAMS 0x0000000707200000| PB 0x0000000707200000| Untracked 
|  58|0x0000000707400000, 0x0000000707400000, 0x0000000707600000|  0%| F|  |TAMS 0x0000000707400000| PB 0x0000000707400000| Untracked 
|  59|0x0000000707600000, 0x0000000707600000, 0x0000000707800000|  0%| F|  |TAMS 0x0000000707600000| PB 0x0000000707600000| Untracked 
|  60|0x0000000707800000, 0x0000000707800000, 0x0000000707a00000|  0%| F|  |TAMS 0x0000000707800000| PB 0x0000000707800000| Untracked 
|  61|0x0000000707a00000, 0x0000000707a00000, 0x0000000707c00000|  0%| F|  |TAMS 0x0000000707a00000| PB 0x0000000707a00000| Untracked 
|  62|0x0000000707c00000, 0x0000000707c00000, 0x0000000707e00000|  0%| F|  |TAMS 0x0000000707c00000| PB 0x0000000707c00000| Untracked 
|  63|0x0000000707e00000, 0x0000000707f24f98, 0x0000000708000000| 57%| E|  |TAMS 0x0000000707e00000| PB 0x0000000707e00000| Complete 
|  64|0x0000000708000000, 0x0000000708200000, 0x0000000708200000|100%| E|CS|TAMS 0x0000000708000000| PB 0x0000000708000000| Complete 
|  65|0x0000000708200000, 0x0000000708400000, 0x0000000708400000|100%| E|CS|TAMS 0x0000000708200000| PB 0x0000000708200000| Complete 
|  66|0x0000000708400000, 0x0000000708600000, 0x0000000708600000|100%| E|CS|TAMS 0x0000000708400000| PB 0x0000000708400000| Complete 
| 125|0x000000070fa00000, 0x000000070fc00000, 0x000000070fc00000|100%| E|CS|TAMS 0x000000070fa00000| PB 0x000000070fa00000| Complete 
|2040|0x00000007ff000000, 0x00000007ff200000, 0x00000007ff200000|100%| O|  |TAMS 0x00000007ff000000| PB 0x00000007ff000000| Untracked 
|2041|0x00000007ff200000, 0x00000007ff400000, 0x00000007ff400000|100%| O|  |TAMS 0x00000007ff200000| PB 0x00000007ff200000| Untracked 
|2042|0x00000007ff400000, 0x00000007ff600000, 0x00000007ff600000|100%| O|  |TAMS 0x00000007ff400000| PB 0x00000007ff400000| Untracked 
|2043|0x00000007ff600000, 0x00000007ff800000, 0x00000007ff800000|100%| O|  |TAMS 0x00000007ff600000| PB 0x00000007ff600000| Untracked 
|2044|0x00000007ff800000, 0x00000007ffa00000, 0x00000007ffa00000|100%| O|  |TAMS 0x00000007ff800000| PB 0x00000007ff800000| Untracked 
|2045|0x00000007ffa00000, 0x00000007ffc00000, 0x00000007ffc00000|100%| O|  |TAMS 0x00000007ffa00000| PB 0x00000007ffa00000| Untracked 
|2046|0x00000007ffc00000, 0x00000007ffe00000, 0x00000007ffe00000|100%| O|  |TAMS 0x00000007ffc00000| PB 0x00000007ffc00000| Untracked 
|2047|0x00000007ffe00000, 0x0000000800000000, 0x0000000800000000|100%| O|  |TAMS 0x00000007ffe00000| PB 0x00000007ffe00000| Untracked 

Card table byte_map: [0x0000026b4a260000,0x0000026b4aa60000] _byte_map_base: 0x0000026b46a60000

Marking Bits: (CMBitMap*) 0x0000026b374130e0
 Bits: [0x0000026b4aa60000, 0x0000026b4ea60000)

Polling page: 0x0000026b35270000

Metaspace:

Usage:
  Non-class:     57.72 MB used.
      Class:      9.58 MB used.
       Both:     67.30 MB used.

Virtual space:
  Non-class space:       64.00 MB reserved,      58.69 MB ( 92%) committed,  1 nodes.
      Class space:      416.00 MB reserved,      10.50 MB (  3%) committed,  1 nodes.
             Both:      480.00 MB reserved,      69.19 MB ( 14%) committed. 

Chunk freelists:
   Non-Class:  4.47 MB
       Class:  5.48 MB
        Both:  9.95 MB

MaxMetaspaceSize: 512.00 MB
CompressedClassSpaceSize: 416.00 MB
Initial GC threshold: 21.00 MB
Current GC threshold: 115.12 MB
CDS: off
 - commit_granule_bytes: 65536.
 - commit_granule_words: 8192.
 - virtual_space_node_default_size: 8388608.
 - enlarge_chunks_in_place: 1.
 - use_allocation_guard: 0.


Internal statistics:

num_allocs_failed_limit: 6.
num_arena_births: 3618.
num_arena_deaths: 0.
num_vsnodes_births: 2.
num_vsnodes_deaths: 0.
num_space_committed: 1107.
num_space_uncommitted: 0.
num_chunks_returned_to_freelist: 6.
num_chunks_taken_from_freelist: 6649.
num_chunk_merges: 6.
num_chunk_splits: 4236.
num_chunks_enlarged: 2507.
num_inconsistent_stats: 0.

CodeHeap 'non-profiled nmethods': size=120000Kb used=4364Kb max_used=4450Kb free=115635Kb
 bounds [0x0000026b41fe0000, 0x0000026b42450000, 0x0000026b49510000]
CodeHeap 'profiled nmethods': size=120000Kb used=14056Kb max_used=14287Kb free=105943Kb
 bounds [0x0000026b3a510000, 0x0000026b3b310000, 0x0000026b41a40000]
CodeHeap 'non-nmethods': size=5760Kb used=1882Kb max_used=1966Kb free=3877Kb
 bounds [0x0000026b41a40000, 0x0000026b41cb0000, 0x0000026b41fe0000]
CodeCache: size=245760Kb, used=20302Kb, max_used=20703Kb, free=225455Kb
 total_blobs=8291, nmethods=7523, adapters=671, full_count=0
Compilation: enabled, stopped_count=0, restarted_count=0

Compilation events (20 events):
Event: 5.774 Thread 0x0000026b518f7f10 8664       3       org.gradle.cache.internal.AsyncCacheAccessDecoratedCache$$Lambda/0x000000080057f028::<init> (26 bytes)
Event: 5.774 Thread 0x0000026b518f7f10 nmethod 8664 0x0000026b3a884090 code [0x0000026b3a884240, 0x0000026b3a884538]
Event: 5.775 Thread 0x0000026b518f7f10 8665       3       sun.nio.fs.WindowsPath::subpath (7 bytes)
Event: 5.775 Thread 0x0000026b518f7f10 nmethod 8665 0x0000026b3ab6e710 code [0x0000026b3ab6e8c0, 0x0000026b3ab6ea80]
Event: 5.775 Thread 0x0000026b518f7f10 8666   !   3       org.gradle.cache.internal.AsyncCacheAccessDecoratedCache::putLater (33 bytes)
Event: 5.775 Thread 0x0000026b518f7f10 nmethod 8666 0x0000026b3a760990 code [0x0000026b3a760bc0, 0x0000026b3a7614d0]
Event: 5.776 Thread 0x0000026b518f7f10 8667       3       org.gradle.cache.internal.ExclusiveCacheAccessingWorker::enqueue (6 bytes)
Event: 5.776 Thread 0x0000026b518f7f10 nmethod 8667 0x0000026b3a801990 code [0x0000026b3a801b40, 0x0000026b3a801c78]
Event: 5.778 Thread 0x0000026b5608b7c0 8668       4       org.gradle.internal.snapshot.VfsRelativePath::determineOffset (34 bytes)
Event: 5.780 Thread 0x0000026b518f7f10 8670       3       java.util.EnumSet::of (22 bytes)
Event: 5.780 Thread 0x0000026b518f7f10 nmethod 8670 0x0000026b3a8a2890 code [0x0000026b3a8a2a80, 0x0000026b3a8a2e08]
Event: 5.780 Thread 0x0000026b518f7f10 8671       3       jdk.internal.misc.InternalLock::newLockOrNull (18 bytes)
Event: 5.781 Thread 0x0000026b518f7f10 nmethod 8671 0x0000026b3ab8eb90 code [0x0000026b3ab8ed80, 0x0000026b3ab8f3c0]
Event: 5.781 Thread 0x0000026b518f7f10 8672       3       org.gradle.internal.vfs.impl.DefaultFileSystemAccess$$Lambda/0x00000008005654a8::get (12 bytes)
Event: 5.781 Thread 0x0000026b518f7f10 nmethod 8672 0x0000026b3a88a890 code [0x0000026b3a88aa40, 0x0000026b3a88ac08]
Event: 5.781 Thread 0x0000026b518f7f10 8673       3       org.gradle.internal.vfs.impl.AbstractVirtualFileSystem::findRootSnapshotsUnder (11 bytes)
Event: 5.781 Thread 0x0000026b518f7f10 nmethod 8673 0x0000026b3a984790 code [0x0000026b3a984940, 0x0000026b3a984b20]
Event: 5.781 Thread 0x0000026b518f7f10 8674       3       org.gradle.internal.vfs.impl.DefaultFileSystemAccess$$Lambda/0x0000000800565c00::get (20 bytes)
Event: 5.781 Thread 0x0000026b518f7f10 nmethod 8674 0x0000026b3acad310 code [0x0000026b3acad4c0, 0x0000026b3acad628]
Event: 5.781 Thread 0x0000026b518f7f10 8675       3       com.google.common.collect.CollectCollectors$$Lambda/0x00000008004af618::apply (8 bytes)

GC Heap History (20 events):
Event: 2.583 GC heap after
{Heap after GC invocations=6 (full 0):
 garbage-first heap   total 96256K, used 25703K [0x0000000700000000, 0x0000000800000000)
  region size 2048K, 3 young (6144K), 3 survivors (6144K)
 Metaspace       used 35387K, committed 35968K, reserved 491520K
  class space    used 4662K, committed 4928K, reserved 425984K
}
Event: 3.013 GC heap before
{Heap before GC invocations=7 (full 0):
 garbage-first heap   total 90112K, used 87143K [0x0000000700000000, 0x0000000800000000)
  region size 2048K, 26 young (53248K), 3 survivors (6144K)
 Metaspace       used 40140K, committed 41088K, reserved 491520K
  class space    used 5486K, committed 5952K, reserved 425984K
}
Event: 3.018 GC heap after
{Heap after GC invocations=8 (full 0):
 garbage-first heap   total 106496K, used 52667K [0x0000000700000000, 0x0000000800000000)
  region size 2048K, 4 young (8192K), 4 survivors (8192K)
 Metaspace       used 40140K, committed 41088K, reserved 491520K
  class space    used 5486K, committed 5952K, reserved 425984K
}
Event: 3.283 GC heap before
{Heap before GC invocations=8 (full 0):
 garbage-first heap   total 106496K, used 87483K [0x0000000700000000, 0x0000000800000000)
  region size 2048K, 21 young (43008K), 4 survivors (8192K)
 Metaspace       used 44202K, committed 45312K, reserved 491520K
  class space    used 6163K, committed 6720K, reserved 425984K
}
Event: 3.286 GC heap after
{Heap after GC invocations=9 (full 0):
 garbage-first heap   total 106496K, used 54520K [0x0000000700000000, 0x0000000800000000)
  region size 2048K, 1 young (2048K), 1 survivors (2048K)
 Metaspace       used 44202K, committed 45312K, reserved 491520K
  class space    used 6163K, committed 6720K, reserved 425984K
}
Event: 3.579 GC heap before
{Heap before GC invocations=9 (full 0):
 garbage-first heap   total 106496K, used 89336K [0x0000000700000000, 0x0000000800000000)
  region size 2048K, 18 young (36864K), 1 survivors (2048K)
 Metaspace       used 49594K, committed 50880K, reserved 491520K
  class space    used 6878K, committed 7488K, reserved 425984K
}
Event: 3.582 GC heap after
{Heap after GC invocations=10 (full 0):
 garbage-first heap   total 106496K, used 57161K [0x0000000700000000, 0x0000000800000000)
  region size 2048K, 3 young (6144K), 3 survivors (6144K)
 Metaspace       used 49594K, committed 50880K, reserved 491520K
  class space    used 6878K, committed 7488K, reserved 425984K
}
Event: 3.865 GC heap before
{Heap before GC invocations=11 (full 0):
 garbage-first heap   total 106496K, used 89929K [0x0000000700000000, 0x0000000800000000)
  region size 2048K, 19 young (38912K), 3 survivors (6144K)
 Metaspace       used 53494K, committed 55040K, reserved 491520K
  class space    used 7509K, committed 8256K, reserved 425984K
}
Event: 3.869 GC heap after
{Heap after GC invocations=12 (full 0):
 garbage-first heap   total 129024K, used 60095K [0x0000000700000000, 0x0000000800000000)
  region size 2048K, 3 young (6144K), 3 survivors (6144K)
 Metaspace       used 53494K, committed 55040K, reserved 491520K
  class space    used 7509K, committed 8256K, reserved 425984K
}
Event: 4.265 GC heap before
{Heap before GC invocations=12 (full 0):
 garbage-first heap   total 129024K, used 109247K [0x0000000700000000, 0x0000000800000000)
  region size 2048K, 27 young (55296K), 3 survivors (6144K)
 Metaspace       used 57073K, committed 58624K, reserved 491520K
  class space    used 8097K, committed 8832K, reserved 425984K
}
Event: 4.270 GC heap after
{Heap after GC invocations=13 (full 0):
 garbage-first heap   total 129024K, used 65367K [0x0000000700000000, 0x0000000800000000)
  region size 2048K, 4 young (8192K), 4 survivors (8192K)
 Metaspace       used 57073K, committed 58624K, reserved 491520K
  class space    used 8097K, committed 8832K, reserved 425984K
}
Event: 4.640 GC heap before
{Heap before GC invocations=13 (full 0):
 garbage-first heap   total 129024K, used 110423K [0x0000000700000000, 0x0000000800000000)
  region size 2048K, 27 young (55296K), 4 survivors (8192K)
 Metaspace       used 60232K, committed 61888K, reserved 491520K
  class space    used 8567K, committed 9344K, reserved 425984K
}
Event: 4.644 GC heap after
{Heap after GC invocations=14 (full 0):
 garbage-first heap   total 129024K, used 70991K [0x0000000700000000, 0x0000000800000000)
  region size 2048K, 4 young (8192K), 4 survivors (8192K)
 Metaspace       used 60232K, committed 61888K, reserved 491520K
  class space    used 8567K, committed 9344K, reserved 425984K
}
Event: 5.003 GC heap before
{Heap before GC invocations=15 (full 0):
 garbage-first heap   total 129024K, used 111951K [0x0000000700000000, 0x0000000800000000)
  region size 2048K, 24 young (49152K), 4 survivors (8192K)
 Metaspace       used 65283K, committed 67072K, reserved 491520K
  class space    used 9344K, committed 10240K, reserved 425984K
}
Event: 5.007 GC heap after
{Heap after GC invocations=16 (full 0):
 garbage-first heap   total 129024K, used 74253K [0x0000000700000000, 0x0000000800000000)
  region size 2048K, 2 young (4096K), 2 survivors (4096K)
 Metaspace       used 65283K, committed 67072K, reserved 491520K
  class space    used 9344K, committed 10240K, reserved 425984K
}
Event: 5.438 GC heap before
{Heap before GC invocations=16 (full 0):
 garbage-first heap   total 129024K, used 115213K [0x0000000700000000, 0x0000000800000000)
  region size 2048K, 22 young (45056K), 2 survivors (4096K)
 Metaspace       used 68346K, committed 70272K, reserved 491520K
  class space    used 9805K, committed 10752K, reserved 425984K
}
Event: 5.443 GC heap after
{Heap after GC invocations=17 (full 0):
 garbage-first heap   total 155648K, used 77601K [0x0000000700000000, 0x0000000800000000)
  region size 2048K, 3 young (6144K), 3 survivors (6144K)
 Metaspace       used 68346K, committed 70272K, reserved 491520K
  class space    used 9805K, committed 10752K, reserved 425984K
}
Event: 5.638 GC heap before
{Heap before GC invocations=17 (full 0):
 garbage-first heap   total 155648K, used 139041K [0x0000000700000000, 0x0000000800000000)
  region size 2048K, 33 young (67584K), 3 survivors (6144K)
 Metaspace       used 68743K, committed 70656K, reserved 491520K
  class space    used 9808K, committed 10752K, reserved 425984K
}
Event: 5.641 GC heap after
{Heap after GC invocations=18 (full 0):
 garbage-first heap   total 155648K, used 80065K [0x0000000700000000, 0x0000000800000000)
  region size 2048K, 4 young (8192K), 4 survivors (8192K)
 Metaspace       used 68743K, committed 70656K, reserved 491520K
  class space    used 9808K, committed 10752K, reserved 425984K
}
Event: 5.781 GC heap before
{Heap before GC invocations=19 (full 0):
 garbage-first heap   total 155648K, used 139457K [0x0000000700000000, 0x0000000800000000)
  region size 2048K, 33 young (67584K), 4 survivors (8192K)
 Metaspace       used 68873K, committed 70784K, reserved 491520K
  class space    used 9808K, committed 10752K, reserved 425984K
}

Dll operation events (3 events):
Event: 0.008 Loaded shared library C:\Program Files\Android\Android Studio\jbr\bin\java.dll
Event: 0.013 Loaded shared library C:\Program Files\Android\Android Studio\jbr\bin\zip.dll
Event: 0.542 Loaded shared library C:\Program Files\Android\Android Studio\jbr\bin\verify.dll

Deoptimization events (20 events):
Event: 5.472 Thread 0x0000026b588cff60 Uncommon trap: trap_request=0xffffff45 fr.pc=0x0000026b4234a108 relative=0x0000000000000068
Event: 5.472 Thread 0x0000026b588cff60 Uncommon trap: reason=unstable_if action=reinterpret pc=0x0000026b4234a108 method=org.gradle.internal.snapshot.PathUtil.compareCharsIgnoringCase(CC)I @ 11 c2
Event: 5.472 Thread 0x0000026b588cff60 DEOPT PACKING pc=0x0000026b4234a108 sp=0x00000075364f2930
Event: 5.472 Thread 0x0000026b588cff60 DEOPT UNPACKING pc=0x0000026b41a94422 sp=0x00000075364f28d0 mode 2
Event: 5.477 Thread 0x0000026b588cff60 Uncommon trap: trap_request=0xffffff45 fr.pc=0x0000026b42348e88 relative=0x0000000000000828
Event: 5.477 Thread 0x0000026b588cff60 Uncommon trap: reason=unstable_if action=reinterpret pc=0x0000026b42348e88 method=org.gradle.internal.snapshot.VfsRelativePath.isPrefix(Ljava/lang/String;ILjava/lang/String;ILorg/gradle/internal/snapshot/CaseSensitivity;)Z @ 101 c2
Event: 5.477 Thread 0x0000026b588cff60 DEOPT PACKING pc=0x0000026b42348e88 sp=0x00000075364f3340
Event: 5.477 Thread 0x0000026b588cff60 DEOPT UNPACKING pc=0x0000026b41a94422 sp=0x00000075364f32c8 mode 2
Event: 5.497 Thread 0x0000026b588cff60 DEOPT PACKING pc=0x0000026b3ad9a17b sp=0x00000075364f2e20
Event: 5.497 Thread 0x0000026b588cff60 DEOPT UNPACKING pc=0x0000026b41a94bc2 sp=0x00000075364f22c0 mode 3
Event: 5.584 Thread 0x0000026b5ac846b0 Uncommon trap: trap_request=0xffffff45 fr.pc=0x0000026b42373750 relative=0x0000000000000270
Event: 5.584 Thread 0x0000026b5ac846b0 Uncommon trap: reason=unstable_if action=reinterpret pc=0x0000026b42373750 method=java.util.concurrent.ConcurrentHashMap.addCount(JI)V @ 171 c2
Event: 5.584 Thread 0x0000026b5ac846b0 DEOPT PACKING pc=0x0000026b42373750 sp=0x0000007538dfce20
Event: 5.584 Thread 0x0000026b5ac846b0 DEOPT UNPACKING pc=0x0000026b41a94422 sp=0x0000007538dfcd60 mode 2
Event: 5.587 Thread 0x0000026b5ac853d0 Uncommon trap: trap_request=0xffffff45 fr.pc=0x0000026b423c3b74 relative=0x0000000000000fb4
Event: 5.587 Thread 0x0000026b5ac853d0 Uncommon trap: reason=unstable_if action=reinterpret pc=0x0000026b423c3b74 method=java.util.concurrent.ConcurrentHashMap.putVal(Ljava/lang/Object;Ljava/lang/Object;Z)Ljava/lang/Object; @ 112 c2
Event: 5.587 Thread 0x0000026b5ac853d0 DEOPT PACKING pc=0x0000026b423c3b74 sp=0x0000007538efe1b0
Event: 5.588 Thread 0x0000026b5ac853d0 DEOPT UNPACKING pc=0x0000026b41a94422 sp=0x0000007538efe140 mode 2
Event: 5.657 Thread 0x0000026b5636af20 DEOPT PACKING pc=0x0000026b3a99fe3a sp=0x00000075391fcb60
Event: 5.657 Thread 0x0000026b5636af20 DEOPT UNPACKING pc=0x0000026b41a94bc2 sp=0x00000075391fc020 mode 0

Classes loaded (20 events):
Event: 5.016 Loading class org/xml/sax/Locator
Event: 5.016 Loading class org/xml/sax/Locator done
Event: 5.017 Loading class org/xml/sax/SAXParseException
Event: 5.017 Loading class org/xml/sax/SAXParseException done
Event: 5.018 Loading class org/xml/sax/Attributes
Event: 5.018 Loading class org/xml/sax/Attributes done
Event: 5.025 Loading class java/util/DualPivotQuicksort
Event: 5.026 Loading class java/util/DualPivotQuicksort done
Event: 5.063 Loading class java/util/function/LongUnaryOperator
Event: 5.063 Loading class java/util/function/LongUnaryOperator done
Event: 5.070 Loading class java/util/TreeMap$KeySpliterator
Event: 5.070 Loading class java/util/TreeMap$TreeMapSpliterator
Event: 5.071 Loading class java/util/TreeMap$TreeMapSpliterator done
Event: 5.071 Loading class java/util/TreeMap$KeySpliterator done
Event: 5.374 Loading class java/util/Collections$ReverseComparator
Event: 5.374 Loading class java/util/Collections$ReverseComparator done
Event: 5.374 Loading class java/util/Collections$ReverseComparator2
Event: 5.374 Loading class java/util/Collections$ReverseComparator2 done
Event: 5.496 Loading class java/util/concurrent/atomic/Striped64$Cell
Event: 5.496 Loading class java/util/concurrent/atomic/Striped64$Cell done

Classes unloaded (0 events):
No events

Classes redefined (0 events):
No events

Internal exceptions (20 events):
Event: 5.748 Thread 0x0000026b5636af20 Exception <a 'sun/nio/fs/WindowsException'{0x000000070592ade0}> (0x000000070592ade0) 
thrown [s\src\hotspot\share\prims\jni.cpp, line 537]
Event: 5.750 Thread 0x0000026b5ac84020 Exception <a 'sun/nio/fs/WindowsException'{0x0000000705615048}> (0x0000000705615048) 
thrown [s\src\hotspot\share\prims\jni.cpp, line 537]
Event: 5.751 Thread 0x0000026b5636af20 Exception <a 'sun/nio/fs/WindowsException'{0x0000000705652cf8}> (0x0000000705652cf8) 
thrown [s\src\hotspot\share\prims\jni.cpp, line 537]
Event: 5.751 Thread 0x0000026b588cff60 Exception <a 'sun/nio/fs/WindowsException'{0x000000070566fec0}> (0x000000070566fec0) 
thrown [s\src\hotspot\share\prims\jni.cpp, line 537]
Event: 5.752 Thread 0x0000026b5ac85a60 Exception <a 'sun/nio/fs/WindowsException'{0x0000000705778a98}> (0x0000000705778a98) 
thrown [s\src\hotspot\share\prims\jni.cpp, line 537]
Event: 5.765 Thread 0x0000026b5ac85a60 Exception <a 'sun/nio/fs/WindowsException'{0x0000000705438310}> (0x0000000705438310) 
thrown [s\src\hotspot\share\prims\jni.cpp, line 537]
Event: 5.766 Thread 0x0000026b588cff60 Exception <a 'sun/nio/fs/WindowsException'{0x00000007056ec688}> (0x00000007056ec688) 
thrown [s\src\hotspot\share\prims\jni.cpp, line 537]
Event: 5.768 Thread 0x0000026b5636af20 Exception <a 'sun/nio/fs/WindowsException'{0x00000007054ac818}> (0x00000007054ac818) 
thrown [s\src\hotspot\share\prims\jni.cpp, line 537]
Event: 5.768 Thread 0x0000026b5ac84020 Exception <a 'sun/nio/fs/WindowsException'{0x0000000705537948}> (0x0000000705537948) 
thrown [s\src\hotspot\share\prims\jni.cpp, line 537]
Event: 5.771 Thread 0x0000026b5ac85a60 Exception <a 'sun/nio/fs/WindowsException'{0x000000070521e9e8}> (0x000000070521e9e8) 
thrown [s\src\hotspot\share\prims\jni.cpp, line 537]
Event: 5.771 Thread 0x0000026b588cff60 Exception <a 'sun/nio/fs/WindowsException'{0x000000070522f8a0}> (0x000000070522f8a0) 
thrown [s\src\hotspot\share\prims\jni.cpp, line 537]
Event: 5.772 Thread 0x0000026b5636af20 Exception <a 'sun/nio/fs/WindowsException'{0x000000070535a478}> (0x000000070535a478) 
thrown [s\src\hotspot\share\prims\jni.cpp, line 537]
Event: 5.772 Thread 0x0000026b5ac84020 Exception <a 'sun/nio/fs/WindowsException'{0x00000007053ce250}> (0x00000007053ce250) 
thrown [s\src\hotspot\share\prims\jni.cpp, line 537]
Event: 5.775 Thread 0x0000026b5ac85a60 Exception <a 'sun/nio/fs/WindowsException'{0x0000000705078f00}> (0x0000000705078f00) 
thrown [s\src\hotspot\share\prims\jni.cpp, line 537]
Event: 5.775 Thread 0x0000026b588cff60 Exception <a 'sun/nio/fs/WindowsException'{0x00000007052b3de8}> (0x00000007052b3de8) 
thrown [s\src\hotspot\share\prims\jni.cpp, line 537]
Event: 5.777 Thread 0x0000026b5ac84020 Exception <a 'sun/nio/fs/WindowsException'{0x0000000705119a68}> (0x0000000705119a68) 
thrown [s\src\hotspot\share\prims\jni.cpp, line 537]
Event: 5.777 Thread 0x0000026b5636af20 Exception <a 'sun/nio/fs/WindowsException'{0x0000000705175450}> (0x0000000705175450) 
thrown [s\src\hotspot\share\prims\jni.cpp, line 537]
Event: 5.780 Thread 0x0000026b5ac85a60 Exception <a 'sun/nio/fs/WindowsException'{0x0000000704f1b2a8}> (0x0000000704f1b2a8) 
thrown [s\src\hotspot\share\prims\jni.cpp, line 537]
Event: 5.780 Thread 0x0000026b588cff60 Exception <a 'sun/nio/fs/WindowsException'{0x0000000704e65078}> (0x0000000704e65078) 
thrown [s\src\hotspot\share\prims\jni.cpp, line 537]
Event: 5.780 Thread 0x0000026b5ac84020 Exception <a 'sun/nio/fs/WindowsException'{0x0000000704f7a388}> (0x0000000704f7a388) 
thrown [s\src\hotspot\share\prims\jni.cpp, line 537]

ZGC Phase Switch (0 events):
No events

VM Operations (20 events):
Event: 4.979 Executing VM operation: HandshakeAllThreads (Deoptimize) done
Event: 5.003 Executing VM operation: G1CollectForAllocation (G1 Evacuation Pause)
Event: 5.007 Executing VM operation: G1CollectForAllocation (G1 Evacuation Pause) done
Event: 5.239 Executing VM operation: HandshakeAllThreads (Deoptimize)
Event: 5.239 Executing VM operation: HandshakeAllThreads (Deoptimize) done
Event: 5.315 Executing VM operation: ICBufferFull
Event: 5.316 Executing VM operation: ICBufferFull done
Event: 5.407 Executing VM operation: HandshakeAllThreads (Deoptimize)
Event: 5.407 Executing VM operation: HandshakeAllThreads (Deoptimize) done
Event: 5.437 Executing VM operation: G1CollectForAllocation (G1 Evacuation Pause)
Event: 5.443 Executing VM operation: G1CollectForAllocation (G1 Evacuation Pause) done
Event: 5.493 Executing VM operation: ICBufferFull
Event: 5.494 Executing VM operation: ICBufferFull done
Event: 5.638 Executing VM operation: G1CollectForAllocation (G1 Evacuation Pause)
Event: 5.641 Executing VM operation: G1CollectForAllocation (G1 Evacuation Pause) done
Event: 5.667 Executing VM operation: G1PauseRemark
Event: 5.669 Executing VM operation: G1PauseRemark done
Event: 5.679 Executing VM operation: G1PauseCleanup
Event: 5.679 Executing VM operation: G1PauseCleanup done
Event: 5.781 Executing VM operation: G1CollectForAllocation (G1 Evacuation Pause)

Memory protections (0 events):
No events

Nmethod flushes (20 events):
Event: 5.669 Thread 0x0000026b5182ba40 flushing  nmethod 0x0000026b3a6e6710
Event: 5.669 Thread 0x0000026b5182ba40 flushing  nmethod 0x0000026b3a6e9610
Event: 5.669 Thread 0x0000026b5182ba40 flushing  nmethod 0x0000026b3a764690
Event: 5.669 Thread 0x0000026b5182ba40 flushing  nmethod 0x0000026b3a765590
Event: 5.669 Thread 0x0000026b5182ba40 flushing  nmethod 0x0000026b3a884090
Event: 5.669 Thread 0x0000026b5182ba40 flushing  nmethod 0x0000026b3a88a890
Event: 5.669 Thread 0x0000026b5182ba40 flushing  nmethod 0x0000026b3a88b790
Event: 5.669 Thread 0x0000026b5182ba40 flushing  nmethod 0x0000026b3a9de510
Event: 5.669 Thread 0x0000026b5182ba40 flushing  nmethod 0x0000026b3aa61d10
Event: 5.669 Thread 0x0000026b5182ba40 flushing  nmethod 0x0000026b3aa62090
Event: 5.669 Thread 0x0000026b5182ba40 flushing  nmethod 0x0000026b3aad8110
Event: 5.669 Thread 0x0000026b5182ba40 flushing  nmethod 0x0000026b3ab41990
Event: 5.669 Thread 0x0000026b5182ba40 flushing  nmethod 0x0000026b3ab44310
Event: 5.669 Thread 0x0000026b5182ba40 flushing  nmethod 0x0000026b3aba4790
Event: 5.669 Thread 0x0000026b5182ba40 flushing  nmethod 0x0000026b3ac14610
Event: 5.669 Thread 0x0000026b5182ba40 flushing  nmethod 0x0000026b3acc6890
Event: 5.669 Thread 0x0000026b5182ba40 flushing  nmethod 0x0000026b3acc8710
Event: 5.669 Thread 0x0000026b5182ba40 flushing  nmethod 0x0000026b3acdfc90
Event: 5.669 Thread 0x0000026b5182ba40 flushing  nmethod 0x0000026b3ad7d410
Event: 5.669 Thread 0x0000026b5182ba40 flushing  nmethod 0x0000026b3ad85010

Events (20 events):
Event: 3.322 Thread 0x0000026b588cff60 Thread added: 0x0000026b591bc2e0
Event: 4.062 Thread 0x0000026b588cff60 Thread added: 0x0000026b591bdd20
Event: 4.063 Thread 0x0000026b588cff60 Thread added: 0x0000026b591bd690
Event: 4.088 Thread 0x0000026b588cff60 Thread added: 0x0000026b5ac818c0
Event: 4.089 Thread 0x0000026b588cff60 Thread added: 0x0000026b5ac7f160
Event: 4.197 Thread 0x0000026b588cff60 Thread added: 0x0000026b5ac80510
Event: 4.197 Thread 0x0000026b588cff60 Thread added: 0x0000026b5ac80ba0
Event: 4.198 Thread 0x0000026b588cff60 Thread added: 0x0000026b5ac81f50
Event: 4.215 Thread 0x0000026b588cff60 Thread added: 0x0000026b5ac81230
Event: 4.215 Thread 0x0000026b588cff60 Thread added: 0x0000026b5ac825e0
Event: 4.215 Thread 0x0000026b588cff60 Thread added: 0x0000026b5ac7f7f0
Event: 5.434 Thread 0x0000026b588cff60 Thread added: 0x0000026b5ac860f0
Event: 5.434 Thread 0x0000026b588cff60 Thread added: 0x0000026b5ac84d40
Event: 5.434 Thread 0x0000026b588cff60 Thread added: 0x0000026b5ac83990
Event: 5.472 Thread 0x0000026b588cff60 Thread added: 0x0000026b5ac86780
Event: 5.473 Thread 0x0000026b588cff60 Thread added: 0x0000026b5ac846b0
Event: 5.473 Thread 0x0000026b588cff60 Thread added: 0x0000026b5ac853d0
Event: 5.611 Thread 0x0000026b588cff60 Thread added: 0x0000026b5ac84020
Event: 5.611 Thread 0x0000026b588cff60 Thread added: 0x0000026b5ac85a60
Event: 5.612 Thread 0x0000026b588cff60 Thread added: 0x0000026b5636af20


Dynamic libraries:
0x00007ff6c61c0000 - 0x00007ff6c61ca000 	C:\Program Files\Android\Android Studio\jbr\bin\java.exe
0x00007ff9e6ea0000 - 0x00007ff9e7108000 	C:\WINDOWS\SYSTEM32\ntdll.dll
0x00007ff9e6510000 - 0x00007ff9e65d9000 	C:\WINDOWS\System32\KERNEL32.DLL
0x00007ff9e4630000 - 0x00007ff9e4a21000 	C:\WINDOWS\System32\KERNELBASE.dll
0x00007ff9e44e0000 - 0x00007ff9e462b000 	C:\WINDOWS\System32\ucrtbase.dll
0x00007ff9dec40000 - 0x00007ff9dec58000 	C:\Program Files\Android\Android Studio\jbr\bin\jli.dll
0x00007ff9dda00000 - 0x00007ff9dda1b000 	C:\Program Files\Android\Android Studio\jbr\bin\VCRUNTIME140.dll
0x00007ff9e59e0000 - 0x00007ff9e5ba6000 	C:\WINDOWS\System32\USER32.dll
0x00007ff9e3a60000 - 0x00007ff9e3a87000 	C:\WINDOWS\System32\win32u.dll
0x00007ff9cab60000 - 0x00007ff9cadf3000 	C:\WINDOWS\WinSxS\amd64_microsoft.windows.common-controls_6595b64144ccf1df_6.0.26100.7824_none_3e0870b2e3345462\COMCTL32.dll
0x00007ff9e66a0000 - 0x00007ff9e66cb000 	C:\WINDOWS\System32\GDI32.dll
0x00007ff9e5bb0000 - 0x00007ff9e5c59000 	C:\WINDOWS\System32\msvcrt.dll
0x00007ff9e3b40000 - 0x00007ff9e3c6b000 	C:\WINDOWS\System32\gdi32full.dll
0x00007ff9e3a90000 - 0x00007ff9e3b33000 	C:\WINDOWS\System32\msvcp_win.dll
0x00007ff9e6370000 - 0x00007ff9e63a1000 	C:\WINDOWS\System32\IMM32.DLL
0x00007ff9dd9c0000 - 0x00007ff9dd9cc000 	C:\Program Files\Android\Android Studio\jbr\bin\vcruntime140_1.dll
0x00007ff9ddab0000 - 0x00007ff9ddb3d000 	C:\Program Files\Android\Android Studio\jbr\bin\msvcp140.dll
0x00007ff9266d0000 - 0x00007ff927366000 	C:\Program Files\Android\Android Studio\jbr\bin\server\jvm.dll
0x00007ff9e61b0000 - 0x00007ff9e6264000 	C:\WINDOWS\System32\ADVAPI32.dll
0x00007ff9e65f0000 - 0x00007ff9e6696000 	C:\WINDOWS\System32\sechost.dll
0x00007ff9e6960000 - 0x00007ff9e6a78000 	C:\WINDOWS\System32\RPCRT4.dll
0x00007ff9e6270000 - 0x00007ff9e62e4000 	C:\WINDOWS\System32\WS2_32.dll
0x00007ff9e3370000 - 0x00007ff9e33ce000 	C:\WINDOWS\SYSTEM32\POWRPROF.dll
0x00007ff9d6420000 - 0x00007ff9d6455000 	C:\WINDOWS\SYSTEM32\WINMM.dll
0x00007ff9dcd10000 - 0x00007ff9dcd1b000 	C:\WINDOWS\SYSTEM32\VERSION.dll
0x00007ff9e3190000 - 0x00007ff9e31a4000 	C:\WINDOWS\SYSTEM32\UMPDC.dll
0x00007ff9e2520000 - 0x00007ff9e253b000 	C:\WINDOWS\SYSTEM32\kernel.appcore.dll
0x00007ff9dd2f0000 - 0x00007ff9dd2fa000 	C:\Program Files\Android\Android Studio\jbr\bin\jimage.dll
0x00007ff9e1470000 - 0x00007ff9e16b2000 	C:\WINDOWS\SYSTEM32\DBGHELP.DLL
0x00007ff9e5c60000 - 0x00007ff9e5fe6000 	C:\WINDOWS\System32\combase.dll
0x00007ff9e63b0000 - 0x00007ff9e6487000 	C:\WINDOWS\System32\OLEAUT32.dll
0x00007ff9b2b50000 - 0x00007ff9b2b8b000 	C:\WINDOWS\SYSTEM32\dbgcore.DLL
0x00007ff9e39b0000 - 0x00007ff9e3a55000 	C:\WINDOWS\System32\bcryptPrimitives.dll
0x00007ff9ddf40000 - 0x00007ff9ddf4e000 	C:\Program Files\Android\Android Studio\jbr\bin\instrument.dll
0x00007ff9d72f0000 - 0x00007ff9d7310000 	C:\Program Files\Android\Android Studio\jbr\bin\java.dll
0x00007ff9d72d0000 - 0x00007ff9d72e8000 	C:\Program Files\Android\Android Studio\jbr\bin\zip.dll
0x00007ff9e5210000 - 0x00007ff9e5962000 	C:\WINDOWS\System32\SHELL32.dll
0x00007ff9e3840000 - 0x00007ff9e39aa000 	C:\WINDOWS\System32\wintypes.dll
0x00007ff9e3c70000 - 0x00007ff9e44d3000 	C:\WINDOWS\System32\windows.storage.dll
0x00007ff9e60b0000 - 0x00007ff9e61a6000 	C:\WINDOWS\System32\SHCORE.dll
0x00007ff9e5970000 - 0x00007ff9e59d7000 	C:\WINDOWS\System32\shlwapi.dll
0x00007ff9e36a0000 - 0x00007ff9e36c9000 	C:\WINDOWS\SYSTEM32\profapi.dll
0x00007ff9dd2d0000 - 0x00007ff9dd2e0000 	C:\Program Files\Android\Android Studio\jbr\bin\net.dll
0x00007ff9dca60000 - 0x00007ff9dcb87000 	C:\WINDOWS\SYSTEM32\WINHTTP.dll
0x00007ff9e2a90000 - 0x00007ff9e2afb000 	C:\WINDOWS\system32\mswsock.dll
0x00007ff9d72b0000 - 0x00007ff9d72c6000 	C:\Program Files\Android\Android Studio\jbr\bin\nio.dll
0x00007ff9c57e0000 - 0x00007ff9c57f0000 	C:\Program Files\Android\Android Studio\jbr\bin\verify.dll
0x00007ff9e0860000 - 0x00007ff9e0887000 	C:\Users\ACER\.gradle\native\660c5614fbf4a5f2a75b1949f50a0caf5cd603558e7d8a26e50b933a0cfb79d1\windows-amd64\native-platform.dll
0x00007ff9dc5d0000 - 0x00007ff9dc647000 	C:\Users\ACER\.gradle\native\0.2.8\x86_64-windows-gnu\gradle-fileevents.dll
0x00007ff9d71b0000 - 0x00007ff9d71b9000 	C:\Program Files\Android\Android Studio\jbr\bin\management.dll
0x00007ff9d71a0000 - 0x00007ff9d71ab000 	C:\Program Files\Android\Android Studio\jbr\bin\management_ext.dll
0x00007ff9e65e0000 - 0x00007ff9e65e8000 	C:\WINDOWS\System32\PSAPI.DLL
0x00007ff9e1f00000 - 0x00007ff9e1f34000 	C:\WINDOWS\SYSTEM32\IPHLPAPI.DLL
0x00007ff9e6490000 - 0x00007ff9e649a000 	C:\WINDOWS\System32\NSI.dll
0x00007ff9d71c0000 - 0x00007ff9d71c9000 	C:\Program Files\Android\Android Studio\jbr\bin\extnet.dll
0x00007ff9e2d60000 - 0x00007ff9e2d7b000 	C:\WINDOWS\SYSTEM32\CRYPTSP.dll
0x00007ff9e2480000 - 0x00007ff9e24b9000 	C:\WINDOWS\system32\rsaenh.dll
0x00007ff9e2b40000 - 0x00007ff9e2b6b000 	C:\WINDOWS\SYSTEM32\USERENV.dll
0x00007ff9e3670000 - 0x00007ff9e369a000 	C:\WINDOWS\SYSTEM32\bcrypt.dll
0x00007ff9e2d80000 - 0x00007ff9e2d8c000 	C:\WINDOWS\SYSTEM32\CRYPTBASE.dll
0x00007ff9b8940000 - 0x00007ff9b8948000 	C:\WINDOWS\system32\wshunix.dll

JVMTI agents:
C:\Users\ACER\.gradle\wrapper\dists\gradle-9.2.1-bin\2t0n5ozlw9xmuyvbp7dnzaxug\gradle-9.2.1\lib\agents\gradle-instrumentation-agent-9.2.1.jar path:C:\Program Files\Android\Android Studio\jbr\bin\instrument.dll, loaded, initialized, instrumentlib options:none

dbghelp: loaded successfully - version: 4.0.5 - missing functions: none
symbol engine: initialized successfully - sym options: 0x614 - pdb path: .;C:\Program Files\Android\Android Studio\jbr\bin;C:\WINDOWS\SYSTEM32;C:\WINDOWS\WinSxS\amd64_microsoft.windows.common-controls_6595b64144ccf1df_6.0.26100.7824_none_3e0870b2e3345462;C:\Program Files\Android\Android Studio\jbr\bin\server;C:\Users\ACER\.gradle\native\660c5614fbf4a5f2a75b1949f50a0caf5cd603558e7d8a26e50b933a0cfb79d1\windows-amd64;C:\Users\ACER\.gradle\native\0.2.8\x86_64-windows-gnu

VM Arguments:
jvm_args: --add-opens=java.base/java.lang=ALL-UNNAMED --add-opens=java.base/java.lang.invoke=ALL-UNNAMED --add-opens=java.base/java.util=ALL-UNNAMED --add-opens=java.prefs/java.util.prefs=ALL-UNNAMED --add-exports=jdk.compiler/com.sun.tools.javac.api=ALL-UNNAMED --add-exports=jdk.compiler/com.sun.tools.javac.util=ALL-UNNAMED --add-opens=java.base/java.util=ALL-UNNAMED --add-opens=java.prefs/java.util.prefs=ALL-UNNAMED --add-opens=java.base/java.nio.charset=ALL-UNNAMED --add-opens=java.base/java.net=ALL-UNNAMED --add-opens=java.base/java.util.concurrent=ALL-UNNAMED --add-opens=java.base/java.util.concurrent.atomic=ALL-UNNAMED --add-opens=java.xml/javax.xml.namespace=ALL-UNNAMED --add-opens=java.base/java.time=ALL-UNNAMED -XX:MaxMetaspaceSize=512m -Xmx4g -Dfile.encoding=UTF-8 -Duser.country=US -Duser.language=en -Duser.variant -javaagent:C:\Users\ACER\.gradle\wrapper\dists\gradle-9.2.1-bin\2t0n5ozlw9xmuyvbp7dnzaxug\gradle-9.2.1\lib\agents\gradle-instrumentation-agent-9.2.1.jar 
java_command: org.gradle.launcher.daemon.bootstrap.GradleDaemon 9.2.1
java_class_path (initial): C:\Users\ACER\.gradle\wrapper\dists\gradle-9.2.1-bin\2t0n5ozlw9xmuyvbp7dnzaxug\gradle-9.2.1\lib\gradle-daemon-main-9.2.1.jar
Launcher Type: SUN_STANDARD

[Global flags]
     intx CICompilerCount                          = 4                                         {product} {ergonomic}
   size_t CompressedClassSpaceSize                 = 436207616                                 {product} {ergonomic}
     uint ConcGCThreads                            = 3                                         {product} {ergonomic}
     uint G1ConcRefinementThreads                  = 10                                        {product} {ergonomic}
   size_t G1HeapRegionSize                         = 2097152                                   {product} {ergonomic}
    uintx GCDrainStackTargetSize                   = 64                                        {product} {ergonomic}
   size_t InitialHeapSize                          = 264241152                                 {product} {ergonomic}
   size_t MarkStackSize                            = 4194304                                   {product} {ergonomic}
   size_t MaxHeapSize                              = 4294967296                                {product} {command line}
   size_t MaxMetaspaceSize                         = 536870912                                 {product} {command line}
   size_t MaxNewSize                               = 2575302656                                {product} {ergonomic}
   size_t MinHeapDeltaBytes                        = 2097152                                   {product} {ergonomic}
   size_t MinHeapSize                              = 8388608                                   {product} {ergonomic}
    uintx NonNMethodCodeHeapSize                   = 5839372                                {pd product} {ergonomic}
    uintx NonProfiledCodeHeapSize                  = 122909434                              {pd product} {ergonomic}
    uintx ProfiledCodeHeapSize                     = 122909434                              {pd product} {ergonomic}
    uintx ReservedCodeCacheSize                    = 251658240                              {pd product} {ergonomic}
     bool SegmentedCodeCache                       = true                                      {product} {ergonomic}
   size_t SoftMaxHeapSize                          = 4294967296                             {manageable} {ergonomic}
     bool UseCompressedOops                        = true                           {product lp64_product} {ergonomic}
     bool UseG1GC                                  = true                                      {product} {ergonomic}
     bool UseLargePagesIndividualAllocation        = false                                  {pd product} {ergonomic}

Logging:
Log output configuration:
 #0: stdout all=warning uptime,level,tags foldmultilines=false
 #1: stderr all=off uptime,level,tags foldmultilines=false

Release file:
JAVA_VERSION="21.0.9" 
MODULES="java.base java.compiler java.datatransfer java.xml java.prefs java.desktop java.instrument java.logging java.management java.security.sasl java.naming java.rmi java.management.rmi java.net.http java.scripting java.security.jgss java.transaction.xa java.sql java.sql.rowset java.xml.crypto java.se java.smartcardio jdk.accessibility jdk.internal.jvmstat jdk.attach jdk.charsets jdk.internal.opt jdk.zipfs jdk.compiler jdk.crypto.ec jdk.crypto.cryptoki jdk.dynalink jdk.hotspot.agent jdk.httpserver jdk.internal.ed jdk.internal.le jdk.internal.vm.ci jdk.jartool jdk.javadoc jdk.jcmd jdk.jdeps jdk.jdwp.agent jdk.jdi jdk.jfr jdk.jlink jdk.jsobject jdk.localedata jdk.management jdk.management.agent jdk.management.jfr jdk.naming.dns jdk.naming.rmi jdk.net jdk.sctp jdk.security.auth jdk.security.jgss jdk.unsupported jdk.unsupported.desktop jdk.xml.dom" 
IMPLEMENTOR="JetBrains s.r.o." 
JAVA_RUNTIME_VERSION="21.0.9+-14649483-b1163.86" 
LIBC="default" 
OS_ARCH="x86_64" 
OS_NAME="Windows" 
SOURCE=".:git:554d0c326095" 

Environment Variables:
JAVA_HOME=C:\Program Files\Java\jdk-25.0.1\bin
PATH=C:\Program Files\Common Files\Oracle\Java\javapath;C:\WINDOWS\system32;C:\WINDOWS;C:\WINDOWS\System32\Wbem;C:\WINDOWS\System32\WindowsPowerShell\v1.0\;C:\WINDOWS\System32\OpenSSH\;C:\Program Files\NVIDIA Corporation\NVIDIA app\NvDLISR;C:\Program Files\Java\jdk-23\bin;C:\Program Files (x86)\NVIDIA Corporation\PhysX\Common;C:\Program Files\Git\cmd;C:\Program Files\Java\jdk-25.0.1\bin\bin;C:\Users\ACER\AppData\Local\Microsoft\WindowsApps;C:\Users\ACER\AppData\Local\Programs\Microsoft VS Code\bin
USERNAME=ACER
OS=Windows_NT
PROCESSOR_IDENTIFIER=Intel64 Family 6 Model 154 Stepping 3, GenuineIntel
TMP=C:\Users\ACER\AppData\Local\Temp
TEMP=C:\Users\ACER\AppData\Local\Temp




Periodic native trim disabled

JNI global refs:
JNI global refs: 29, weak refs: 0

JNI global refs memory usage: 835, weak refs: 833

Process memory usage:
Resident Set Size: 382092K (2% of 16456184K total physical memory with 2741940K free physical memory)

OOME stack traces (most recent first):
Classloader memory used:
Loader org.gradle.internal.classloader.VisitableURLClassLoader                         : 32998K
Loader bootstrap                                                                       : 22567K
Loader org.gradle.initialization.MixInLegacyTypesClassLoader                           : 10852K
Loader org.gradle.internal.classloader.VisitableURLClassLoader                         : 988K
Loader org.gradle.internal.classloader.VisitableURLClassLoader$InstrumentingVisitableURLClassLoader: 700K
Loader jdk.internal.reflect.DelegatingClassLoader                                      : 301K
Loader jdk.internal.loader.ClassLoaders$AppClassLoader                                 : 230K
Loader org.gradle.groovy.scripts.internal.DefaultScriptCompilationHandler$ScriptClassLoader: 152K
Loader jdk.internal.loader.ClassLoaders$PlatformClassLoader                            : 130K

Classes loaded by more than one classloader:
Class org.gradle.internal.IoActions                                                   : loaded 3 times (x 71B)
Class org.gradle.api.Action                                                           : loaded 3 times (x 70B)
Class org.gradle.internal.Cast                                                        : loaded 3 times (x 71B)
Class org.gradle.api.GradleException                                                  : loaded 3 times (x 82B)
Class com.google.common.collect.UnmodifiableListIterator                              : loaded 2 times (x 95B)
Class org.gradle.internal.operations.MultipleBuildOperationFailures                   : loaded 2 times (x 95B)
Class org.gradle.internal.classloader.DefaultClassLoaderFactory                       : loaded 2 times (x 82B)
Class kotlin.collections.AbstractList$Companion                                       : loaded 2 times (x 71B)
Class org.gradle.internal.classloader.ClassLoaderVisitor                              : loaded 2 times (x 76B)
Class settings_c59gapz8lp9x1ah5934ve5s5c$_run_closure1$_closure2                      : loaded 2 times (x 139B)
Class ijInit1_a7zc6o0pmplhgsoljtqddwhxf                                               : loaded 2 times (x 171B)
Class org.gradle.api.internal.classpath.EffectiveClassPath                            : loaded 2 times (x 90B)
Class org.gradle.tooling.internal.gradle.DefaultProjectIdentifier                     : loaded 2 times (x 86B)
Class org.gradle.api.internal.DefaultClassPathProvider                                : loaded 2 times (x 76B)
Class [Lorg.gradle.api.internal.ClassPathProvider;                                    : loaded 2 times (x 69B)
Class org.gradle.api.internal.ClassPathProvider                                       : loaded 2 times (x 70B)
Class org.gradle.internal.service.UnknownServiceException                             : loaded 2 times (x 83B)
Class org.gradle.internal.classpath.TransformedClassPath                              : loaded 2 times (x 96B)
Class org.gradle.internal.classloader.InstrumentingClassLoader                        : loaded 2 times (x 70B)
Class com.google.common.collect.Iterators$ArrayItr                                    : loaded 2 times (x 97B)
Class kotlin.enums.EnumEntriesList                                                    : loaded 2 times (x 223B)
Class com.google.common.collect.UnmodifiableIterator                                  : loaded 2 times (x 80B)
Class org.gradle.internal.service.ServiceLocator                                      : loaded 2 times (x 70B)
Class com.intellij.gradle.toolingExtension.util.GradleVersionUtil                     : loaded 2 times (x 71B)
Class com.google.common.collect.Iterators$SingletonIterator                           : loaded 2 times (x 81B)
Class org.gradle.tooling.model.UnsupportedMethodException                             : loaded 2 times (x 82B)
Class com.google.common.collect.Iterators                                             : loaded 2 times (x 71B)
Class com.google.common.collect.Lists$StringAsImmutableList                           : loaded 2 times (x 207B)
Class settings_c59gapz8lp9x1ah5934ve5s5c                                              : loaded 2 times (x 171B)
Class org.gradle.internal.time.DefaultTimer                                           : loaded 2 times (x 80B)
Class org.gradle.internal.classloader.ClasspathUtil$1                                 : loaded 2 times (x 76B)
Class org.gradle.api.internal.classpath.DefaultModuleRegistry$DefaultModule           : loaded 2 times (x 86B)
Class com.google.common.collect.AbstractIterator                                      : loaded 2 times (x 82B)
Class sync_studio_tooling8_drjwkcjcda6dzyddquo963w08$_run_closure1                    : loaded 2 times (x 139B)
Class com.google.common.collect.AbstractIndexedListIterator                           : loaded 2 times (x 96B)
Class org.gradle.internal.time.DefaultCountdownTimer                                  : loaded 2 times (x 88B)
Class org.gradle.tooling.internal.gradle.DefaultBuildIdentifier                       : loaded 2 times (x 79B)
Class org.gradle.api.internal.classpath.Module                                        : loaded 2 times (x 70B)
Class org.gradle.api.internal.classpath.UnknownModuleException                        : loaded 2 times (x 82B)
Class org.gradle.tooling.internal.gradle.GradleProjectIdentity                        : loaded 2 times (x 70B)
Class org.gradle.api.internal.DefaultClassPathRegistry                                : loaded 2 times (x 76B)
Class org.gradle.api.internal.ClassPathRegistry                                       : loaded 2 times (x 70B)
Class org.gradle.api.internal.classpath.ManifestUtil                                  : loaded 2 times (x 71B)
Class org.gradle.internal.classpath.ClassPath                                         : loaded 2 times (x 70B)
Class com.google.common.collect.Iterators$1                                           : loaded 2 times (x 81B)
Class org.gradle.tooling.model.Model                                                  : loaded 2 times (x 70B)
Class kotlin.UninitializedPropertyAccessException                                     : loaded 2 times (x 82B)
Class com.google.common.collect.Iterators$4                                           : loaded 2 times (x 82B)
Class org.gradle.api.internal.classpath.ModuleRegistry                                : loaded 2 times (x 70B)
Class org.gradle.internal.installation.GradleInstallation$1                           : loaded 2 times (x 75B)
Class com.google.common.collect.Iterators$5                                           : loaded 2 times (x 82B)
Class com.google.common.collect.ImmutableCollection                                   : loaded 2 times (x 125B)
Class org.gradle.api.internal.classpath.DefaultModuleRegistry                         : loaded 2 times (x 86B)
Class com.google.common.collect.Lists                                                 : loaded 2 times (x 71B)
Class com.google.common.collect.Iterators$9                                           : loaded 2 times (x 81B)
Class org.gradle.internal.time.MonotonicClock                                         : loaded 2 times (x 77B)
Class org.gradle.internal.service.ServiceLookupException                              : loaded 2 times (x 82B)
Class sync_studio_tooling8_drjwkcjcda6dzyddquo963w08                                  : loaded 2 times (x 171B)
Class org.gradle.internal.classloader.ClassLoaderFactory                              : loaded 2 times (x 70B)
Class org.gradle.internal.service.CachingServiceLocator                               : loaded 2 times (x 82B)
Class org.gradle.internal.time.TimeSource                                             : loaded 2 times (x 70B)
Class org.gradle.tooling.internal.gradle.GradleBuildIdentity                          : loaded 2 times (x 70B)
Class kotlin.enums.EnumEntries                                                        : loaded 2 times (x 70B)
Class org.gradle.internal.exceptions.ResolutionProvider                               : loaded 2 times (x 70B)
Class org.gradle.tooling.model.ProjectIdentifier                                      : loaded 2 times (x 70B)
Class org.gradle.internal.classloader.ClasspathUtil                                   : loaded 2 times (x 71B)
Class org.gradle.internal.time.TimeSource$1                                           : loaded 2 times (x 77B)
Class kotlin.jvm.internal.DefaultConstructorMarker                                    : loaded 2 times (x 71B)
Class org.gradle.api.specs.Spec                                                       : loaded 2 times (x 70B)
Class com.intellij.gradle.toolingExtension.impl.model.utilDummyModel.DummyModel       : loaded 2 times (x 70B)
Class org.gradle.internal.time.Clock                                                  : loaded 2 times (x 70B)
Class kotlin.collections.AbstractList                                                 : loaded 2 times (x 197B)
Class kotlin.collections.AbstractCollection                                           : loaded 2 times (x 117B)
Class ijInit1_a7zc6o0pmplhgsoljtqddwhxf$_run_closure1                                 : loaded 2 times (x 140B)
Class org.gradle.internal.classloader.VisitableURLClassLoader$InstrumentingVisitableURLClassLoader: loaded 2 times (x 123B)
Class org.gradle.internal.classloader.VisitableURLClassLoader$Spec                    : loaded 2 times (x 74B)
Class org.gradle.internal.classpath.DefaultClassPath                                  : loaded 2 times (x 90B)
Class org.gradle.util.internal.DefaultGradleVersion                                   : loaded 2 times (x 82B)
Class org.gradle.internal.classloader.ClassLoaderSpec                                 : loaded 2 times (x 71B)
Class org.gradle.internal.classloader.VisitableURLClassLoader                         : loaded 2 times (x 117B)
Class org.gradle.internal.classloader.ClassLoaderHierarchy                            : loaded 2 times (x 70B)
Class org.gradle.internal.classloader.FilteringClassLoader                            : loaded 2 times (x 105B)
Class org.gradle.internal.classpath.DefaultClassPath$ImmutableUniqueList$Builder      : loaded 2 times (x 75B)
Class org.gradle.internal.classpath.DefaultClassPath$ImmutableUniqueList              : loaded 2 times (x 199B)
Class org.gradle.internal.exceptions.NonGradleCauseExceptionsHolder                   : loaded 2 times (x 70B)
Class kotlin.NotImplementedError                                                      : loaded 2 times (x 82B)
Class kotlin.enums.EnumEntriesKt                                                      : loaded 2 times (x 71B)
Class org.gradle.internal.classloader.SystemClassLoaderSpec                           : loaded 2 times (x 71B)
Class org.gradle.internal.exceptions.MultiCauseException                              : loaded 2 times (x 70B)
Class org.gradle.internal.time.CountdownTimer                                         : loaded 2 times (x 70B)
Class kotlin.jvm.internal.Intrinsics                                                  : loaded 2 times (x 71B)
Class org.gradle.tooling.model.ProjectModel                                           : loaded 2 times (x 70B)
Class kotlin.KotlinNullPointerException                                               : loaded 2 times (x 83B)
Class org.gradle.internal.exceptions.DefaultMultiCauseException                       : loaded 2 times (x 95B)
Class settings_c59gapz8lp9x1ah5934ve5s5c$_run_closure1                                : loaded 2 times (x 139B)
Class com.google.common.base.Preconditions                                            : loaded 2 times (x 71B)
Class com.google.common.collect.PeekingIterator                                       : loaded 2 times (x 70B)
Class org.gradle.internal.time.Time                                                   : loaded 2 times (x 71B)
Class org.gradle.api.internal.classpath.GlobalCacheRootsProvider                      : loaded 2 times (x 70B)
Class org.gradle.tooling.model.BuildIdentifier                                        : loaded 2 times (x 70B)
Class kotlin.NoWhenBranchMatchedException                                             : loaded 2 times (x 82B)
Class org.gradle.internal.time.Timer                                                  : loaded 2 times (x 70B)
Class kotlin.jvm.internal.markers.KMappedMarker                                       : loaded 2 times (x 70B)
Class org.gradle.internal.installation.CurrentGradleInstallationLocator               : loaded 2 times (x 71B)
Class com.google.common.collect.ImmutableList                                         : loaded 2 times (x 206B)
Class org.gradle.internal.service.DefaultServiceLocator                               : loaded 2 times (x 83B)
Class org.gradle.util.GradleVersion                                                   : loaded 2 times (x 81B)
Class org.gradle.internal.installation.CurrentGradleInstallation                      : loaded 2 times (x 73B)
Class org.gradle.util.internal.GUtil                                                  : loaded 2 times (x 71B)
Class com.google.common.collect.Iterators$MergingIterator                             : loaded 2 times (x 81B)
Class org.gradle.internal.installation.GradleInstallation                             : loaded 2 times (x 75B)

---------------  S Y S T E M  ---------------

OS:
 Windows 11 , 64 bit Build 26100 (10.0.26100.7705)
OS uptime: 0 days 3:38 hours
Hyper-V role detected

CPU: total 12 (initial active 12) (6 cores per cpu, 2 threads per core) family 6 model 154 stepping 3 microcode 0x423, cx8, cmov, fxsr, ht, mmx, 3dnowpref, sse, sse2, sse3, ssse3, sse4.1, sse4.2, popcnt, lzcnt, tsc, tscinvbit, avx, avx2, aes, erms, clmul, bmi1, bmi2, adx, sha, fma, vzeroupper, clflush, clflushopt, clwb, hv, serialize, rdtscp, rdpid, fsrm, f16c, cet_ibt, cet_ss
Processor Information for processor 0
  Max Mhz: 2500, Current Mhz: 2500, Mhz Limit: 2500
Processor Information for processor 1
  Max Mhz: 2500, Current Mhz: 2500, Mhz Limit: 2500
Processor Information for processor 2
  Max Mhz: 2500, Current Mhz: 2500, Mhz Limit: 2500
Processor Information for processor 3
  Max Mhz: 2500, Current Mhz: 2500, Mhz Limit: 2500
Processor Information for processor 4
  Max Mhz: 2500, Current Mhz: 2500, Mhz Limit: 2500
Processor Information for processor 5
  Max Mhz: 2500, Current Mhz: 2500, Mhz Limit: 2500
Processor Information for processor 6
  Max Mhz: 2500, Current Mhz: 2500, Mhz Limit: 2500
Processor Information for processor 7
  Max Mhz: 2500, Current Mhz: 1500, Mhz Limit: 2500
Processor Information for processor 8
  Max Mhz: 2500, Current Mhz: 1875, Mhz Limit: 1875
Processor Information for processor 9
  Max Mhz: 2500, Current Mhz: 1500, Mhz Limit: 1875
Processor Information for processor 10
  Max Mhz: 2500, Current Mhz: 1500, Mhz Limit: 1875
Processor Information for processor 11
  Max Mhz: 2500, Current Mhz: 1500, Mhz Limit: 1875

Memory: 4k page, system-wide physical 16070M (2680M free)
TotalPageFile size 16070M (AvailPageFile size 14M)
current process WorkingSet (physical memory assigned to process): 370M, peak: 373M
current process commit charge ("private bytes"): 412M, peak: 418M

vm_info: OpenJDK 64-Bit Server VM (21.0.9+-14649483-b1163.86) for windows-amd64 JRE (21.0.9+-14649483-b1163.86), built on 2025-12-30T22:08:35Z by "builder" with MS VC++ 16.10 / 16.11 (VS2019)

END.
