#
# There is insufficient memory for the Java Runtime Environment to continue.
# Native memory allocation (mmap) failed to map 35651584 bytes. Error detail: G1 virtual space
# Possible reasons:
#   The system is out of physical RAM or swap space
#   This process is running with CompressedOops enabled, and the Java Heap may be blocking the growth of the native heap
# Possible solutions:
#   Reduce memory load on the system
#   Increase physical memory or swap space
#   Check if swap backing store is full
#   Decrease Java heap size (-Xmx/-Xms)
#   Decrease number of Java threads
#   Decrease Java thread stack sizes (-Xss)
#   Set larger code cache with -XX:ReservedCodeCacheSize=
#   JVM is running with Zero Based Compressed Oops mode in which the Java heap is
#     placed in the first 32GB address space. The Java Heap base address is the
#     maximum limit for the native heap growth. Please use -XX:HeapBaseMinAddress
#     to set the Java Heap base and to place the Java Heap above 32GB virtual address.
# This output file may be truncated or incomplete.
#
#  Out of Memory Error (os_windows.cpp:3925), pid=21552, tid=18476
#
# JRE version: OpenJDK Runtime Environment (21.0.9) (build 21.0.9+-14649483-b1163.86)
# Java VM: OpenJDK 64-Bit Server VM (21.0.9+-14649483-b1163.86, mixed mode, tiered, compressed oops, compressed class ptrs, g1 gc, windows-amd64)
# No core dump will be written. Minidumps are not enabled by default on client versions of Windows
#

---------------  S U M M A R Y ------------

Command Line: --add-opens=java.base/java.lang=ALL-UNNAMED --add-opens=java.base/java.lang.invoke=ALL-UNNAMED --add-opens=java.base/java.util=ALL-UNNAMED --add-opens=java.prefs/java.util.prefs=ALL-UNNAMED --add-exports=jdk.compiler/com.sun.tools.javac.api=ALL-UNNAMED --add-exports=jdk.compiler/com.sun.tools.javac.util=ALL-UNNAMED --add-opens=java.base/java.util=ALL-UNNAMED --add-opens=java.prefs/java.util.prefs=ALL-UNNAMED --add-opens=java.base/java.nio.charset=ALL-UNNAMED --add-opens=java.base/java.net=ALL-UNNAMED --add-opens=java.base/java.util.concurrent=ALL-UNNAMED --add-opens=java.base/java.util.concurrent.atomic=ALL-UNNAMED --add-opens=java.xml/javax.xml.namespace=ALL-UNNAMED --add-opens=java.base/java.time=ALL-UNNAMED -XX:MaxMetaspaceSize=512m -Xmx4g -Dfile.encoding=UTF-8 -Duser.country=US -Duser.language=en -Duser.variant -javaagent:C:\Users\ACER\.gradle\wrapper\dists\gradle-9.2.1-bin\2t0n5ozlw9xmuyvbp7dnzaxug\gradle-9.2.1\lib\agents\gradle-instrumentation-agent-9.2.1.jar org.gradle.launcher.daemon.bootstrap.GradleDaemon 9.2.1

Host: 12th Gen Intel(R) Core(TM) i5-12450H, 12 cores, 15G,  Windows 11 , 64 bit Build 26100 (10.0.26100.7705)
Time: Mon Feb 23 02:23:11 2026 Nepal Standard Time elapsed time: 8.314994 seconds (0d 0h 0m 8s)

---------------  T H R E A D  ---------------

Current thread (0x000002036d5eb860):  VMThread "VM Thread"          [id=18476, stack(0x000000784bf00000,0x000000784c000000) (1024K)]

Stack: [0x000000784bf00000,0x000000784c000000]
Native frames: (J=compiled Java code, j=interpreted, Vv=VM code, C=native code)
V  [jvm.dll+0x6d6c99]
V  [jvm.dll+0x866b83]
V  [jvm.dll+0x86919e]
V  [jvm.dll+0x869883]
V  [jvm.dll+0x280776]
V  [jvm.dll+0x6d3555]
V  [jvm.dll+0x6c6bea]
V  [jvm.dll+0x3587fb]
V  [jvm.dll+0x360476]
V  [jvm.dll+0x3b2646]
V  [jvm.dll+0x3b2918]
V  [jvm.dll+0x32af0c]
V  [jvm.dll+0x32af97]
V  [jvm.dll+0x370e7c]
V  [jvm.dll+0x36f62e]
V  [jvm.dll+0x32a661]
V  [jvm.dll+0x36ed30]
V  [jvm.dll+0x86f608]
V  [jvm.dll+0x870984]
V  [jvm.dll+0x870ec0]
V  [jvm.dll+0x871153]
V  [jvm.dll+0x80f118]
V  [jvm.dll+0x6d54ed]
C  [ucrtbase.dll+0x37b0]
C  [KERNEL32.DLL+0x2e8d7]
C  [ntdll.dll+0x8c40c]

VM_Operation (0x0000007850afcc10): G1CollectForAllocation, mode: safepoint, requested by thread 0x000002037729aec0


---------------  P R O C E S S  ---------------

Threads class SMR info:
_java_thread_list=0x00000203781a1770, length=65, elements={
0x0000020353168950, 0x000002036d65e0e0, 0x000002036d660de0, 0x000002036d661450,
0x000002036d6624c0, 0x000002036d68cac0, 0x000002036d662b30, 0x000002036d6631a0,
0x000002036d699e10, 0x000002036d69a4c0, 0x000002036d984160, 0x000002037220de80,
0x000002037242bf80, 0x00000203734de9d0, 0x0000020374307980, 0x00000203730a9270,
0x000002037425db50, 0x000002037435cf00, 0x0000020373f5f600, 0x0000020373f5e8e0,
0x0000020373f609b0, 0x0000020373f5dbc0, 0x0000020373f5ef70, 0x0000020373f60320,
0x0000020373f5d530, 0x0000020373f5e250, 0x000002037447c670, 0x000002037447e0b0,
0x000002037447da20, 0x000002037447faf0, 0x0000020374480180, 0x000002037447f460,
0x000002037447cd00, 0x0000020374480810, 0x000002037447d390, 0x0000020374480ea0,
0x0000020374481530, 0x0000020374481bc0, 0x0000020374482250, 0x00000203744828e0,
0x0000020374482f70, 0x00000203748ac260, 0x00000203748adca0, 0x00000203748ad610,
0x00000203748abbd0, 0x00000203748acf80, 0x00000203748b1e40, 0x00000203748ae9c0,
0x00000203748b24d0, 0x00000203748b0400, 0x00000203748af050, 0x00000203748b2b60,
0x00000203748b0a90, 0x0000020377294c50, 0x0000020377293f30, 0x0000020377296690,
0x00000203772973b0, 0x0000020377295970, 0x00000203772945c0, 0x00000203772980d0,
0x0000020377298760, 0x0000020377298df0, 0x0000020377297a40, 0x00000203772952e0,
0x000002037729aec0
}

Java Threads: ( => current thread )
  0x0000020353168950 JavaThread "main"                              [_thread_blocked, id=15948, stack(0x000000784b800000,0x000000784b900000) (1024K)]
  0x000002036d65e0e0 JavaThread "Common-Cleaner"             daemon [_thread_blocked, id=19528, stack(0x000000784c000000,0x000000784c100000) (1024K)]
  0x000002036d660de0 JavaThread "Reference Handler"          daemon [_thread_blocked, id=2828, stack(0x000000784c100000,0x000000784c200000) (1024K)]
  0x000002036d661450 JavaThread "Finalizer"                  daemon [_thread_blocked, id=6564, stack(0x000000784c200000,0x000000784c300000) (1024K)]
  0x000002036d6624c0 JavaThread "Signal Dispatcher"          daemon [_thread_blocked, id=2080, stack(0x000000784c300000,0x000000784c400000) (1024K)]
  0x000002036d68cac0 JavaThread "Attach Listener"            daemon [_thread_blocked, id=8772, stack(0x000000784c400000,0x000000784c500000) (1024K)]
  0x000002036d662b30 JavaThread "Service Thread"             daemon [_thread_blocked, id=16764, stack(0x000000784c500000,0x000000784c600000) (1024K)]
  0x000002036d6631a0 JavaThread "Monitor Deflation Thread"   daemon [_thread_blocked, id=20032, stack(0x000000784c600000,0x000000784c700000) (1024K)]
  0x000002036d699e10 JavaThread "C2 CompilerThread0"         daemon [_thread_blocked, id=16264, stack(0x000000784c700000,0x000000784c800000) (1024K)]
  0x000002036d69a4c0 JavaThread "C1 CompilerThread0"         daemon [_thread_blocked, id=4988, stack(0x000000784c800000,0x000000784c900000) (1024K)]
  0x000002036d984160 JavaThread "Notification Thread"        daemon [_thread_blocked, id=22456, stack(0x000000784c900000,0x000000784ca00000) (1024K)]
  0x000002037220de80 JavaThread "C2 CompilerThread1"         daemon [_thread_blocked, id=20000, stack(0x000000784ca00000,0x000000784cb00000) (1024K)]
  0x000002037242bf80 JavaThread "C2 CompilerThread2"         daemon [_thread_blocked, id=15864, stack(0x000000784d000000,0x000000784d100000) (1024K)]
  0x00000203734de9d0 JavaThread "Daemon health stats"               [_thread_blocked, id=22424, stack(0x000000784d100000,0x000000784d200000) (1024K)]
  0x0000020374307980 JavaThread "Incoming local TCP Connector on port 56126"        [_thread_in_native, id=18732, stack(0x000000784d200000,0x000000784d300000) (1024K)]
  0x00000203730a9270 JavaThread "Daemon periodic checks"            [_thread_blocked, id=14908, stack(0x000000784d300000,0x000000784d400000) (1024K)]
  0x000002037425db50 JavaThread "Daemon"                            [_thread_blocked, id=13920, stack(0x000000784d400000,0x000000784d500000) (1024K)]
  0x000002037435cf00 JavaThread "Handler for socket connection from /127.0.0.1:56126 to /127.0.0.1:56127"        [_thread_in_native, id=10792, stack(0x000000784d500000,0x000000784d600000) (1024K)]
  0x0000020373f5f600 JavaThread "Cancel handler"                    [_thread_blocked, id=2732, stack(0x000000784dc00000,0x000000784dd00000) (1024K)]
  0x0000020373f5e8e0 JavaThread "Daemon worker"                     [_thread_blocked, id=19444, stack(0x000000784dd00000,0x000000784de00000) (1024K)]
  0x0000020373f609b0 JavaThread "Asynchronous log dispatcher for DefaultDaemonConnection: socket connection from /127.0.0.1:56126 to /127.0.0.1:56127"        [_thread_blocked, id=21936, stack(0x000000784de00000,0x000000784df00000) (1024K)]
  0x0000020373f5dbc0 JavaThread "Stdin handler"                     [_thread_blocked, id=8924, stack(0x000000784df00000,0x000000784e000000) (1024K)]
  0x0000020373f5ef70 JavaThread "Daemon client event forwarder"        [_thread_blocked, id=21824, stack(0x000000784e000000,0x000000784e100000) (1024K)]
  0x0000020373f60320 JavaThread "Cache worker for journal cache (C:\Users\ACER\.gradle\caches\journal-1)"        [_thread_blocked, id=18032, stack(0x000000784e100000,0x000000784e200000) (1024K)]
  0x0000020373f5d530 JavaThread "File lock request listener"        [_thread_in_native, id=20696, stack(0x000000784e200000,0x000000784e300000) (1024K)]
  0x0000020373f5e250 JavaThread "Cache worker for file hash cache (C:\Users\ACER\.gradle\caches\9.2.1\fileHashes)"        [_thread_blocked, id=13784, stack(0x000000784e300000,0x000000784e400000) (1024K)]
  0x000002037447c670 JavaThread "Cache worker for file hash cache (D:\Farmo-Project\Farmo-App\.gradle\9.2.1\fileHashes)"        [_thread_blocked, id=6052, stack(0x000000784e400000,0x000000784e500000) (1024K)]
  0x000002037447e0b0 JavaThread "Cache worker for Build Output Cleanup Cache (D:\Farmo-Project\Farmo-App\.gradle\buildOutputCleanup)"        [_thread_blocked, id=15016, stack(0x000000784e500000,0x000000784e600000) (1024K)]
  0x000002037447da20 JavaThread "File watcher server"        daemon [_thread_in_native, id=4312, stack(0x000000784e600000,0x000000784e700000) (1024K)]
  0x000002037447faf0 JavaThread "File watcher consumer"      daemon [_thread_blocked, id=6488, stack(0x000000784e700000,0x000000784e800000) (1024K)]
  0x0000020374480180 JavaThread "jar transforms"                    [_thread_blocked, id=18116, stack(0x000000784e800000,0x000000784e900000) (1024K)]
  0x000002037447f460 JavaThread "jar transforms Thread 2"           [_thread_blocked, id=5416, stack(0x000000784e900000,0x000000784ea00000) (1024K)]
  0x000002037447cd00 JavaThread "jar transforms Thread 3"           [_thread_blocked, id=5744, stack(0x000000784ea00000,0x000000784eb00000) (1024K)]
  0x0000020374480810 JavaThread "jar transforms Thread 4"           [_thread_blocked, id=21192, stack(0x000000784eb00000,0x000000784ec00000) (1024K)]
  0x000002037447d390 JavaThread "jar transforms Thread 5"           [_thread_blocked, id=18528, stack(0x000000784ec00000,0x000000784ed00000) (1024K)]
  0x0000020374480ea0 JavaThread "jar transforms Thread 6"           [_thread_blocked, id=4192, stack(0x000000784ed00000,0x000000784ee00000) (1024K)]
  0x0000020374481530 JavaThread "jar transforms Thread 7"           [_thread_blocked, id=20680, stack(0x000000784ee00000,0x000000784ef00000) (1024K)]
  0x0000020374481bc0 JavaThread "jar transforms Thread 8"           [_thread_blocked, id=21320, stack(0x000000784ef00000,0x000000784f000000) (1024K)]
  0x0000020374482250 JavaThread "jar transforms Thread 9"           [_thread_blocked, id=17188, stack(0x000000784f000000,0x000000784f100000) (1024K)]
  0x00000203744828e0 JavaThread "jar transforms Thread 10"          [_thread_blocked, id=10528, stack(0x000000784f100000,0x000000784f200000) (1024K)]
  0x0000020374482f70 JavaThread "jar transforms Thread 11"          [_thread_blocked, id=4280, stack(0x000000784f200000,0x000000784f300000) (1024K)]
  0x00000203748ac260 JavaThread "jar transforms Thread 12"          [_thread_blocked, id=21612, stack(0x000000784f300000,0x000000784f400000) (1024K)]
  0x00000203748adca0 JavaThread "Cache worker for checksums cache (D:\Farmo-Project\Farmo-App\.gradle\9.2.1\checksums)"        [_thread_blocked, id=21664, stack(0x000000784f400000,0x000000784f500000) (1024K)]
  0x00000203748ad610 JavaThread "Cache worker for file content cache (C:\Users\ACER\.gradle\caches\9.2.1\fileContent)"        [_thread_blocked, id=20304, stack(0x000000784f500000,0x000000784f600000) (1024K)]
  0x00000203748abbd0 JavaThread "Cache worker for cache directory md-supplier (C:\Users\ACER\.gradle\caches\9.2.1\md-supplier)"        [_thread_blocked, id=4704, stack(0x000000784f600000,0x000000784f700000) (1024K)]
  0x00000203748acf80 JavaThread "Cache worker for cache directory md-rule (C:\Users\ACER\.gradle\caches\9.2.1\md-rule)"        [_thread_blocked, id=6348, stack(0x000000784f700000,0x000000784f800000) (1024K)]
  0x00000203748b1e40 JavaThread "Unconstrained build operations"        [_thread_blocked, id=19684, stack(0x000000784f800000,0x000000784f900000) (1024K)]
  0x00000203748ae9c0 JavaThread "Unconstrained build operations Thread 2"        [_thread_blocked, id=6836, stack(0x000000784f900000,0x000000784fa00000) (1024K)]
  0x00000203748b24d0 JavaThread "Unconstrained build operations Thread 3"        [_thread_blocked, id=20816, stack(0x000000784fa00000,0x000000784fb00000) (1024K)]
  0x00000203748b0400 JavaThread "Unconstrained build operations Thread 4"        [_thread_blocked, id=9232, stack(0x000000784fb00000,0x000000784fc00000) (1024K)]
  0x00000203748af050 JavaThread "Unconstrained build operations Thread 5"        [_thread_blocked, id=1812, stack(0x000000784fc00000,0x000000784fd00000) (1024K)]
  0x00000203748b2b60 JavaThread "Unconstrained build operations Thread 6"        [_thread_blocked, id=22352, stack(0x000000784fd00000,0x000000784fe00000) (1024K)]
  0x00000203748b0a90 JavaThread "Unconstrained build operations Thread 7"        [_thread_blocked, id=8000, stack(0x000000784fe00000,0x000000784ff00000) (1024K)]
  0x0000020377294c50 JavaThread "Unconstrained build operations Thread 8"        [_thread_blocked, id=21072, stack(0x000000784ff00000,0x0000007850000000) (1024K)]
  0x0000020377293f30 JavaThread "Unconstrained build operations Thread 9"        [_thread_blocked, id=21204, stack(0x0000007850000000,0x0000007850100000) (1024K)]
  0x0000020377296690 JavaThread "Unconstrained build operations Thread 10"        [_thread_blocked, id=9580, stack(0x0000007850100000,0x0000007850200000) (1024K)]
  0x00000203772973b0 JavaThread "Unconstrained build operations Thread 11"        [_thread_blocked, id=9872, stack(0x0000007850200000,0x0000007850300000) (1024K)]
  0x0000020377295970 JavaThread "Unconstrained build operations Thread 12"        [_thread_blocked, id=4064, stack(0x0000007850300000,0x0000007850400000) (1024K)]
  0x00000203772945c0 JavaThread "Unconstrained build operations Thread 13"        [_thread_blocked, id=17548, stack(0x0000007850400000,0x0000007850500000) (1024K)]
  0x00000203772980d0 JavaThread "Unconstrained build operations Thread 14"        [_thread_blocked, id=22020, stack(0x0000007850500000,0x0000007850600000) (1024K)]
  0x0000020377298760 JavaThread "Unconstrained build operations Thread 15"        [_thread_blocked, id=10640, stack(0x0000007850600000,0x0000007850700000) (1024K)]
  0x0000020377298df0 JavaThread "Unconstrained build operations Thread 16"        [_thread_blocked, id=21180, stack(0x0000007850700000,0x0000007850800000) (1024K)]
  0x0000020377297a40 JavaThread "Unconstrained build operations Thread 17"        [_thread_blocked, id=3480, stack(0x0000007850800000,0x0000007850900000) (1024K)]
  0x00000203772952e0 JavaThread "Unconstrained build operations Thread 18"        [_thread_blocked, id=11620, stack(0x0000007850900000,0x0000007850a00000) (1024K)]
  0x000002037729aec0 JavaThread "Unconstrained build operations Thread 19"        [_thread_blocked, id=5876, stack(0x0000007850a00000,0x0000007850b00000) (1024K)]
Total: 65

Other Threads:
=>0x000002036d5eb860 VMThread "VM Thread"                           [id=18476, stack(0x000000784bf00000,0x000000784c000000) (1024K)]
  0x000002036d460820 WatcherThread "VM Periodic Task Thread"        [id=20940, stack(0x000000784be00000,0x000000784bf00000) (1024K)]
  0x00000203531d2c70 WorkerThread "GC Thread#0"                     [id=21124, stack(0x000000784b900000,0x000000784ba00000) (1024K)]
  0x00000203724602f0 WorkerThread "GC Thread#1"                     [id=9976, stack(0x000000784cb00000,0x000000784cc00000) (1024K)]
  0x0000020372460690 WorkerThread "GC Thread#2"                     [id=18856, stack(0x000000784cc00000,0x000000784cd00000) (1024K)]
  0x00000203721b0df0 WorkerThread "GC Thread#3"                     [id=17920, stack(0x000000784cd00000,0x000000784ce00000) (1024K)]
  0x00000203721b1190 WorkerThread "GC Thread#4"                     [id=15988, stack(0x000000784ce00000,0x000000784cf00000) (1024K)]
  0x00000203721b1530 WorkerThread "GC Thread#5"                     [id=16336, stack(0x000000784cf00000,0x000000784d000000) (1024K)]
  0x00000203743474b0 WorkerThread "GC Thread#6"                     [id=19132, stack(0x000000784d600000,0x000000784d700000) (1024K)]
  0x0000020374346d70 WorkerThread "GC Thread#7"                     [id=7860, stack(0x000000784d700000,0x000000784d800000) (1024K)]
  0x0000020374346630 WorkerThread "GC Thread#8"                     [id=10620, stack(0x000000784d800000,0x000000784d900000) (1024K)]
  0x0000020374347110 WorkerThread "GC Thread#9"                     [id=7336, stack(0x000000784d900000,0x000000784da00000) (1024K)]
  0x00000203531e3b60 ConcurrentGCThread "G1 Main Marker"            [id=2756, stack(0x000000784ba00000,0x000000784bb00000) (1024K)]
  0x00000203531e4570 WorkerThread "G1 Conc#0"                       [id=15952, stack(0x000000784bb00000,0x000000784bc00000) (1024K)]
  0x0000020374347850 WorkerThread "G1 Conc#1"                       [id=14176, stack(0x000000784da00000,0x000000784db00000) (1024K)]
  0x0000020374347bf0 WorkerThread "G1 Conc#2"                       [id=18508, stack(0x000000784db00000,0x000000784dc00000) (1024K)]
  0x000002036d331e60 ConcurrentGCThread "G1 Refine#0"               [id=13992, stack(0x000000784bc00000,0x000000784bd00000) (1024K)]
  0x000002036d3362b0 ConcurrentGCThread "G1 Service"                [id=17672, stack(0x000000784bd00000,0x000000784be00000) (1024K)]
Total: 18

Threads with active compile tasks:
Total: 0

VM state: at safepoint (normal execution)

VM Mutex/Monitor currently owned by a thread:  ([mutex/lock_event])
[0x00007ff927288690] Threads_lock - owner thread: 0x000002036d5eb860
[0x00007ff927288790] Heap_lock - owner thread: 0x000002037729aec0

Heap address: 0x0000000700000000, size: 4096 MB, Compressed Oops mode: Zero based, Oop shift amount: 3

CDS archive(s) not mapped
Compressed class space mapped at: 0x0000000800000000-0x000000081a000000, reserved size: 436207616
Narrow klass base: 0x0000000800000000, Narrow klass shift: 0, Narrow klass range: 0x1a000000

GC Precious Log:
 CardTable entry size: 512
 Card Set container configuration: InlinePtr #cards 4 size 8 Array Of Cards #cards 16 size 48 Howl #buckets 8 coarsen threshold 3686 Howl Bitmap #cards 512 size 80 coarsen threshold 460 Card regions per heap region 1 cards per card region 4096
 CPUs: 12 total, 12 available
 Memory: 16070M
 Large Page Support: Disabled
 NUMA Support: Disabled
 Compressed Oops: Enabled (Zero based)
 Heap Region Size: 2M
 Heap Min Capacity: 8M
 Heap Initial Capacity: 252M
 Heap Max Capacity: 4G
 Pre-touch: Disabled
 Parallel Workers: 10
 Concurrent Workers: 3
 Concurrent Refinement Workers: 10
 Periodic GC: Disabled

Heap:
 garbage-first heap   total 155648K, used 81867K [0x0000000700000000, 0x0000000800000000)
  region size 2048K, 2 young (4096K), 2 survivors (4096K)
 Metaspace       used 69173K, committed 71040K, reserved 491520K
  class space    used 9824K, committed 10752K, reserved 425984K

Heap Regions: E=young(eden), S=young(survivor), O=old, HS=humongous(starts), HC=humongous(continues), CS=collection set, F=free, TAMS=top-at-mark-start, PB=parsable bottom
|   0|0x0000000700000000, 0x0000000700200000, 0x0000000700200000|100%|HS|  |TAMS 0x0000000700000000| PB 0x0000000700000000| Complete 
|   1|0x0000000700200000, 0x0000000700400000, 0x0000000700400000|100%|HC|  |TAMS 0x0000000700200000| PB 0x0000000700200000| Complete 
|   2|0x0000000700400000, 0x0000000700600000, 0x0000000700600000|100%| O|  |TAMS 0x0000000700400000| PB 0x0000000700400000| Untracked 
|   3|0x0000000700600000, 0x0000000700800000, 0x0000000700800000|100%| O|  |TAMS 0x0000000700600000| PB 0x0000000700600000| Untracked 
|   4|0x0000000700800000, 0x0000000700a00000, 0x0000000700a00000|100%| O|  |TAMS 0x0000000700800000| PB 0x0000000700800000| Untracked 
|   5|0x0000000700a00000, 0x0000000700c00000, 0x0000000700c00000|100%|HS|  |TAMS 0x0000000700a00000| PB 0x0000000700a00000| Complete 
|   6|0x0000000700c00000, 0x0000000700e00000, 0x0000000700e00000|100%| O|  |TAMS 0x0000000700c00000| PB 0x0000000700c00000| Untracked 
|   7|0x0000000700e00000, 0x0000000701000000, 0x0000000701000000|100%| O|  |TAMS 0x0000000700e00000| PB 0x0000000700e00000| Untracked 
|   8|0x0000000701000000, 0x0000000701200000, 0x0000000701200000|100%|HS|  |TAMS 0x0000000701000000| PB 0x0000000701000000| Complete 
|   9|0x0000000701200000, 0x0000000701400000, 0x0000000701400000|100%|HC|  |TAMS 0x0000000701200000| PB 0x0000000701200000| Complete 
|  10|0x0000000701400000, 0x0000000701600000, 0x0000000701600000|100%|HC|  |TAMS 0x0000000701400000| PB 0x0000000701400000| Complete 
|  11|0x0000000701600000, 0x0000000701800000, 0x0000000701800000|100%|HS|  |TAMS 0x0000000701600000| PB 0x0000000701600000| Complete 
|  12|0x0000000701800000, 0x0000000701a00000, 0x0000000701a00000|100%|HS|  |TAMS 0x0000000701800000| PB 0x0000000701800000| Complete 
|  13|0x0000000701a00000, 0x0000000701c00000, 0x0000000701c00000|100%|HC|  |TAMS 0x0000000701a00000| PB 0x0000000701a00000| Complete 
|  14|0x0000000701c00000, 0x0000000701e00000, 0x0000000701e00000|100%|HC|  |TAMS 0x0000000701c00000| PB 0x0000000701c00000| Complete 
|  15|0x0000000701e00000, 0x0000000702000000, 0x0000000702000000|100%|HS|  |TAMS 0x0000000701e00000| PB 0x0000000701e00000| Complete 
|  16|0x0000000702000000, 0x0000000702200000, 0x0000000702200000|100%| O|  |TAMS 0x0000000702000000| PB 0x0000000702000000| Untracked 
|  17|0x0000000702200000, 0x0000000702400000, 0x0000000702400000|100%| O|  |TAMS 0x0000000702200000| PB 0x0000000702200000| Untracked 
|  18|0x0000000702400000, 0x0000000702600000, 0x0000000702600000|100%| O|  |TAMS 0x0000000702400000| PB 0x0000000702400000| Untracked 
|  19|0x0000000702600000, 0x0000000702800000, 0x0000000702800000|100%| O|  |TAMS 0x0000000702600000| PB 0x0000000702600000| Untracked 
|  20|0x0000000702800000, 0x0000000702a00000, 0x0000000702a00000|100%| O|  |TAMS 0x0000000702800000| PB 0x0000000702800000| Untracked 
|  21|0x0000000702a00000, 0x0000000702c00000, 0x0000000702c00000|100%| O|  |TAMS 0x0000000702a00000| PB 0x0000000702a00000| Untracked 
|  22|0x0000000702c00000, 0x0000000702e00000, 0x0000000702e00000|100%| O|  |TAMS 0x0000000702c00000| PB 0x0000000702c00000| Untracked 
|  23|0x0000000702e00000, 0x0000000703000000, 0x0000000703000000|100%| O|  |TAMS 0x0000000702e00000| PB 0x0000000702e00000| Untracked 
|  24|0x0000000703000000, 0x0000000703200000, 0x0000000703200000|100%| O|  |TAMS 0x0000000703000000| PB 0x0000000703000000| Untracked 
|  25|0x0000000703200000, 0x0000000703200000, 0x0000000703400000|  0%| F|  |TAMS 0x0000000703200000| PB 0x0000000703200000| Untracked 
|  26|0x0000000703400000, 0x0000000703600000, 0x0000000703600000|100%| O|  |TAMS 0x0000000703400000| PB 0x0000000703400000| Untracked 
|  27|0x0000000703600000, 0x0000000703800000, 0x0000000703800000|100%| O|  |TAMS 0x0000000703600000| PB 0x0000000703600000| Untracked 
|  28|0x0000000703800000, 0x0000000703a00000, 0x0000000703a00000|100%| O|  |TAMS 0x0000000703800000| PB 0x0000000703800000| Untracked 
|  29|0x0000000703a00000, 0x0000000703c00000, 0x0000000703c00000|100%| O|  |TAMS 0x0000000703a00000| PB 0x0000000703a00000| Untracked 
|  30|0x0000000703c00000, 0x0000000703e00000, 0x0000000703e00000|100%| O|  |TAMS 0x0000000703c00000| PB 0x0000000703c00000| Untracked 
|  31|0x0000000703e00000, 0x0000000703e17fe0, 0x0000000704000000|  4%| O|  |TAMS 0x0000000703e00000| PB 0x0000000703e00000| Untracked 
|  32|0x0000000704000000, 0x0000000704000000, 0x0000000704200000|  0%| F|  |TAMS 0x0000000704000000| PB 0x0000000704000000| Untracked 
|  33|0x0000000704200000, 0x0000000704400000, 0x0000000704400000|100%| O|  |TAMS 0x0000000704200000| PB 0x0000000704200000| Untracked 
|  34|0x0000000704400000, 0x0000000704400000, 0x0000000704600000|  0%| F|  |TAMS 0x0000000704400000| PB 0x0000000704400000| Untracked 
|  35|0x0000000704600000, 0x0000000704800000, 0x0000000704800000|100%| O|  |TAMS 0x0000000704600000| PB 0x0000000704600000| Untracked 
|  36|0x0000000704800000, 0x00000007049db010, 0x0000000704a00000| 92%| S|CS|TAMS 0x0000000704800000| PB 0x0000000704800000| Complete 
|  37|0x0000000704a00000, 0x0000000704a00000, 0x0000000704c00000|  0%| F|  |TAMS 0x0000000704a00000| PB 0x0000000704a00000| Untracked 
|  38|0x0000000704c00000, 0x0000000704e00000, 0x0000000704e00000|100%| S|CS|TAMS 0x0000000704c00000| PB 0x0000000704c00000| Complete 
|  39|0x0000000704e00000, 0x0000000704e00000, 0x0000000705000000|  0%| F|  |TAMS 0x0000000704e00000| PB 0x0000000704e00000| Untracked 
|  40|0x0000000705000000, 0x0000000705000000, 0x0000000705200000|  0%| F|  |TAMS 0x0000000705000000| PB 0x0000000705000000| Untracked 
|  41|0x0000000705200000, 0x0000000705200000, 0x0000000705400000|  0%| F|  |TAMS 0x0000000705200000| PB 0x0000000705200000| Untracked 
|  42|0x0000000705400000, 0x0000000705400000, 0x0000000705600000|  0%| F|  |TAMS 0x0000000705400000| PB 0x0000000705400000| Untracked 
|  43|0x0000000705600000, 0x0000000705600000, 0x0000000705800000|  0%| F|  |TAMS 0x0000000705600000| PB 0x0000000705600000| Untracked 
|  44|0x0000000705800000, 0x0000000705800000, 0x0000000705a00000|  0%| F|  |TAMS 0x0000000705800000| PB 0x0000000705800000| Untracked 
|  45|0x0000000705a00000, 0x0000000705a00000, 0x0000000705c00000|  0%| F|  |TAMS 0x0000000705a00000| PB 0x0000000705a00000| Untracked 
|  46|0x0000000705c00000, 0x0000000705c00000, 0x0000000705e00000|  0%| F|  |TAMS 0x0000000705c00000| PB 0x0000000705c00000| Untracked 
|  47|0x0000000705e00000, 0x0000000705e00000, 0x0000000706000000|  0%| F|  |TAMS 0x0000000705e00000| PB 0x0000000705e00000| Untracked 
|  48|0x0000000706000000, 0x0000000706000000, 0x0000000706200000|  0%| F|  |TAMS 0x0000000706000000| PB 0x0000000706000000| Untracked 
|  49|0x0000000706200000, 0x0000000706200000, 0x0000000706400000|  0%| F|  |TAMS 0x0000000706200000| PB 0x0000000706200000| Untracked 
|  50|0x0000000706400000, 0x0000000706400000, 0x0000000706600000|  0%| F|  |TAMS 0x0000000706400000| PB 0x0000000706400000| Untracked 
|  51|0x0000000706600000, 0x0000000706600000, 0x0000000706800000|  0%| F|  |TAMS 0x0000000706600000| PB 0x0000000706600000| Untracked 
|  52|0x0000000706800000, 0x0000000706800000, 0x0000000706a00000|  0%| F|  |TAMS 0x0000000706800000| PB 0x0000000706800000| Untracked 
|  53|0x0000000706a00000, 0x0000000706a00000, 0x0000000706c00000|  0%| F|  |TAMS 0x0000000706a00000| PB 0x0000000706a00000| Untracked 
|  54|0x0000000706c00000, 0x0000000706c00000, 0x0000000706e00000|  0%| F|  |TAMS 0x0000000706c00000| PB 0x0000000706c00000| Untracked 
|  55|0x0000000706e00000, 0x0000000706e00000, 0x0000000707000000|  0%| F|  |TAMS 0x0000000706e00000| PB 0x0000000706e00000| Untracked 
|  56|0x0000000707000000, 0x0000000707000000, 0x0000000707200000|  0%| F|  |TAMS 0x0000000707000000| PB 0x0000000707000000| Untracked 
|  57|0x0000000707200000, 0x0000000707200000, 0x0000000707400000|  0%| F|  |TAMS 0x0000000707200000| PB 0x0000000707200000| Untracked 
|  58|0x0000000707400000, 0x0000000707400000, 0x0000000707600000|  0%| F|  |TAMS 0x0000000707400000| PB 0x0000000707400000| Untracked 
|  59|0x0000000707600000, 0x0000000707600000, 0x0000000707800000|  0%| F|  |TAMS 0x0000000707600000| PB 0x0000000707600000| Untracked 
|  60|0x0000000707800000, 0x0000000707800000, 0x0000000707a00000|  0%| F|  |TAMS 0x0000000707800000| PB 0x0000000707800000| Untracked 
|  61|0x0000000707a00000, 0x0000000707a00000, 0x0000000707c00000|  0%| F|  |TAMS 0x0000000707a00000| PB 0x0000000707a00000| Untracked 
|  62|0x0000000707c00000, 0x0000000707c00000, 0x0000000707e00000|  0%| F|  |TAMS 0x0000000707c00000| PB 0x0000000707c00000| Untracked 
|  63|0x0000000707e00000, 0x0000000707e00000, 0x0000000708000000|  0%| F|  |TAMS 0x0000000707e00000| PB 0x0000000707e00000| Untracked 
|  64|0x0000000708000000, 0x0000000708000000, 0x0000000708200000|  0%| F|  |TAMS 0x0000000708000000| PB 0x0000000708000000| Untracked 
|  65|0x0000000708200000, 0x0000000708200000, 0x0000000708400000|  0%| F|  |TAMS 0x0000000708200000| PB 0x0000000708200000| Untracked 
|  66|0x0000000708400000, 0x0000000708400000, 0x0000000708600000|  0%| F|  |TAMS 0x0000000708400000| PB 0x0000000708400000| Untracked 
|  67|0x0000000708600000, 0x0000000708600000, 0x0000000708800000|  0%| F|  |TAMS 0x0000000708600000| PB 0x0000000708600000| Untracked 
|  68|0x0000000708800000, 0x0000000708800000, 0x0000000708a00000|  0%| F|  |TAMS 0x0000000708800000| PB 0x0000000708800000| Untracked 
| 125|0x000000070fa00000, 0x000000070fa00000, 0x000000070fc00000|  0%| F|  |TAMS 0x000000070fa00000| PB 0x000000070fa00000| Untracked 
|2042|0x00000007ff400000, 0x00000007ff600000, 0x00000007ff600000|100%| O|  |TAMS 0x00000007ff400000| PB 0x00000007ff400000| Untracked 
|2043|0x00000007ff600000, 0x00000007ff800000, 0x00000007ff800000|100%| O|  |TAMS 0x00000007ff600000| PB 0x00000007ff600000| Untracked 
|2044|0x00000007ff800000, 0x00000007ffa00000, 0x00000007ffa00000|100%| O|  |TAMS 0x00000007ff800000| PB 0x00000007ff800000| Untracked 
|2045|0x00000007ffa00000, 0x00000007ffc00000, 0x00000007ffc00000|100%| O|  |TAMS 0x00000007ffa00000| PB 0x00000007ffa00000| Untracked 
|2046|0x00000007ffc00000, 0x00000007ffe00000, 0x00000007ffe00000|100%| O|  |TAMS 0x00000007ffc00000| PB 0x00000007ffc00000| Untracked 
|2047|0x00000007ffe00000, 0x0000000800000000, 0x0000000800000000|100%| O|  |TAMS 0x00000007ffe00000| PB 0x00000007ffe00000| Untracked 

Card table byte_map: [0x0000020366020000,0x0000020366820000] _byte_map_base: 0x0000020362820000

Marking Bits: (CMBitMap*) 0x00000203531d3280
 Bits: [0x0000020366820000, 0x000002036a820000)

Polling page: 0x0000020351020000

Metaspace:

Usage:
  Non-class:     57.96 MB used.
      Class:      9.59 MB used.
       Both:     67.55 MB used.

Virtual space:
  Non-class space:       64.00 MB reserved,      58.88 MB ( 92%) committed,  1 nodes.
      Class space:      416.00 MB reserved,      10.50 MB (  3%) committed,  1 nodes.
             Both:      480.00 MB reserved,      69.38 MB ( 14%) committed. 

Chunk freelists:
   Non-Class:  4.19 MB
       Class:  5.45 MB
        Both:  9.64 MB

MaxMetaspaceSize: 512.00 MB
CompressedClassSpaceSize: 416.00 MB
Initial GC threshold: 21.00 MB
Current GC threshold: 115.62 MB
CDS: off
 - commit_granule_bytes: 65536.
 - commit_granule_words: 8192.
 - virtual_space_node_default_size: 8388608.
 - enlarge_chunks_in_place: 1.
 - use_allocation_guard: 0.


Internal statistics:

num_allocs_failed_limit: 9.
num_arena_births: 3640.
num_arena_deaths: 0.
num_vsnodes_births: 2.
num_vsnodes_deaths: 0.
num_space_committed: 1110.
num_space_uncommitted: 0.
num_chunks_returned_to_freelist: 9.
num_chunks_taken_from_freelist: 6675.
num_chunk_merges: 3.
num_chunk_splits: 4245.
num_chunks_enlarged: 2510.
num_inconsistent_stats: 0.

CodeHeap 'non-profiled nmethods': size=120000Kb used=4420Kb max_used=5113Kb free=115579Kb
 bounds [0x000002035dda0000, 0x000002035e2a0000, 0x00000203652d0000]
CodeHeap 'profiled nmethods': size=120000Kb used=14950Kb max_used=15623Kb free=105049Kb
 bounds [0x00000203562d0000, 0x0000020357220000, 0x000002035d800000]
CodeHeap 'non-nmethods': size=5760Kb used=1882Kb max_used=1941Kb free=3877Kb
 bounds [0x000002035d800000, 0x000002035da70000, 0x000002035dda0000]
CodeCache: size=245760Kb, used=21252Kb, max_used=22677Kb, free=224505Kb
 total_blobs=8578, nmethods=7811, adapters=671, full_count=0
Compilation: enabled, stopped_count=0, restarted_count=0

Compilation events (20 events):
Event: 6.283 Thread 0x000002036d69a4c0 8943       3       org.gradle.internal.execution.steps.WorkspaceResult::lambda$getOutputAs$0 (11 bytes)
Event: 6.283 Thread 0x000002036d69a4c0 nmethod 8943 0x000002035666bb90 code [0x000002035666bd40, 0x000002035666bfc8]
Event: 6.283 Thread 0x000002036d69a4c0 8944       3       java.util.stream.IntStream::range (24 bytes)
Event: 6.284 Thread 0x000002037220de80 8946       4       org.gradle.internal.time.MonotonicClock::getCurrentTime (70 bytes)
Event: 6.284 Thread 0x000002036d699e10 8947       4       jdk.internal.util.ByteArray::setLong (10 bytes)
Event: 6.284 Thread 0x000002036d69a4c0 nmethod 8944 0x000002035665a210 code [0x000002035665a400, 0x000002035665a810]
Event: 6.284 Thread 0x000002036d69a4c0 8945       3       org.gradle.internal.execution.steps.WorkspaceResult$$Lambda/0x00000008006eb0d8::apply (12 bytes)
Event: 6.284 Thread 0x000002036d69a4c0 nmethod 8945 0x000002035681b190 code [0x000002035681b360, 0x000002035681b760]
Event: 6.284 Thread 0x000002036d69a4c0 8948       3       sun.nio.ch.ChannelInputStream::close (10 bytes)
Event: 6.284 Thread 0x000002036d69a4c0 nmethod 8948 0x0000020356580910 code [0x0000020356580ac0, 0x0000020356580ca0]
Event: 6.284 Thread 0x000002036d69a4c0 8949       3       org.gradle.internal.execution.steps.AfterExecutionResult::<init> (17 bytes)
Event: 6.285 Thread 0x000002036d69a4c0 nmethod 8949 0x00000203568ec710 code [0x00000203568ec920, 0x00000203568ed2e0]
Event: 6.285 Thread 0x000002036d699e10 nmethod 8947 0x000002035deb0a90 code [0x000002035deb0c20, 0x000002035deb0d00]
Event: 6.286 Thread 0x000002036d69a4c0 8950       3       org.gradle.internal.execution.steps.UpToDateResult::<init> (29 bytes)
Event: 6.286 Thread 0x000002037220de80 nmethod 8946 0x000002035e06bf90 code [0x000002035e06c140, 0x000002035e06c3f0]
Event: 6.286 Thread 0x000002037220de80 8951       4       java.io.DataOutputStream::writeLong (30 bytes)
Event: 6.287 Thread 0x000002036d69a4c0 nmethod 8950 0x000002035676a990 code [0x000002035676ac00, 0x000002035676bc28]
Event: 6.287 Thread 0x000002036d69a4c0 8952       3       org.gradle.internal.execution.steps.BuildOperationStep::operation (20 bytes)
Event: 6.287 Thread 0x000002036d69a4c0 nmethod 8952 0x00000203564bde10 code [0x00000203564be000, 0x00000203564be5f8]
Event: 6.288 Thread 0x000002037220de80 nmethod 8951 0x000002035e07fc10 code [0x000002035e07fda0, 0x000002035e07ff00]

GC Heap History (20 events):
Event: 2.894 GC heap after
{Heap after GC invocations=7 (full 0):
 garbage-first heap   total 90112K, used 25671K [0x0000000700000000, 0x0000000800000000)
  region size 2048K, 2 young (4096K), 2 survivors (4096K)
 Metaspace       used 35356K, committed 35968K, reserved 491520K
  class space    used 4659K, committed 4928K, reserved 425984K
}
Event: 3.297 GC heap before
{Heap before GC invocations=8 (full 0):
 garbage-first heap   total 90112K, used 85063K [0x0000000700000000, 0x0000000800000000)
  region size 2048K, 24 young (49152K), 2 survivors (4096K)
 Metaspace       used 39759K, committed 40704K, reserved 491520K
  class space    used 5442K, committed 5888K, reserved 425984K
}
Event: 3.301 GC heap after
{Heap after GC invocations=9 (full 0):
 garbage-first heap   total 155648K, used 52222K [0x0000000700000000, 0x0000000800000000)
  region size 2048K, 4 young (8192K), 4 survivors (8192K)
 Metaspace       used 39759K, committed 40704K, reserved 491520K
  class space    used 5442K, committed 5888K, reserved 425984K
}
Event: 3.972 GC heap before
{Heap before GC invocations=9 (full 0):
 garbage-first heap   total 155648K, used 127998K [0x0000000700000000, 0x0000000800000000)
  region size 2048K, 41 young (83968K), 4 survivors (8192K)
 Metaspace       used 49922K, committed 51264K, reserved 491520K
  class space    used 6920K, committed 7616K, reserved 425984K
}
Event: 3.976 GC heap after
{Heap after GC invocations=10 (full 0):
 garbage-first heap   total 155648K, used 57638K [0x0000000700000000, 0x0000000800000000)
  region size 2048K, 3 young (6144K), 3 survivors (6144K)
 Metaspace       used 49922K, committed 51264K, reserved 491520K
  class space    used 6920K, committed 7616K, reserved 425984K
}
Event: 4.607 GC heap before
{Heap before GC invocations=10 (full 0):
 garbage-first heap   total 155648K, used 131366K [0x0000000700000000, 0x0000000800000000)
  region size 2048K, 38 young (77824K), 3 survivors (6144K)
 Metaspace       used 57207K, committed 58752K, reserved 491520K
  class space    used 8105K, committed 8832K, reserved 425984K
}
Event: 4.611 GC heap after
{Heap after GC invocations=11 (full 0):
 garbage-first heap   total 155648K, used 64916K [0x0000000700000000, 0x0000000800000000)
  region size 2048K, 5 young (10240K), 5 survivors (10240K)
 Metaspace       used 57207K, committed 58752K, reserved 491520K
  class space    used 8105K, committed 8832K, reserved 425984K
}
Event: 4.824 GC heap before
{Heap before GC invocations=11 (full 0):
 garbage-first heap   total 155648K, used 93588K [0x0000000700000000, 0x0000000800000000)
  region size 2048K, 20 young (40960K), 5 survivors (10240K)
 Metaspace       used 58496K, committed 60096K, reserved 491520K
  class space    used 8251K, committed 9024K, reserved 425984K
}
Event: 4.828 GC heap after
{Heap after GC invocations=12 (full 0):
 garbage-first heap   total 155648K, used 68167K [0x0000000700000000, 0x0000000800000000)
  region size 2048K, 5 young (10240K), 5 survivors (10240K)
 Metaspace       used 58496K, committed 60096K, reserved 491520K
  class space    used 8251K, committed 9024K, reserved 425984K
}
Event: 5.373 GC heap before
{Heap before GC invocations=13 (full 0):
 garbage-first heap   total 155648K, used 133703K [0x0000000700000000, 0x0000000800000000)
  region size 2048K, 37 young (75776K), 5 survivors (10240K)
 Metaspace       used 65065K, committed 66880K, reserved 491520K
  class space    used 9303K, committed 10176K, reserved 425984K
}
Event: 5.378 GC heap after
{Heap after GC invocations=14 (full 0):
 garbage-first heap   total 155648K, used 73500K [0x0000000700000000, 0x0000000800000000)
  region size 2048K, 5 young (10240K), 5 survivors (10240K)
 Metaspace       used 65065K, committed 66880K, reserved 491520K
  class space    used 9303K, committed 10176K, reserved 425984K
}
Event: 5.867 GC heap before
{Heap before GC invocations=14 (full 0):
 garbage-first heap   total 155648K, used 134940K [0x0000000700000000, 0x0000000800000000)
  region size 2048K, 35 young (71680K), 5 survivors (10240K)
 Metaspace       used 68715K, committed 70656K, reserved 491520K
  class space    used 9823K, committed 10752K, reserved 425984K
}
Event: 5.873 GC heap after
{Heap after GC invocations=15 (full 0):
 garbage-first heap   total 155648K, used 78179K [0x0000000700000000, 0x0000000800000000)
  region size 2048K, 5 young (10240K), 5 survivors (10240K)
 Metaspace       used 68715K, committed 70656K, reserved 491520K
  class space    used 9823K, committed 10752K, reserved 425984K
}
Event: 6.019 GC heap before
{Heap before GC invocations=15 (full 0):
 garbage-first heap   total 155648K, used 135523K [0x0000000700000000, 0x0000000800000000)
  region size 2048K, 34 young (69632K), 5 survivors (10240K)
 Metaspace       used 68968K, committed 70912K, reserved 491520K
  class space    used 9823K, committed 10752K, reserved 425984K
}
Event: 6.024 GC heap after
{Heap after GC invocations=16 (full 0):
 garbage-first heap   total 155648K, used 80416K [0x0000000700000000, 0x0000000800000000)
  region size 2048K, 4 young (8192K), 4 survivors (8192K)
 Metaspace       used 68968K, committed 70912K, reserved 491520K
  class space    used 9823K, committed 10752K, reserved 425984K
}
Event: 6.128 GC heap before
{Heap before GC invocations=16 (full 0):
 garbage-first heap   total 155648K, used 139808K [0x0000000700000000, 0x0000000800000000)
  region size 2048K, 33 young (67584K), 4 survivors (8192K)
 Metaspace       used 69087K, committed 70976K, reserved 491520K
  class space    used 9823K, committed 10752K, reserved 425984K
}
Event: 6.131 GC heap after
{Heap after GC invocations=17 (full 0):
 garbage-first heap   total 155648K, used 81439K [0x0000000700000000, 0x0000000800000000)
  region size 2048K, 2 young (4096K), 2 survivors (4096K)
 Metaspace       used 69087K, committed 70976K, reserved 491520K
  class space    used 9823K, committed 10752K, reserved 425984K
}
Event: 6.228 GC heap before
{Heap before GC invocations=18 (full 0):
 garbage-first heap   total 155648K, used 140831K [0x0000000700000000, 0x0000000800000000)
  region size 2048K, 31 young (63488K), 2 survivors (4096K)
 Metaspace       used 69146K, committed 71040K, reserved 491520K
  class space    used 9823K, committed 10752K, reserved 425984K
}
Event: 6.230 GC heap after
{Heap after GC invocations=19 (full 0):
 garbage-first heap   total 155648K, used 81605K [0x0000000700000000, 0x0000000800000000)
  region size 2048K, 2 young (4096K), 2 survivors (4096K)
 Metaspace       used 69146K, committed 71040K, reserved 491520K
  class space    used 9823K, committed 10752K, reserved 425984K
}
Event: 6.293 GC heap before
{Heap before GC invocations=19 (full 0):
 garbage-first heap   total 155648K, used 140997K [0x0000000700000000, 0x0000000800000000)
  region size 2048K, 32 young (65536K), 2 survivors (4096K)
 Metaspace       used 69173K, committed 71040K, reserved 491520K
  class space    used 9824K, committed 10752K, reserved 425984K
}

Dll operation events (3 events):
Event: 0.010 Loaded shared library C:\Program Files\Android\Android Studio\jbr\bin\java.dll
Event: 0.014 Loaded shared library C:\Program Files\Android\Android Studio\jbr\bin\zip.dll
Event: 0.898 Loaded shared library C:\Program Files\Android\Android Studio\jbr\bin\verify.dll

Deoptimization events (20 events):
Event: 6.175 Thread 0x000002037729aec0 DEOPT PACKING pc=0x000002035e194a9c sp=0x0000007850afdfd0
Event: 6.175 Thread 0x000002037729aec0 DEOPT UNPACKING pc=0x000002035d854422 sp=0x0000007850afdf28 mode 2
Event: 6.175 Thread 0x00000203772952e0 Uncommon trap: trap_request=0xffffffde fr.pc=0x000002035e194a9c relative=0x00000000000002dc
Event: 6.175 Thread 0x00000203772952e0 Uncommon trap: reason=class_check action=maybe_recompile pc=0x000002035e194a9c method=java.util.concurrent.ConcurrentHashMap.get(Ljava/lang/Object;)Ljava/lang/Object; @ 93 c2
Event: 6.175 Thread 0x000002037729aec0 Uncommon trap: trap_request=0xffffff45 fr.pc=0x000002035e144c5c relative=0x000000000000113c
Event: 6.175 Thread 0x00000203772952e0 DEOPT PACKING pc=0x000002035e194a9c sp=0x00000078509fd890
Event: 6.175 Thread 0x000002037729aec0 Uncommon trap: reason=unstable_if action=reinterpret pc=0x000002035e144c5c method=java.util.concurrent.ConcurrentHashMap.computeIfAbsent(Ljava/lang/Object;Ljava/util/function/Function;)Ljava/lang/Object; @ 199 c2
Event: 6.175 Thread 0x0000020377297a40 Uncommon trap: trap_request=0xffffff45 fr.pc=0x000002035e248064 relative=0x00000000000013c4
Event: 6.175 Thread 0x000002037729aec0 DEOPT PACKING pc=0x000002035e144c5c sp=0x0000007850afe0c0
Event: 6.175 Thread 0x0000020377297a40 Uncommon trap: reason=unstable_if action=reinterpret pc=0x000002035e248064 method=java.util.concurrent.ConcurrentHashMap.transfer([Ljava/util/concurrent/ConcurrentHashMap$Node;[Ljava/util/concurrent/ConcurrentHashMap$Node;)V @ 347 c2
Event: 6.175 Thread 0x00000203772952e0 DEOPT UNPACKING pc=0x000002035d854422 sp=0x00000078509fd7e8 mode 2
Event: 6.175 Thread 0x000002037729aec0 DEOPT UNPACKING pc=0x000002035d854422 sp=0x0000007850afe040 mode 2
Event: 6.175 Thread 0x0000020377297a40 DEOPT PACKING pc=0x000002035e248064 sp=0x00000078508fdce0
Event: 6.175 Thread 0x0000020377297a40 DEOPT UNPACKING pc=0x000002035d854422 sp=0x00000078508fdc70 mode 2
Event: 6.175 Thread 0x0000020373f5e8e0 Uncommon trap: trap_request=0xffffffde fr.pc=0x000002035e194a9c relative=0x00000000000002dc
Event: 6.175 Thread 0x0000020373f5e8e0 Uncommon trap: reason=class_check action=maybe_recompile pc=0x000002035e194a9c method=java.util.concurrent.ConcurrentHashMap.get(Ljava/lang/Object;)Ljava/lang/Object; @ 93 c2
Event: 6.175 Thread 0x0000020373f5e8e0 DEOPT PACKING pc=0x000002035e194a9c sp=0x000000784ddf59c0
Event: 6.175 Thread 0x0000020373f5e8e0 DEOPT UNPACKING pc=0x000002035d854422 sp=0x000000784ddf5918 mode 2
Event: 6.241 Thread 0x0000020373f5e8e0 DEOPT PACKING pc=0x00000203570ceaf5 sp=0x000000784ddf47e0
Event: 6.241 Thread 0x0000020373f5e8e0 DEOPT UNPACKING pc=0x000002035d854bc2 sp=0x000000784ddf3ca0 mode 0

Classes loaded (20 events):
Event: 5.401 Loading class java/lang/invoke/SerializedLambda$1
Event: 5.401 Loading class java/lang/invoke/SerializedLambda$1 done
Event: 5.411 Loading class org/xml/sax/Locator
Event: 5.411 Loading class org/xml/sax/Locator done
Event: 5.411 Loading class org/xml/sax/SAXParseException
Event: 5.411 Loading class org/xml/sax/SAXParseException done
Event: 5.413 Loading class org/xml/sax/Attributes
Event: 5.413 Loading class org/xml/sax/Attributes done
Event: 5.420 Loading class java/util/DualPivotQuicksort
Event: 5.421 Loading class java/util/DualPivotQuicksort done
Event: 5.455 Loading class java/util/function/LongUnaryOperator
Event: 5.455 Loading class java/util/function/LongUnaryOperator done
Event: 5.462 Loading class java/util/TreeMap$KeySpliterator
Event: 5.462 Loading class java/util/TreeMap$TreeMapSpliterator
Event: 5.462 Loading class java/util/TreeMap$TreeMapSpliterator done
Event: 5.462 Loading class java/util/TreeMap$KeySpliterator done
Event: 5.739 Loading class java/util/Collections$ReverseComparator
Event: 5.739 Loading class java/util/Collections$ReverseComparator done
Event: 5.739 Loading class java/util/Collections$ReverseComparator2
Event: 5.739 Loading class java/util/Collections$ReverseComparator2 done

Classes unloaded (0 events):
No events

Classes redefined (0 events):
No events

Internal exceptions (20 events):
Event: 6.279 Thread 0x000002037729aec0 Exception <a 'sun/nio/fs/WindowsException'{0x0000000705e03708}> (0x0000000705e03708) 
thrown [s\src\hotspot\share\prims\jni.cpp, line 537]
Event: 6.279 Thread 0x0000020373f5e8e0 Exception <a 'sun/nio/fs/WindowsException'{0x0000000705e79b38}> (0x0000000705e79b38) 
thrown [s\src\hotspot\share\prims\jni.cpp, line 537]
Event: 6.280 Thread 0x0000020377297a40 Exception <a 'sun/nio/fs/WindowsException'{0x0000000705fb98a8}> (0x0000000705fb98a8) 
thrown [s\src\hotspot\share\prims\jni.cpp, line 537]
Event: 6.280 Thread 0x00000203772952e0 Exception <a 'sun/nio/fs/WindowsException'{0x0000000705fd1a88}> (0x0000000705fd1a88) 
thrown [s\src\hotspot\share\prims\jni.cpp, line 537]
Event: 6.281 Thread 0x000002037729aec0 Exception <a 'sun/nio/fs/WindowsException'{0x0000000705ca6720}> (0x0000000705ca6720) 
thrown [s\src\hotspot\share\prims\jni.cpp, line 537]
Event: 6.282 Thread 0x0000020373f5e8e0 Exception <a 'sun/nio/fs/WindowsException'{0x0000000705da7b30}> (0x0000000705da7b30) 
thrown [s\src\hotspot\share\prims\jni.cpp, line 537]
Event: 6.282 Thread 0x0000020377297a40 Exception <a 'sun/nio/fs/WindowsException'{0x0000000705aa52f0}> (0x0000000705aa52f0) 
thrown [s\src\hotspot\share\prims\jni.cpp, line 537]
Event: 6.283 Thread 0x00000203772952e0 Exception <a 'sun/nio/fs/WindowsException'{0x0000000705b27e68}> (0x0000000705b27e68) 
thrown [s\src\hotspot\share\prims\jni.cpp, line 537]
Event: 6.285 Thread 0x000002037729aec0 Exception <a 'sun/nio/fs/WindowsException'{0x00000007058fad38}> (0x00000007058fad38) 
thrown [s\src\hotspot\share\prims\jni.cpp, line 537]
Event: 6.285 Thread 0x0000020377297a40 Exception <a 'sun/nio/fs/WindowsException'{0x0000000705939f98}> (0x0000000705939f98) 
thrown [s\src\hotspot\share\prims\jni.cpp, line 537]
Event: 6.285 Thread 0x0000020373f5e8e0 Exception <a 'sun/nio/fs/WindowsException'{0x00000007058ca400}> (0x00000007058ca400) 
thrown [s\src\hotspot\share\prims\jni.cpp, line 537]
Event: 6.286 Thread 0x00000203772952e0 Exception <a 'sun/nio/fs/WindowsException'{0x000000070561c538}> (0x000000070561c538) 
thrown [s\src\hotspot\share\prims\jni.cpp, line 537]
Event: 6.288 Thread 0x000002037729aec0 Exception <a 'sun/nio/fs/WindowsException'{0x00000007057879e8}> (0x00000007057879e8) 
thrown [s\src\hotspot\share\prims\jni.cpp, line 537]
Event: 6.288 Thread 0x0000020373f5e8e0 Exception <a 'sun/nio/fs/WindowsException'{0x00000007057ca130}> (0x00000007057ca130) 
thrown [s\src\hotspot\share\prims\jni.cpp, line 537]
Event: 6.288 Thread 0x0000020377297a40 Exception <a 'sun/nio/fs/WindowsException'{0x0000000705528da0}> (0x0000000705528da0) 
thrown [s\src\hotspot\share\prims\jni.cpp, line 537]
Event: 6.289 Thread 0x00000203772952e0 Exception <a 'sun/nio/fs/WindowsException'{0x0000000705563c50}> (0x0000000705563c50) 
thrown [s\src\hotspot\share\prims\jni.cpp, line 537]
Event: 6.291 Thread 0x000002037729aec0 Exception <a 'sun/nio/fs/WindowsException'{0x000000070532e2d0}> (0x000000070532e2d0) 
thrown [s\src\hotspot\share\prims\jni.cpp, line 537]
Event: 6.291 Thread 0x0000020373f5e8e0 Exception <a 'sun/nio/fs/WindowsException'{0x00000007052c0a98}> (0x00000007052c0a98) 
thrown [s\src\hotspot\share\prims\jni.cpp, line 537]
Event: 6.291 Thread 0x0000020377297a40 Exception <a 'sun/nio/fs/WindowsException'{0x0000000705362948}> (0x0000000705362948) 
thrown [s\src\hotspot\share\prims\jni.cpp, line 537]
Event: 6.292 Thread 0x00000203772952e0 Exception <a 'sun/nio/fs/WindowsException'{0x0000000704e7f1f0}> (0x0000000704e7f1f0) 
thrown [s\src\hotspot\share\prims\jni.cpp, line 537]

ZGC Phase Switch (0 events):
No events

VM Operations (20 events):
Event: 5.597 Executing VM operation: ICBufferFull done
Event: 5.745 Executing VM operation: ICBufferFull
Event: 5.745 Executing VM operation: ICBufferFull done
Event: 5.769 Executing VM operation: HandshakeAllThreads (Deoptimize)
Event: 5.769 Executing VM operation: HandshakeAllThreads (Deoptimize) done
Event: 5.827 Executing VM operation: ICBufferFull
Event: 5.827 Executing VM operation: ICBufferFull done
Event: 5.867 Executing VM operation: G1CollectForAllocation (G1 Evacuation Pause)
Event: 5.873 Executing VM operation: G1CollectForAllocation (G1 Evacuation Pause) done
Event: 6.019 Executing VM operation: G1CollectForAllocation (G1 Evacuation Pause)
Event: 6.024 Executing VM operation: G1CollectForAllocation (G1 Evacuation Pause) done
Event: 6.128 Executing VM operation: G1CollectForAllocation (G1 Evacuation Pause)
Event: 6.131 Executing VM operation: G1CollectForAllocation (G1 Evacuation Pause) done
Event: 6.155 Executing VM operation: G1PauseRemark
Event: 6.157 Executing VM operation: G1PauseRemark done
Event: 6.170 Executing VM operation: G1PauseCleanup
Event: 6.170 Executing VM operation: G1PauseCleanup done
Event: 6.228 Executing VM operation: G1CollectForAllocation (G1 Evacuation Pause)
Event: 6.230 Executing VM operation: G1CollectForAllocation (G1 Evacuation Pause) done
Event: 6.293 Executing VM operation: G1CollectForAllocation (G1 Evacuation Pause)

Memory protections (0 events):
No events

Nmethod flushes (20 events):
Event: 6.157 Thread 0x000002036d5eb860 flushing  nmethod 0x000002035683a410
Event: 6.157 Thread 0x000002036d5eb860 flushing  nmethod 0x000002035683a910
Event: 6.157 Thread 0x000002036d5eb860 flushing  nmethod 0x000002035683b490
Event: 6.157 Thread 0x000002036d5eb860 flushing  nmethod 0x000002035683d910
Event: 6.157 Thread 0x000002036d5eb860 flushing  nmethod 0x000002035683e790
Event: 6.157 Thread 0x000002036d5eb860 flushing  nmethod 0x000002035683f790
Event: 6.157 Thread 0x000002036d5eb860 flushing  nmethod 0x0000020356848790
Event: 6.157 Thread 0x000002036d5eb860 flushing  nmethod 0x0000020356848b90
Event: 6.157 Thread 0x000002036d5eb860 flushing  nmethod 0x00000203568b8290
Event: 6.157 Thread 0x000002036d5eb860 flushing  nmethod 0x00000203568ff110
Event: 6.157 Thread 0x000002036d5eb860 flushing  nmethod 0x0000020356967f90
Event: 6.157 Thread 0x000002036d5eb860 flushing  nmethod 0x0000020356969790
Event: 6.157 Thread 0x000002036d5eb860 flushing  nmethod 0x000002035696a590
Event: 6.157 Thread 0x000002036d5eb860 flushing  nmethod 0x000002035696c490
Event: 6.157 Thread 0x000002036d5eb860 flushing  nmethod 0x0000020356a5c990
Event: 6.157 Thread 0x000002036d5eb860 flushing  nmethod 0x0000020356a5df90
Event: 6.157 Thread 0x000002036d5eb860 flushing  nmethod 0x0000020356acb710
Event: 6.157 Thread 0x000002036d5eb860 flushing  nmethod 0x0000020356ace190
Event: 6.157 Thread 0x000002036d5eb860 flushing  nmethod 0x0000020356ad1310
Event: 6.157 Thread 0x000002036d5eb860 flushing  nmethod 0x0000020356b1af90

Events (20 events):
Event: 3.651 Thread 0x0000020373f5e8e0 Thread added: 0x00000203748acf80
Event: 4.441 Thread 0x0000020373f5e8e0 Thread added: 0x00000203748b1e40
Event: 4.442 Thread 0x0000020373f5e8e0 Thread added: 0x00000203748ae9c0
Event: 4.466 Thread 0x0000020373f5e8e0 Thread added: 0x00000203748b24d0
Event: 4.466 Thread 0x0000020373f5e8e0 Thread added: 0x00000203748b0400
Event: 4.573 Thread 0x0000020373f5e8e0 Thread added: 0x00000203748af050
Event: 4.574 Thread 0x0000020373f5e8e0 Thread added: 0x00000203748b2b60
Event: 4.574 Thread 0x0000020373f5e8e0 Thread added: 0x00000203748b0a90
Event: 4.591 Thread 0x0000020373f5e8e0 Thread added: 0x0000020377294c50
Event: 4.592 Thread 0x0000020373f5e8e0 Thread added: 0x0000020377293f30
Event: 4.592 Thread 0x0000020373f5e8e0 Thread added: 0x0000020377296690
Event: 5.796 Thread 0x0000020373f5e8e0 Thread added: 0x00000203772973b0
Event: 5.796 Thread 0x0000020373f5e8e0 Thread added: 0x0000020377295970
Event: 5.796 Thread 0x0000020373f5e8e0 Thread added: 0x00000203772945c0
Event: 5.828 Thread 0x0000020373f5e8e0 Thread added: 0x00000203772980d0
Event: 5.829 Thread 0x0000020373f5e8e0 Thread added: 0x0000020377298760
Event: 5.829 Thread 0x0000020373f5e8e0 Thread added: 0x0000020377298df0
Event: 5.971 Thread 0x0000020373f5e8e0 Thread added: 0x0000020377297a40
Event: 5.972 Thread 0x0000020373f5e8e0 Thread added: 0x00000203772952e0
Event: 5.972 Thread 0x0000020373f5e8e0 Thread added: 0x000002037729aec0


Dynamic libraries:
0x00007ff6c61c0000 - 0x00007ff6c61ca000 	C:\Program Files\Android\Android Studio\jbr\bin\java.exe
0x00007ff9e6ea0000 - 0x00007ff9e7108000 	C:\WINDOWS\SYSTEM32\ntdll.dll
0x00007ff9e6510000 - 0x00007ff9e65d9000 	C:\WINDOWS\System32\KERNEL32.DLL
0x00007ff9e4630000 - 0x00007ff9e4a21000 	C:\WINDOWS\System32\KERNELBASE.dll
0x00007ff9e44e0000 - 0x00007ff9e462b000 	C:\WINDOWS\System32\ucrtbase.dll
0x00007ff9dec40000 - 0x00007ff9dec58000 	C:\Program Files\Android\Android Studio\jbr\bin\jli.dll
0x00007ff9dda00000 - 0x00007ff9dda1b000 	C:\Program Files\Android\Android Studio\jbr\bin\VCRUNTIME140.dll
0x00007ff9e59e0000 - 0x00007ff9e5ba6000 	C:\WINDOWS\System32\USER32.dll
0x00007ff9e3a60000 - 0x00007ff9e3a87000 	C:\WINDOWS\System32\win32u.dll
0x00007ff9cab60000 - 0x00007ff9cadf3000 	C:\WINDOWS\WinSxS\amd64_microsoft.windows.common-controls_6595b64144ccf1df_6.0.26100.7824_none_3e0870b2e3345462\COMCTL32.dll
0x00007ff9e66a0000 - 0x00007ff9e66cb000 	C:\WINDOWS\System32\GDI32.dll
0x00007ff9e3b40000 - 0x00007ff9e3c6b000 	C:\WINDOWS\System32\gdi32full.dll
0x00007ff9e5bb0000 - 0x00007ff9e5c59000 	C:\WINDOWS\System32\msvcrt.dll
0x00007ff9e3a90000 - 0x00007ff9e3b33000 	C:\WINDOWS\System32\msvcp_win.dll
0x00007ff9e6370000 - 0x00007ff9e63a1000 	C:\WINDOWS\System32\IMM32.DLL
0x00007ff9dd9c0000 - 0x00007ff9dd9cc000 	C:\Program Files\Android\Android Studio\jbr\bin\vcruntime140_1.dll
0x00007ff9ddab0000 - 0x00007ff9ddb3d000 	C:\Program Files\Android\Android Studio\jbr\bin\msvcp140.dll
0x00007ff9266d0000 - 0x00007ff927366000 	C:\Program Files\Android\Android Studio\jbr\bin\server\jvm.dll
0x00007ff9e61b0000 - 0x00007ff9e6264000 	C:\WINDOWS\System32\ADVAPI32.dll
0x00007ff9e65f0000 - 0x00007ff9e6696000 	C:\WINDOWS\System32\sechost.dll
0x00007ff9e6960000 - 0x00007ff9e6a78000 	C:\WINDOWS\System32\RPCRT4.dll
0x00007ff9e6270000 - 0x00007ff9e62e4000 	C:\WINDOWS\System32\WS2_32.dll
0x00007ff9e3370000 - 0x00007ff9e33ce000 	C:\WINDOWS\SYSTEM32\POWRPROF.dll
0x00007ff9d6420000 - 0x00007ff9d6455000 	C:\WINDOWS\SYSTEM32\WINMM.dll
0x00007ff9dcd10000 - 0x00007ff9dcd1b000 	C:\WINDOWS\SYSTEM32\VERSION.dll
0x00007ff9e3190000 - 0x00007ff9e31a4000 	C:\WINDOWS\SYSTEM32\UMPDC.dll
0x00007ff9e2520000 - 0x00007ff9e253b000 	C:\WINDOWS\SYSTEM32\kernel.appcore.dll
0x00007ff9dd2f0000 - 0x00007ff9dd2fa000 	C:\Program Files\Android\Android Studio\jbr\bin\jimage.dll
0x00007ff9e1470000 - 0x00007ff9e16b2000 	C:\WINDOWS\SYSTEM32\DBGHELP.DLL
0x00007ff9e5c60000 - 0x00007ff9e5fe6000 	C:\WINDOWS\System32\combase.dll
0x00007ff9e63b0000 - 0x00007ff9e6487000 	C:\WINDOWS\System32\OLEAUT32.dll
0x00007ff9b2b50000 - 0x00007ff9b2b8b000 	C:\WINDOWS\SYSTEM32\dbgcore.DLL
0x00007ff9e39b0000 - 0x00007ff9e3a55000 	C:\WINDOWS\System32\bcryptPrimitives.dll
0x00007ff9ddf40000 - 0x00007ff9ddf4e000 	C:\Program Files\Android\Android Studio\jbr\bin\instrument.dll
0x00007ff9d72f0000 - 0x00007ff9d7310000 	C:\Program Files\Android\Android Studio\jbr\bin\java.dll
0x00007ff9d72d0000 - 0x00007ff9d72e8000 	C:\Program Files\Android\Android Studio\jbr\bin\zip.dll
0x00007ff9e5210000 - 0x00007ff9e5962000 	C:\WINDOWS\System32\SHELL32.dll
0x00007ff9e3840000 - 0x00007ff9e39aa000 	C:\WINDOWS\System32\wintypes.dll
0x00007ff9e3c70000 - 0x00007ff9e44d3000 	C:\WINDOWS\System32\windows.storage.dll
0x00007ff9e60b0000 - 0x00007ff9e61a6000 	C:\WINDOWS\System32\SHCORE.dll
0x00007ff9e5970000 - 0x00007ff9e59d7000 	C:\WINDOWS\System32\shlwapi.dll
0x00007ff9e36a0000 - 0x00007ff9e36c9000 	C:\WINDOWS\SYSTEM32\profapi.dll
0x00007ff9dd2d0000 - 0x00007ff9dd2e0000 	C:\Program Files\Android\Android Studio\jbr\bin\net.dll
0x00007ff9dca60000 - 0x00007ff9dcb87000 	C:\WINDOWS\SYSTEM32\WINHTTP.dll
0x00007ff9e2a90000 - 0x00007ff9e2afb000 	C:\WINDOWS\system32\mswsock.dll
0x00007ff9d72b0000 - 0x00007ff9d72c6000 	C:\Program Files\Android\Android Studio\jbr\bin\nio.dll
0x00007ff9c57e0000 - 0x00007ff9c57f0000 	C:\Program Files\Android\Android Studio\jbr\bin\verify.dll
0x00007ff9e0860000 - 0x00007ff9e0887000 	C:\Users\ACER\.gradle\native\660c5614fbf4a5f2a75b1949f50a0caf5cd603558e7d8a26e50b933a0cfb79d1\windows-amd64\native-platform.dll
0x00007ff9dc5d0000 - 0x00007ff9dc647000 	C:\Users\ACER\.gradle\native\0.2.8\x86_64-windows-gnu\gradle-fileevents.dll
0x00007ff9d71b0000 - 0x00007ff9d71b9000 	C:\Program Files\Android\Android Studio\jbr\bin\management.dll
0x00007ff9d71a0000 - 0x00007ff9d71ab000 	C:\Program Files\Android\Android Studio\jbr\bin\management_ext.dll
0x00007ff9e65e0000 - 0x00007ff9e65e8000 	C:\WINDOWS\System32\PSAPI.DLL
0x00007ff9e1f00000 - 0x00007ff9e1f34000 	C:\WINDOWS\SYSTEM32\IPHLPAPI.DLL
0x00007ff9e6490000 - 0x00007ff9e649a000 	C:\WINDOWS\System32\NSI.dll
0x00007ff9d71c0000 - 0x00007ff9d71c9000 	C:\Program Files\Android\Android Studio\jbr\bin\extnet.dll
0x00007ff9e2d60000 - 0x00007ff9e2d7b000 	C:\WINDOWS\SYSTEM32\CRYPTSP.dll
0x00007ff9e2480000 - 0x00007ff9e24b9000 	C:\WINDOWS\system32\rsaenh.dll
0x00007ff9e2b40000 - 0x00007ff9e2b6b000 	C:\WINDOWS\SYSTEM32\USERENV.dll
0x00007ff9e3670000 - 0x00007ff9e369a000 	C:\WINDOWS\SYSTEM32\bcrypt.dll
0x00007ff9e2d80000 - 0x00007ff9e2d8c000 	C:\WINDOWS\SYSTEM32\CRYPTBASE.dll
0x00007ff9b8940000 - 0x00007ff9b8948000 	C:\WINDOWS\system32\wshunix.dll

JVMTI agents:
C:\Users\ACER\.gradle\wrapper\dists\gradle-9.2.1-bin\2t0n5ozlw9xmuyvbp7dnzaxug\gradle-9.2.1\lib\agents\gradle-instrumentation-agent-9.2.1.jar path:C:\Program Files\Android\Android Studio\jbr\bin\instrument.dll, loaded, initialized, instrumentlib options:none

dbghelp: loaded successfully - version: 4.0.5 - missing functions: none
symbol engine: initialized successfully - sym options: 0x614 - pdb path: .;C:\Program Files\Android\Android Studio\jbr\bin;C:\WINDOWS\SYSTEM32;C:\WINDOWS\WinSxS\amd64_microsoft.windows.common-controls_6595b64144ccf1df_6.0.26100.7824_none_3e0870b2e3345462;C:\Program Files\Android\Android Studio\jbr\bin\server;C:\Users\ACER\.gradle\native\660c5614fbf4a5f2a75b1949f50a0caf5cd603558e7d8a26e50b933a0cfb79d1\windows-amd64;C:\Users\ACER\.gradle\native\0.2.8\x86_64-windows-gnu

VM Arguments:
jvm_args: --add-opens=java.base/java.lang=ALL-UNNAMED --add-opens=java.base/java.lang.invoke=ALL-UNNAMED --add-opens=java.base/java.util=ALL-UNNAMED --add-opens=java.prefs/java.util.prefs=ALL-UNNAMED --add-exports=jdk.compiler/com.sun.tools.javac.api=ALL-UNNAMED --add-exports=jdk.compiler/com.sun.tools.javac.util=ALL-UNNAMED --add-opens=java.base/java.util=ALL-UNNAMED --add-opens=java.prefs/java.util.prefs=ALL-UNNAMED --add-opens=java.base/java.nio.charset=ALL-UNNAMED --add-opens=java.base/java.net=ALL-UNNAMED --add-opens=java.base/java.util.concurrent=ALL-UNNAMED --add-opens=java.base/java.util.concurrent.atomic=ALL-UNNAMED --add-opens=java.xml/javax.xml.namespace=ALL-UNNAMED --add-opens=java.base/java.time=ALL-UNNAMED -XX:MaxMetaspaceSize=512m -Xmx4g -Dfile.encoding=UTF-8 -Duser.country=US -Duser.language=en -Duser.variant -javaagent:C:\Users\ACER\.gradle\wrapper\dists\gradle-9.2.1-bin\2t0n5ozlw9xmuyvbp7dnzaxug\gradle-9.2.1\lib\agents\gradle-instrumentation-agent-9.2.1.jar 
java_command: org.gradle.launcher.daemon.bootstrap.GradleDaemon 9.2.1
java_class_path (initial): C:\Users\ACER\.gradle\wrapper\dists\gradle-9.2.1-bin\2t0n5ozlw9xmuyvbp7dnzaxug\gradle-9.2.1\lib\gradle-daemon-main-9.2.1.jar
Launcher Type: SUN_STANDARD

[Global flags]
     intx CICompilerCount                          = 4                                         {product} {ergonomic}
   size_t CompressedClassSpaceSize                 = 436207616                                 {product} {ergonomic}
     uint ConcGCThreads                            = 3                                         {product} {ergonomic}
     uint G1ConcRefinementThreads                  = 10                                        {product} {ergonomic}
   size_t G1HeapRegionSize                         = 2097152                                   {product} {ergonomic}
    uintx GCDrainStackTargetSize                   = 64                                        {product} {ergonomic}
   size_t InitialHeapSize                          = 264241152                                 {product} {ergonomic}
   size_t MarkStackSize                            = 4194304                                   {product} {ergonomic}
   size_t MaxHeapSize                              = 4294967296                                {product} {command line}
   size_t MaxMetaspaceSize                         = 536870912                                 {product} {command line}
   size_t MaxNewSize                               = 2575302656                                {product} {ergonomic}
   size_t MinHeapDeltaBytes                        = 2097152                                   {product} {ergonomic}
   size_t MinHeapSize                              = 8388608                                   {product} {ergonomic}
    uintx NonNMethodCodeHeapSize                   = 5839372                                {pd product} {ergonomic}
    uintx NonProfiledCodeHeapSize                  = 122909434                              {pd product} {ergonomic}
    uintx ProfiledCodeHeapSize                     = 122909434                              {pd product} {ergonomic}
    uintx ReservedCodeCacheSize                    = 251658240                              {pd product} {ergonomic}
     bool SegmentedCodeCache                       = true                                      {product} {ergonomic}
   size_t SoftMaxHeapSize                          = 4294967296                             {manageable} {ergonomic}
     bool UseCompressedOops                        = true                           {product lp64_product} {ergonomic}
     bool UseG1GC                                  = true                                      {product} {ergonomic}
     bool UseLargePagesIndividualAllocation        = false                                  {pd product} {ergonomic}

Logging:
Log output configuration:
 #0: stdout all=warning uptime,level,tags foldmultilines=false
 #1: stderr all=off uptime,level,tags foldmultilines=false

Release file:
JAVA_VERSION="21.0.9" 
MODULES="java.base java.compiler java.datatransfer java.xml java.prefs java.desktop java.instrument java.logging java.management java.security.sasl java.naming java.rmi java.management.rmi java.net.http java.scripting java.security.jgss java.transaction.xa java.sql java.sql.rowset java.xml.crypto java.se java.smartcardio jdk.accessibility jdk.internal.jvmstat jdk.attach jdk.charsets jdk.internal.opt jdk.zipfs jdk.compiler jdk.crypto.ec jdk.crypto.cryptoki jdk.dynalink jdk.hotspot.agent jdk.httpserver jdk.internal.ed jdk.internal.le jdk.internal.vm.ci jdk.jartool jdk.javadoc jdk.jcmd jdk.jdeps jdk.jdwp.agent jdk.jdi jdk.jfr jdk.jlink jdk.jsobject jdk.localedata jdk.management jdk.management.agent jdk.management.jfr jdk.naming.dns jdk.naming.rmi jdk.net jdk.sctp jdk.security.auth jdk.security.jgss jdk.unsupported jdk.unsupported.desktop jdk.xml.dom" 
IMPLEMENTOR="JetBrains s.r.o." 
JAVA_RUNTIME_VERSION="21.0.9+-14649483-b1163.86" 
LIBC="default" 
OS_ARCH="x86_64" 
OS_NAME="Windows" 
SOURCE=".:git:554d0c326095" 

Environment Variables:
JAVA_HOME=C:\Program Files\Java\jdk-25.0.1\bin
PATH=C:\Program Files\Common Files\Oracle\Java\javapath;C:\WINDOWS\system32;C:\WINDOWS;C:\WINDOWS\System32\Wbem;C:\WINDOWS\System32\WindowsPowerShell\v1.0\;C:\WINDOWS\System32\OpenSSH\;C:\Program Files\NVIDIA Corporation\NVIDIA app\NvDLISR;C:\Program Files\Java\jdk-23\bin;C:\Program Files (x86)\NVIDIA Corporation\PhysX\Common;C:\Program Files\Git\cmd;C:\Program Files\Java\jdk-25.0.1\bin\bin;C:\Users\ACER\AppData\Local\Microsoft\WindowsApps;C:\Users\ACER\AppData\Local\Programs\Microsoft VS Code\bin
USERNAME=ACER
OS=Windows_NT
PROCESSOR_IDENTIFIER=Intel64 Family 6 Model 154 Stepping 3, GenuineIntel
TMP=C:\Users\ACER\AppData\Local\Temp
TEMP=C:\Users\ACER\AppData\Local\Temp




Periodic native trim disabled

JNI global refs:
JNI global refs: 27, weak refs: 0

JNI global refs memory usage: 835, weak refs: 833

Process memory usage:
Resident Set Size: 367060K (2% of 16456184K total physical memory with 2779760K free physical memory)

OOME stack traces (most recent first):
Classloader memory used:
Loader org.gradle.internal.classloader.VisitableURLClassLoader                         : 33180K
Loader bootstrap                                                                       : 22616K
Loader org.gradle.initialization.MixInLegacyTypesClassLoader                           : 10882K
Loader org.gradle.internal.classloader.VisitableURLClassLoader                         : 986K
Loader org.gradle.internal.classloader.VisitableURLClassLoader$InstrumentingVisitableURLClassLoader: 696K
Loader jdk.internal.reflect.DelegatingClassLoader                                      : 300K
Loader jdk.internal.loader.ClassLoaders$AppClassLoader                                 : 230K
Loader org.gradle.groovy.scripts.internal.DefaultScriptCompilationHandler$ScriptClassLoader: 149K
Loader jdk.internal.loader.ClassLoaders$PlatformClassLoader                            : 130K

Classes loaded by more than one classloader:
Class org.gradle.internal.IoActions                                                   : loaded 3 times (x 71B)
Class org.gradle.api.Action                                                           : loaded 3 times (x 70B)
Class org.gradle.internal.Cast                                                        : loaded 3 times (x 71B)
Class org.gradle.api.GradleException                                                  : loaded 3 times (x 82B)
Class com.google.common.collect.UnmodifiableListIterator                              : loaded 2 times (x 95B)
Class org.gradle.internal.operations.MultipleBuildOperationFailures                   : loaded 2 times (x 95B)
Class org.gradle.internal.classloader.DefaultClassLoaderFactory                       : loaded 2 times (x 82B)
Class kotlin.collections.AbstractList$Companion                                       : loaded 2 times (x 71B)
Class org.gradle.internal.classloader.ClassLoaderVisitor                              : loaded 2 times (x 76B)
Class settings_c59gapz8lp9x1ah5934ve5s5c$_run_closure1$_closure2                      : loaded 2 times (x 139B)
Class ijInit1_a7zc6o0pmplhgsoljtqddwhxf                                               : loaded 2 times (x 171B)
Class org.gradle.api.internal.classpath.EffectiveClassPath                            : loaded 2 times (x 90B)
Class org.gradle.tooling.internal.gradle.DefaultProjectIdentifier                     : loaded 2 times (x 86B)
Class org.gradle.api.internal.DefaultClassPathProvider                                : loaded 2 times (x 76B)
Class [Lorg.gradle.api.internal.ClassPathProvider;                                    : loaded 2 times (x 69B)
Class org.gradle.api.internal.ClassPathProvider                                       : loaded 2 times (x 70B)
Class org.gradle.internal.service.UnknownServiceException                             : loaded 2 times (x 83B)
Class org.gradle.internal.classpath.TransformedClassPath                              : loaded 2 times (x 96B)
Class org.gradle.internal.classloader.InstrumentingClassLoader                        : loaded 2 times (x 70B)
Class com.google.common.collect.Iterators$ArrayItr                                    : loaded 2 times (x 97B)
Class kotlin.enums.EnumEntriesList                                                    : loaded 2 times (x 223B)
Class com.google.common.collect.UnmodifiableIterator                                  : loaded 2 times (x 80B)
Class org.gradle.internal.service.ServiceLocator                                      : loaded 2 times (x 70B)
Class com.intellij.gradle.toolingExtension.util.GradleVersionUtil                     : loaded 2 times (x 71B)
Class com.google.common.collect.Iterators$SingletonIterator                           : loaded 2 times (x 81B)
Class org.gradle.tooling.model.UnsupportedMethodException                             : loaded 2 times (x 82B)
Class com.google.common.collect.Iterators                                             : loaded 2 times (x 71B)
Class com.google.common.collect.Lists$StringAsImmutableList                           : loaded 2 times (x 207B)
Class settings_c59gapz8lp9x1ah5934ve5s5c                                              : loaded 2 times (x 171B)
Class sync_studio_tooling3924_7xw1f9c5ih6xj6jmswusa0k1y                               : loaded 2 times (x 171B)
Class org.gradle.internal.time.DefaultTimer                                           : loaded 2 times (x 80B)
Class org.gradle.internal.classloader.ClasspathUtil$1                                 : loaded 2 times (x 76B)
Class org.gradle.api.internal.classpath.DefaultModuleRegistry$DefaultModule           : loaded 2 times (x 86B)
Class com.google.common.collect.AbstractIterator                                      : loaded 2 times (x 82B)
Class com.google.common.collect.AbstractIndexedListIterator                           : loaded 2 times (x 96B)
Class org.gradle.internal.time.DefaultCountdownTimer                                  : loaded 2 times (x 88B)
Class org.gradle.tooling.internal.gradle.DefaultBuildIdentifier                       : loaded 2 times (x 79B)
Class org.gradle.api.internal.classpath.Module                                        : loaded 2 times (x 70B)
Class org.gradle.api.internal.classpath.UnknownModuleException                        : loaded 2 times (x 82B)
Class org.gradle.tooling.internal.gradle.GradleProjectIdentity                        : loaded 2 times (x 70B)
Class org.gradle.api.internal.DefaultClassPathRegistry                                : loaded 2 times (x 76B)
Class org.gradle.api.internal.ClassPathRegistry                                       : loaded 2 times (x 70B)
Class org.gradle.api.internal.classpath.ManifestUtil                                  : loaded 2 times (x 71B)
Class org.gradle.internal.classpath.ClassPath                                         : loaded 2 times (x 70B)
Class com.google.common.collect.Iterators$1                                           : loaded 2 times (x 81B)
Class org.gradle.tooling.model.Model                                                  : loaded 2 times (x 70B)
Class kotlin.UninitializedPropertyAccessException                                     : loaded 2 times (x 82B)
Class com.google.common.collect.Iterators$4                                           : loaded 2 times (x 82B)
Class org.gradle.api.internal.classpath.ModuleRegistry                                : loaded 2 times (x 70B)
Class org.gradle.internal.installation.GradleInstallation$1                           : loaded 2 times (x 75B)
Class com.google.common.collect.Iterators$5                                           : loaded 2 times (x 82B)
Class com.google.common.collect.ImmutableCollection                                   : loaded 2 times (x 125B)
Class org.gradle.api.internal.classpath.DefaultModuleRegistry                         : loaded 2 times (x 86B)
Class com.google.common.collect.Lists                                                 : loaded 2 times (x 71B)
Class com.google.common.collect.Iterators$9                                           : loaded 2 times (x 81B)
Class org.gradle.internal.time.MonotonicClock                                         : loaded 2 times (x 77B)
Class org.gradle.internal.service.ServiceLookupException                              : loaded 2 times (x 82B)
Class org.gradle.internal.classloader.ClassLoaderFactory                              : loaded 2 times (x 70B)
Class org.gradle.internal.service.CachingServiceLocator                               : loaded 2 times (x 82B)
Class sync_studio_tooling3924_7xw1f9c5ih6xj6jmswusa0k1y$_run_closure1                 : loaded 2 times (x 139B)
Class org.gradle.internal.time.TimeSource                                             : loaded 2 times (x 70B)
Class org.gradle.tooling.internal.gradle.GradleBuildIdentity                          : loaded 2 times (x 70B)
Class kotlin.enums.EnumEntries                                                        : loaded 2 times (x 70B)
Class org.gradle.internal.exceptions.ResolutionProvider                               : loaded 2 times (x 70B)
Class org.gradle.tooling.model.ProjectIdentifier                                      : loaded 2 times (x 70B)
Class org.gradle.internal.classloader.ClasspathUtil                                   : loaded 2 times (x 71B)
Class org.gradle.internal.time.TimeSource$1                                           : loaded 2 times (x 77B)
Class kotlin.jvm.internal.DefaultConstructorMarker                                    : loaded 2 times (x 71B)
Class org.gradle.api.specs.Spec                                                       : loaded 2 times (x 70B)
Class com.intellij.gradle.toolingExtension.impl.model.utilDummyModel.DummyModel       : loaded 2 times (x 70B)
Class org.gradle.internal.time.Clock                                                  : loaded 2 times (x 70B)
Class kotlin.collections.AbstractList                                                 : loaded 2 times (x 197B)
Class kotlin.collections.AbstractCollection                                           : loaded 2 times (x 117B)
Class ijInit1_a7zc6o0pmplhgsoljtqddwhxf$_run_closure1                                 : loaded 2 times (x 140B)
Class org.gradle.internal.classloader.VisitableURLClassLoader$InstrumentingVisitableURLClassLoader: loaded 2 times (x 123B)
Class org.gradle.internal.classloader.VisitableURLClassLoader$Spec                    : loaded 2 times (x 74B)
Class org.gradle.internal.classpath.DefaultClassPath                                  : loaded 2 times (x 90B)
Class org.gradle.util.internal.DefaultGradleVersion                                   : loaded 2 times (x 82B)
Class org.gradle.internal.classloader.ClassLoaderSpec                                 : loaded 2 times (x 71B)
Class org.gradle.internal.classloader.VisitableURLClassLoader                         : loaded 2 times (x 117B)
Class org.gradle.internal.classloader.ClassLoaderHierarchy                            : loaded 2 times (x 70B)
Class org.gradle.internal.classloader.FilteringClassLoader                            : loaded 2 times (x 105B)
Class org.gradle.internal.classpath.DefaultClassPath$ImmutableUniqueList$Builder      : loaded 2 times (x 75B)
Class org.gradle.internal.classpath.DefaultClassPath$ImmutableUniqueList              : loaded 2 times (x 199B)
Class org.gradle.internal.exceptions.NonGradleCauseExceptionsHolder                   : loaded 2 times (x 70B)
Class kotlin.NotImplementedError                                                      : loaded 2 times (x 82B)
Class kotlin.enums.EnumEntriesKt                                                      : loaded 2 times (x 71B)
Class org.gradle.internal.classloader.SystemClassLoaderSpec                           : loaded 2 times (x 71B)
Class org.gradle.internal.exceptions.MultiCauseException                              : loaded 2 times (x 70B)
Class org.gradle.internal.time.CountdownTimer                                         : loaded 2 times (x 70B)
Class kotlin.jvm.internal.Intrinsics                                                  : loaded 2 times (x 71B)
Class org.gradle.tooling.model.ProjectModel                                           : loaded 2 times (x 70B)
Class kotlin.KotlinNullPointerException                                               : loaded 2 times (x 83B)
Class org.gradle.internal.exceptions.DefaultMultiCauseException                       : loaded 2 times (x 95B)
Class settings_c59gapz8lp9x1ah5934ve5s5c$_run_closure1                                : loaded 2 times (x 139B)
Class com.google.common.base.Preconditions                                            : loaded 2 times (x 71B)
Class com.google.common.collect.PeekingIterator                                       : loaded 2 times (x 70B)
Class org.gradle.internal.time.Time                                                   : loaded 2 times (x 71B)
Class org.gradle.api.internal.classpath.GlobalCacheRootsProvider                      : loaded 2 times (x 70B)
Class org.gradle.tooling.model.BuildIdentifier                                        : loaded 2 times (x 70B)
Class kotlin.NoWhenBranchMatchedException                                             : loaded 2 times (x 82B)
Class org.gradle.internal.time.Timer                                                  : loaded 2 times (x 70B)
Class kotlin.jvm.internal.markers.KMappedMarker                                       : loaded 2 times (x 70B)
Class org.gradle.internal.installation.CurrentGradleInstallationLocator               : loaded 2 times (x 71B)
Class com.google.common.collect.ImmutableList                                         : loaded 2 times (x 206B)
Class org.gradle.internal.service.DefaultServiceLocator                               : loaded 2 times (x 83B)
Class org.gradle.util.GradleVersion                                                   : loaded 2 times (x 81B)
Class org.gradle.internal.installation.CurrentGradleInstallation                      : loaded 2 times (x 73B)
Class org.gradle.util.internal.GUtil                                                  : loaded 2 times (x 71B)
Class com.google.common.collect.Iterators$MergingIterator                             : loaded 2 times (x 81B)
Class org.gradle.internal.installation.GradleInstallation                             : loaded 2 times (x 75B)

---------------  S Y S T E M  ---------------

OS:
 Windows 11 , 64 bit Build 26100 (10.0.26100.7705)
OS uptime: 0 days 3:39 hours
Hyper-V role detected

CPU: total 12 (initial active 12) (6 cores per cpu, 2 threads per core) family 6 model 154 stepping 3 microcode 0x423, cx8, cmov, fxsr, ht, mmx, 3dnowpref, sse, sse2, sse3, ssse3, sse4.1, sse4.2, popcnt, lzcnt, tsc, tscinvbit, avx, avx2, aes, erms, clmul, bmi1, bmi2, adx, sha, fma, vzeroupper, clflush, clflushopt, clwb, hv, serialize, rdtscp, rdpid, fsrm, f16c, cet_ibt, cet_ss
Processor Information for processor 0
  Max Mhz: 2500, Current Mhz: 2500, Mhz Limit: 2500
Processor Information for processor 1
  Max Mhz: 2500, Current Mhz: 2500, Mhz Limit: 2500
Processor Information for processor 2
  Max Mhz: 2500, Current Mhz: 2500, Mhz Limit: 2500
Processor Information for processor 3
  Max Mhz: 2500, Current Mhz: 2500, Mhz Limit: 2500
Processor Information for processor 4
  Max Mhz: 2500, Current Mhz: 2500, Mhz Limit: 2500
Processor Information for processor 5
  Max Mhz: 2500, Current Mhz: 2500, Mhz Limit: 2500
Processor Information for processor 6
  Max Mhz: 2500, Current Mhz: 2500, Mhz Limit: 2500
Processor Information for processor 7
  Max Mhz: 2500, Current Mhz: 2500, Mhz Limit: 2500
Processor Information for processor 8
  Max Mhz: 2500, Current Mhz: 1875, Mhz Limit: 1875
Processor Information for processor 9
  Max Mhz: 2500, Current Mhz: 1500, Mhz Limit: 1875
Processor Information for processor 10
  Max Mhz: 2500, Current Mhz: 1875, Mhz Limit: 1875
Processor Information for processor 11
  Max Mhz: 2500, Current Mhz: 1500, Mhz Limit: 1875

Memory: 4k page, system-wide physical 16070M (2714M free)
TotalPageFile size 16070M (AvailPageFile size 21M)
current process WorkingSet (physical memory assigned to process): 358M, peak: 373M
current process commit charge ("private bytes"): 396M, peak: 430M

vm_info: OpenJDK 64-Bit Server VM (21.0.9+-14649483-b1163.86) for windows-amd64 JRE (21.0.9+-14649483-b1163.86), built on 2025-12-30T22:08:35Z by "builder" with MS VC++ 16.10 / 16.11 (VS2019)

END.
